[2026-07-11 12:13:52] local.ERROR: SQLSTATE[HY000] [2002] No connection could be made because the target machine actively refused it (SQL: select * from `translates`) {"exception":"[object] (Illuminate\\Database\\QueryException(code: 2002): SQLSTATE[HY000] [2002] No connection could be made because the target machine actively refused it (SQL: select * from `translates`) at D:\\AWM\\Tabkhtnaa\\BackEnd\\Tabkhtnaa\\vendor\\laravel\\framework\\src\\Illuminate\\Database\\Connection.php:760)
[stacktrace]
#0 D:\\AWM\\Tabkhtnaa\\BackEnd\\Tabkhtnaa\\vendor\\laravel\\framework\\src\\Illuminate\\Database\\Connection.php(720): Illuminate\\Database\\Connection->runQueryCallback('select * from `...', Array, Object(Closure))
#1 D:\\AWM\\Tabkhtnaa\\BackEnd\\Tabkhtnaa\\vendor\\laravel\\framework\\src\\Illuminate\\Database\\Connection.php(405): Illuminate\\Database\\Connection->run('select * from `...', Array, Object(Closure))
#2 D:\\AWM\\Tabkhtnaa\\BackEnd\\Tabkhtnaa\\vendor\\laravel\\framework\\src\\Illuminate\\Database\\Query\\Builder.php(2705): Illuminate\\Database\\Connection->select('select * from `...', Array, true)
#3 D:\\AWM\\Tabkhtnaa\\BackEnd\\Tabkhtnaa\\vendor\\laravel\\framework\\src\\Illuminate\\Database\\Query\\Builder.php(2694): Illuminate\\Database\\Query\\Builder->runSelect()
#4 D:\\AWM\\Tabkhtnaa\\BackEnd\\Tabkhtnaa\\vendor\\laravel\\framework\\src\\Illuminate\\Database\\Query\\Builder.php(3230): Illuminate\\Database\\Query\\Builder->Illuminate\\Database\\Query\\{closure}()
#5 D:\\AWM\\Tabkhtnaa\\BackEnd\\Tabkhtnaa\\vendor\\laravel\\framework\\src\\Illuminate\\Database\\Query\\Builder.php(2693): Illuminate\\Database\\Query\\Builder->onceWithColumns(Array, Object(Closure))
#6 D:\\AWM\\Tabkhtnaa\\BackEnd\\Tabkhtnaa\\vendor\\laravel\\framework\\src\\Illuminate\\Database\\Eloquent\\Builder.php(710): Illuminate\\Database\\Query\\Builder->get(Array)
#7 D:\\AWM\\Tabkhtnaa\\BackEnd\\Tabkhtnaa\\vendor\\laravel\\framework\\src\\Illuminate\\Database\\Eloquent\\Builder.php(694): Illuminate\\Database\\Eloquent\\Builder->getModels(Array)
#8 D:\\AWM\\Tabkhtnaa\\BackEnd\\Tabkhtnaa\\vendor\\laravel\\framework\\src\\Illuminate\\Database\\Eloquent\\Model.php(673): Illuminate\\Database\\Eloquent\\Builder->get(Array)
#9 D:\\AWM\\Tabkhtnaa\\BackEnd\\Tabkhtnaa\\app\\Http\\Controllers\\api\\v1\\TranslateController.php(22): Illuminate\\Database\\Eloquent\\Model::all()
#10 D:\\AWM\\Tabkhtnaa\\BackEnd\\Tabkhtnaa\\vendor\\laravel\\framework\\src\\Illuminate\\Routing\\Controller.php(54): App\\Http\\Controllers\\api\\v1\\TranslateController->getAllTranslate()
#11 D:\\AWM\\Tabkhtnaa\\BackEnd\\Tabkhtnaa\\vendor\\laravel\\framework\\src\\Illuminate\\Routing\\ControllerDispatcher.php(43): Illuminate\\Routing\\Controller->callAction('getAllTranslate', Array)
#12 D:\\AWM\\Tabkhtnaa\\BackEnd\\Tabkhtnaa\\vendor\\laravel\\framework\\src\\Illuminate\\Routing\\Route.php(259): Illuminate\\Routing\\ControllerDispatcher->dispatch(Object(Illuminate\\Routing\\Route), Object(App\\Http\\Controllers\\api\\v1\\TranslateController), 'getAllTranslate')
#13 D:\\AWM\\Tabkhtnaa\\BackEnd\\Tabkhtnaa\\vendor\\laravel\\framework\\src\\Illuminate\\Routing\\Route.php(205): Illuminate\\Routing\\Route->runController()
#14 D:\\AWM\\Tabkhtnaa\\BackEnd\\Tabkhtnaa\\vendor\\laravel\\framework\\src\\Illuminate\\Routing\\Router.php(798): Illuminate\\Routing\\Route->run()
#15 D:\\AWM\\Tabkhtnaa\\BackEnd\\Tabkhtnaa\\vendor\\laravel\\framework\\src\\Illuminate\\Pipeline\\Pipeline.php(141): Illuminate\\Routing\\Router->Illuminate\\Routing\\{closure}(Object(Illuminate\\Http\\Request))
#16 D:\\AWM\\Tabkhtnaa\\BackEnd\\Tabkhtnaa\\app\\Http\\Middleware\\setLangMiddleware.php(21): Illuminate\\Pipeline\\Pipeline->Illuminate\\Pipeline\\{closure}(Object(Illuminate\\Http\\Request))
#17 D:\\AWM\\Tabkhtnaa\\BackEnd\\Tabkhtnaa\\vendor\\laravel\\framework\\src\\Illuminate\\Pipeline\\Pipeline.php(180): App\\Http\\Middleware\\setLangMiddleware->handle(Object(Illuminate\\Http\\Request), Object(Closure))
#18 D:\\AWM\\Tabkhtnaa\\BackEnd\\Tabkhtnaa\\vendor\\laravel\\framework\\src\\Illuminate\\Routing\\Middleware\\SubstituteBindings.php(50): Illuminate\\Pipeline\\Pipeline->Illuminate\\Pipeline\\{closure}(Object(Illuminate\\Http\\Request))
#19 D:\\AWM\\Tabkhtnaa\\BackEnd\\Tabkhtnaa\\vendor\\laravel\\framework\\src\\Illuminate\\Pipeline\\Pipeline.php(180): Illuminate\\Routing\\Middleware\\SubstituteBindings->handle(Object(Illuminate\\Http\\Request), Object(Closure))
#20 D:\\AWM\\Tabkhtnaa\\BackEnd\\Tabkhtnaa\\vendor\\laravel\\framework\\src\\Illuminate\\Routing\\Middleware\\ThrottleRequests.php(126): Illuminate\\Pipeline\\Pipeline->Illuminate\\Pipeline\\{closure}(Object(Illuminate\\Http\\Request))
#21 D:\\AWM\\Tabkhtnaa\\BackEnd\\Tabkhtnaa\\vendor\\laravel\\framework\\src\\Illuminate\\Routing\\Middleware\\ThrottleRequests.php(92): Illuminate\\Routing\\Middleware\\ThrottleRequests->handleRequest(Object(Illuminate\\Http\\Request), Object(Closure), Array)
#22 D:\\AWM\\Tabkhtnaa\\BackEnd\\Tabkhtnaa\\vendor\\laravel\\framework\\src\\Illuminate\\Routing\\Middleware\\ThrottleRequests.php(54): Illuminate\\Routing\\Middleware\\ThrottleRequests->handleRequestUsingNamedLimiter(Object(Illuminate\\Http\\Request), Object(Closure), 'api', Object(Closure))
#23 D:\\AWM\\Tabkhtnaa\\BackEnd\\Tabkhtnaa\\vendor\\laravel\\framework\\src\\Illuminate\\Pipeline\\Pipeline.php(180): Illuminate\\Routing\\Middleware\\ThrottleRequests->handle(Object(Illuminate\\Http\\Request), Object(Closure), 'api')
#24 D:\\AWM\\Tabkhtnaa\\BackEnd\\Tabkhtnaa\\vendor\\laravel\\framework\\src\\Illuminate\\Pipeline\\Pipeline.php(116): Illuminate\\Pipeline\\Pipeline->Illuminate\\Pipeline\\{closure}(Object(Illuminate\\Http\\Request))
#25 D:\\AWM\\Tabkhtnaa\\BackEnd\\Tabkhtnaa\\vendor\\laravel\\framework\\src\\Illuminate\\Routing\\Router.php(797): Illuminate\\Pipeline\\Pipeline->then(Object(Closure))
#26 D:\\AWM\\Tabkhtnaa\\BackEnd\\Tabkhtnaa\\vendor\\laravel\\framework\\src\\Illuminate\\Routing\\Router.php(776): Illuminate\\Routing\\Router->runRouteWithinStack(Object(Illuminate\\Routing\\Route), Object(Illuminate\\Http\\Request))
#27 D:\\AWM\\Tabkhtnaa\\BackEnd\\Tabkhtnaa\\vendor\\laravel\\framework\\src\\Illuminate\\Routing\\Router.php(740): Illuminate\\Routing\\Router->runRoute(Object(Illuminate\\Http\\Request), Object(Illuminate\\Routing\\Route))
#28 D:\\AWM\\Tabkhtnaa\\BackEnd\\Tabkhtnaa\\vendor\\laravel\\framework\\src\\Illuminate\\Routing\\Router.php(729): Illuminate\\Routing\\Router->dispatchToRoute(Object(Illuminate\\Http\\Request))
#29 D:\\AWM\\Tabkhtnaa\\BackEnd\\Tabkhtnaa\\vendor\\laravel\\framework\\src\\Illuminate\\Foundation\\Http\\Kernel.php(190): Illuminate\\Routing\\Router->dispatch(Object(Illuminate\\Http\\Request))
#30 D:\\AWM\\Tabkhtnaa\\BackEnd\\Tabkhtnaa\\vendor\\laravel\\framework\\src\\Illuminate\\Pipeline\\Pipeline.php(141): Illuminate\\Foundation\\Http\\Kernel->Illuminate\\Foundation\\Http\\{closure}(Object(Illuminate\\Http\\Request))
#31 D:\\AWM\\Tabkhtnaa\\BackEnd\\Tabkhtnaa\\vendor\\barryvdh\\laravel-debugbar\\src\\Middleware\\InjectDebugbar.php(66): Illuminate\\Pipeline\\Pipeline->Illuminate\\Pipeline\\{closure}(Object(Illuminate\\Http\\Request))
#32 D:\\AWM\\Tabkhtnaa\\BackEnd\\Tabkhtnaa\\vendor\\laravel\\framework\\src\\Illuminate\\Pipeline\\Pipeline.php(180): Barryvdh\\Debugbar\\Middleware\\InjectDebugbar->handle(Object(Illuminate\\Http\\Request), Object(Closure))
#33 D:\\AWM\\Tabkhtnaa\\BackEnd\\Tabkhtnaa\\vendor\\laravel\\framework\\src\\Illuminate\\Foundation\\Http\\Middleware\\TransformsRequest.php(21): Illuminate\\Pipeline\\Pipeline->Illuminate\\Pipeline\\{closure}(Object(Illuminate\\Http\\Request))
#34 D:\\AWM\\Tabkhtnaa\\BackEnd\\Tabkhtnaa\\vendor\\laravel\\framework\\src\\Illuminate\\Foundation\\Http\\Middleware\\ConvertEmptyStringsToNull.php(31): Illuminate\\Foundation\\Http\\Middleware\\TransformsRequest->handle(Object(Illuminate\\Http\\Request), Object(Closure))
#35 D:\\AWM\\Tabkhtnaa\\BackEnd\\Tabkhtnaa\\vendor\\laravel\\framework\\src\\Illuminate\\Pipeline\\Pipeline.php(180): Illuminate\\Foundation\\Http\\Middleware\\ConvertEmptyStringsToNull->handle(Object(Illuminate\\Http\\Request), Object(Closure))
#36 D:\\AWM\\Tabkhtnaa\\BackEnd\\Tabkhtnaa\\vendor\\laravel\\framework\\src\\Illuminate\\Foundation\\Http\\Middleware\\TransformsRequest.php(21): Illuminate\\Pipeline\\Pipeline->Illuminate\\Pipeline\\{closure}(Object(Illuminate\\Http\\Request))
#37 D:\\AWM\\Tabkhtnaa\\BackEnd\\Tabkhtnaa\\vendor\\laravel\\framework\\src\\Illuminate\\Foundation\\Http\\Middleware\\TrimStrings.php(40): Illuminate\\Foundation\\Http\\Middleware\\TransformsRequest->handle(Object(Illuminate\\Http\\Request), Object(Closure))
#38 D:\\AWM\\Tabkhtnaa\\BackEnd\\Tabkhtnaa\\vendor\\laravel\\framework\\src\\Illuminate\\Pipeline\\Pipeline.php(180): Illuminate\\Foundation\\Http\\Middleware\\TrimStrings->handle(Object(Illuminate\\Http\\Request), Object(Closure))
#39 D:\\AWM\\Tabkhtnaa\\BackEnd\\Tabkhtnaa\\vendor\\laravel\\framework\\src\\Illuminate\\Foundation\\Http\\Middleware\\ValidatePostSize.php(27): Illuminate\\Pipeline\\Pipeline->Illuminate\\Pipeline\\{closure}(Object(Illuminate\\Http\\Request))
#40 D:\\AWM\\Tabkhtnaa\\BackEnd\\Tabkhtnaa\\vendor\\laravel\\framework\\src\\Illuminate\\Pipeline\\Pipeline.php(180): Illuminate\\Foundation\\Http\\Middleware\\ValidatePostSize->handle(Object(Illuminate\\Http\\Request), Object(Closure))
#41 D:\\AWM\\Tabkhtnaa\\BackEnd\\Tabkhtnaa\\vendor\\laravel\\framework\\src\\Illuminate\\Foundation\\Http\\Middleware\\PreventRequestsDuringMaintenance.php(86): Illuminate\\Pipeline\\Pipeline->Illuminate\\Pipeline\\{closure}(Object(Illuminate\\Http\\Request))
#42 D:\\AWM\\Tabkhtnaa\\BackEnd\\Tabkhtnaa\\vendor\\laravel\\framework\\src\\Illuminate\\Pipeline\\Pipeline.php(180): Illuminate\\Foundation\\Http\\Middleware\\PreventRequestsDuringMaintenance->handle(Object(Illuminate\\Http\\Request), Object(Closure))
#43 D:\\AWM\\Tabkhtnaa\\BackEnd\\Tabkhtnaa\\vendor\\laravel\\framework\\src\\Illuminate\\Http\\Middleware\\HandleCors.php(62): Illuminate\\Pipeline\\Pipeline->Illuminate\\Pipeline\\{closure}(Object(Illuminate\\Http\\Request))
#44 D:\\AWM\\Tabkhtnaa\\BackEnd\\Tabkhtnaa\\vendor\\laravel\\framework\\src\\Illuminate\\Pipeline\\Pipeline.php(180): Illuminate\\Http\\Middleware\\HandleCors->handle(Object(Illuminate\\Http\\Request), Object(Closure))
#45 D:\\AWM\\Tabkhtnaa\\BackEnd\\Tabkhtnaa\\vendor\\laravel\\framework\\src\\Illuminate\\Http\\Middleware\\TrustProxies.php(39): Illuminate\\Pipeline\\Pipeline->Illuminate\\Pipeline\\{closure}(Object(Illuminate\\Http\\Request))
#46 D:\\AWM\\Tabkhtnaa\\BackEnd\\Tabkhtnaa\\vendor\\laravel\\framework\\src\\Illuminate\\Pipeline\\Pipeline.php(180): Illuminate\\Http\\Middleware\\TrustProxies->handle(Object(Illuminate\\Http\\Request), Object(Closure))
#47 D:\\AWM\\Tabkhtnaa\\BackEnd\\Tabkhtnaa\\vendor\\laravel\\framework\\src\\Illuminate\\Pipeline\\Pipeline.php(116): Illuminate\\Pipeline\\Pipeline->Illuminate\\Pipeline\\{closure}(Object(Illuminate\\Http\\Request))
#48 D:\\AWM\\Tabkhtnaa\\BackEnd\\Tabkhtnaa\\vendor\\laravel\\framework\\src\\Illuminate\\Foundation\\Http\\Kernel.php(165): Illuminate\\Pipeline\\Pipeline->then(Object(Closure))
#49 D:\\AWM\\Tabkhtnaa\\BackEnd\\Tabkhtnaa\\vendor\\laravel\\framework\\src\\Illuminate\\Foundation\\Http\\Kernel.php(134): Illuminate\\Foundation\\Http\\Kernel->sendRequestThroughRouter(Object(Illuminate\\Http\\Request))
#50 D:\\AWM\\Tabkhtnaa\\BackEnd\\Tabkhtnaa\\public\\index.php(51): Illuminate\\Foundation\\Http\\Kernel->handle(Object(Illuminate\\Http\\Request))
#51 D:\\AWM\\Tabkhtnaa\\BackEnd\\Tabkhtnaa\\vendor\\laravel\\framework\\src\\Illuminate\\Foundation\\resources\\server.php(16): require_once('D:\\\\AWM\\\\Tabkhtna...')
#52 {main}

[previous exception] [object] (PDOException(code: 2002): SQLSTATE[HY000] [2002] No connection could be made because the target machine actively refused it at D:\\AWM\\Tabkhtnaa\\BackEnd\\Tabkhtnaa\\vendor\\laravel\\framework\\src\\Illuminate\\Database\\Connectors\\Connector.php:70)
[stacktrace]
#0 D:\\AWM\\Tabkhtnaa\\BackEnd\\Tabkhtnaa\\vendor\\laravel\\framework\\src\\Illuminate\\Database\\Connectors\\Connector.php(70): PDO->__construct('mysql:host=127....', 'root', Object(SensitiveParameterValue), Array)
#1 D:\\AWM\\Tabkhtnaa\\BackEnd\\Tabkhtnaa\\vendor\\laravel\\framework\\src\\Illuminate\\Database\\Connectors\\Connector.php(45): Illuminate\\Database\\Connectors\\Connector->createPdoConnection('mysql:host=127....', 'root', '', Array)
#2 D:\\AWM\\Tabkhtnaa\\BackEnd\\Tabkhtnaa\\vendor\\laravel\\framework\\src\\Illuminate\\Database\\Connectors\\MySqlConnector.php(24): Illuminate\\Database\\Connectors\\Connector->createConnection('mysql:host=127....', Array, Array)
#3 D:\\AWM\\Tabkhtnaa\\BackEnd\\Tabkhtnaa\\vendor\\laravel\\framework\\src\\Illuminate\\Database\\Connectors\\ConnectionFactory.php(184): Illuminate\\Database\\Connectors\\MySqlConnector->connect(Array)
#4 [internal function]: Illuminate\\Database\\Connectors\\ConnectionFactory->Illuminate\\Database\\Connectors\\{closure}()
#5 D:\\AWM\\Tabkhtnaa\\BackEnd\\Tabkhtnaa\\vendor\\laravel\\framework\\src\\Illuminate\\Database\\Connection.php(1181): call_user_func(Object(Closure))
#6 D:\\AWM\\Tabkhtnaa\\BackEnd\\Tabkhtnaa\\vendor\\laravel\\framework\\src\\Illuminate\\Database\\Connection.php(1217): Illuminate\\Database\\Connection->getPdo()
#7 D:\\AWM\\Tabkhtnaa\\BackEnd\\Tabkhtnaa\\vendor\\laravel\\framework\\src\\Illuminate\\Database\\Connection.php(486): Illuminate\\Database\\Connection->getReadPdo()
#8 D:\\AWM\\Tabkhtnaa\\BackEnd\\Tabkhtnaa\\vendor\\laravel\\framework\\src\\Illuminate\\Database\\Connection.php(414): Illuminate\\Database\\Connection->getPdoForSelect(true)
#9 D:\\AWM\\Tabkhtnaa\\BackEnd\\Tabkhtnaa\\vendor\\laravel\\framework\\src\\Illuminate\\Database\\Connection.php(753): Illuminate\\Database\\Connection->Illuminate\\Database\\{closure}('select * from `...', Array)
#10 D:\\AWM\\Tabkhtnaa\\BackEnd\\Tabkhtnaa\\vendor\\laravel\\framework\\src\\Illuminate\\Database\\Connection.php(720): Illuminate\\Database\\Connection->runQueryCallback('select * from `...', Array, Object(Closure))
#11 D:\\AWM\\Tabkhtnaa\\BackEnd\\Tabkhtnaa\\vendor\\laravel\\framework\\src\\Illuminate\\Database\\Connection.php(405): Illuminate\\Database\\Connection->run('select * from `...', Array, Object(Closure))
#12 D:\\AWM\\Tabkhtnaa\\BackEnd\\Tabkhtnaa\\vendor\\laravel\\framework\\src\\Illuminate\\Database\\Query\\Builder.php(2705): Illuminate\\Database\\Connection->select('select * from `...', Array, true)
#13 D:\\AWM\\Tabkhtnaa\\BackEnd\\Tabkhtnaa\\vendor\\laravel\\framework\\src\\Illuminate\\Database\\Query\\Builder.php(2694): Illuminate\\Database\\Query\\Builder->runSelect()
#14 D:\\AWM\\Tabkhtnaa\\BackEnd\\Tabkhtnaa\\vendor\\laravel\\framework\\src\\Illuminate\\Database\\Query\\Builder.php(3230): Illuminate\\Database\\Query\\Builder->Illuminate\\Database\\Query\\{closure}()
#15 D:\\AWM\\Tabkhtnaa\\BackEnd\\Tabkhtnaa\\vendor\\laravel\\framework\\src\\Illuminate\\Database\\Query\\Builder.php(2693): Illuminate\\Database\\Query\\Builder->onceWithColumns(Array, Object(Closure))
#16 D:\\AWM\\Tabkhtnaa\\BackEnd\\Tabkhtnaa\\vendor\\laravel\\framework\\src\\Illuminate\\Database\\Eloquent\\Builder.php(710): Illuminate\\Database\\Query\\Builder->get(Array)
#17 D:\\AWM\\Tabkhtnaa\\BackEnd\\Tabkhtnaa\\vendor\\laravel\\framework\\src\\Illuminate\\Database\\Eloquent\\Builder.php(694): Illuminate\\Database\\Eloquent\\Builder->getModels(Array)
#18 D:\\AWM\\Tabkhtnaa\\BackEnd\\Tabkhtnaa\\vendor\\laravel\\framework\\src\\Illuminate\\Database\\Eloquent\\Model.php(673): Illuminate\\Database\\Eloquent\\Builder->get(Array)
#19 D:\\AWM\\Tabkhtnaa\\BackEnd\\Tabkhtnaa\\app\\Http\\Controllers\\api\\v1\\TranslateController.php(22): Illuminate\\Database\\Eloquent\\Model::all()
#20 D:\\AWM\\Tabkhtnaa\\BackEnd\\Tabkhtnaa\\vendor\\laravel\\framework\\src\\Illuminate\\Routing\\Controller.php(54): App\\Http\\Controllers\\api\\v1\\TranslateController->getAllTranslate()
#21 D:\\AWM\\Tabkhtnaa\\BackEnd\\Tabkhtnaa\\vendor\\laravel\\framework\\src\\Illuminate\\Routing\\ControllerDispatcher.php(43): Illuminate\\Routing\\Controller->callAction('getAllTranslate', Array)
#22 D:\\AWM\\Tabkhtnaa\\BackEnd\\Tabkhtnaa\\vendor\\laravel\\framework\\src\\Illuminate\\Routing\\Route.php(259): Illuminate\\Routing\\ControllerDispatcher->dispatch(Object(Illuminate\\Routing\\Route), Object(App\\Http\\Controllers\\api\\v1\\TranslateController), 'getAllTranslate')
#23 D:\\AWM\\Tabkhtnaa\\BackEnd\\Tabkhtnaa\\vendor\\laravel\\framework\\src\\Illuminate\\Routing\\Route.php(205): Illuminate\\Routing\\Route->runController()
#24 D:\\AWM\\Tabkhtnaa\\BackEnd\\Tabkhtnaa\\vendor\\laravel\\framework\\src\\Illuminate\\Routing\\Router.php(798): Illuminate\\Routing\\Route->run()
#25 D:\\AWM\\Tabkhtnaa\\BackEnd\\Tabkhtnaa\\vendor\\laravel\\framework\\src\\Illuminate\\Pipeline\\Pipeline.php(141): Illuminate\\Routing\\Router->Illuminate\\Routing\\{closure}(Object(Illuminate\\Http\\Request))
#26 D:\\AWM\\Tabkhtnaa\\BackEnd\\Tabkhtnaa\\app\\Http\\Middleware\\setLangMiddleware.php(21): Illuminate\\Pipeline\\Pipeline->Illuminate\\Pipeline\\{closure}(Object(Illuminate\\Http\\Request))
#27 D:\\AWM\\Tabkhtnaa\\BackEnd\\Tabkhtnaa\\vendor\\laravel\\framework\\src\\Illuminate\\Pipeline\\Pipeline.php(180): App\\Http\\Middleware\\setLangMiddleware->handle(Object(Illuminate\\Http\\Request), Object(Closure))
#28 D:\\AWM\\Tabkhtnaa\\BackEnd\\Tabkhtnaa\\vendor\\laravel\\framework\\src\\Illuminate\\Routing\\Middleware\\SubstituteBindings.php(50): Illuminate\\Pipeline\\Pipeline->Illuminate\\Pipeline\\{closure}(Object(Illuminate\\Http\\Request))
#29 D:\\AWM\\Tabkhtnaa\\BackEnd\\Tabkhtnaa\\vendor\\laravel\\framework\\src\\Illuminate\\Pipeline\\Pipeline.php(180): Illuminate\\Routing\\Middleware\\SubstituteBindings->handle(Object(Illuminate\\Http\\Request), Object(Closure))
#30 D:\\AWM\\Tabkhtnaa\\BackEnd\\Tabkhtnaa\\vendor\\laravel\\framework\\src\\Illuminate\\Routing\\Middleware\\ThrottleRequests.php(126): Illuminate\\Pipeline\\Pipeline->Illuminate\\Pipeline\\{closure}(Object(Illuminate\\Http\\Request))
#31 D:\\AWM\\Tabkhtnaa\\BackEnd\\Tabkhtnaa\\vendor\\laravel\\framework\\src\\Illuminate\\Routing\\Middleware\\ThrottleRequests.php(92): Illuminate\\Routing\\Middleware\\ThrottleRequests->handleRequest(Object(Illuminate\\Http\\Request), Object(Closure), Array)
#32 D:\\AWM\\Tabkhtnaa\\BackEnd\\Tabkhtnaa\\vendor\\laravel\\framework\\src\\Illuminate\\Routing\\Middleware\\ThrottleRequests.php(54): Illuminate\\Routing\\Middleware\\ThrottleRequests->handleRequestUsingNamedLimiter(Object(Illuminate\\Http\\Request), Object(Closure), 'api', Object(Closure))
#33 D:\\AWM\\Tabkhtnaa\\BackEnd\\Tabkhtnaa\\vendor\\laravel\\framework\\src\\Illuminate\\Pipeline\\Pipeline.php(180): Illuminate\\Routing\\Middleware\\ThrottleRequests->handle(Object(Illuminate\\Http\\Request), Object(Closure), 'api')
#34 D:\\AWM\\Tabkhtnaa\\BackEnd\\Tabkhtnaa\\vendor\\laravel\\framework\\src\\Illuminate\\Pipeline\\Pipeline.php(116): Illuminate\\Pipeline\\Pipeline->Illuminate\\Pipeline\\{closure}(Object(Illuminate\\Http\\Request))
#35 D:\\AWM\\Tabkhtnaa\\BackEnd\\Tabkhtnaa\\vendor\\laravel\\framework\\src\\Illuminate\\Routing\\Router.php(797): Illuminate\\Pipeline\\Pipeline->then(Object(Closure))
#36 D:\\AWM\\Tabkhtnaa\\BackEnd\\Tabkhtnaa\\vendor\\laravel\\framework\\src\\Illuminate\\Routing\\Router.php(776): Illuminate\\Routing\\Router->runRouteWithinStack(Object(Illuminate\\Routing\\Route), Object(Illuminate\\Http\\Request))
#37 D:\\AWM\\Tabkhtnaa\\BackEnd\\Tabkhtnaa\\vendor\\laravel\\framework\\src\\Illuminate\\Routing\\Router.php(740): Illuminate\\Routing\\Router->runRoute(Object(Illuminate\\Http\\Request), Object(Illuminate\\Routing\\Route))
#38 D:\\AWM\\Tabkhtnaa\\BackEnd\\Tabkhtnaa\\vendor\\laravel\\framework\\src\\Illuminate\\Routing\\Router.php(729): Illuminate\\Routing\\Router->dispatchToRoute(Object(Illuminate\\Http\\Request))
#39 D:\\AWM\\Tabkhtnaa\\BackEnd\\Tabkhtnaa\\vendor\\laravel\\framework\\src\\Illuminate\\Foundation\\Http\\Kernel.php(190): Illuminate\\Routing\\Router->dispatch(Object(Illuminate\\Http\\Request))
#40 D:\\AWM\\Tabkhtnaa\\BackEnd\\Tabkhtnaa\\vendor\\laravel\\framework\\src\\Illuminate\\Pipeline\\Pipeline.php(141): Illuminate\\Foundation\\Http\\Kernel->Illuminate\\Foundation\\Http\\{closure}(Object(Illuminate\\Http\\Request))
#41 D:\\AWM\\Tabkhtnaa\\BackEnd\\Tabkhtnaa\\vendor\\barryvdh\\laravel-debugbar\\src\\Middleware\\InjectDebugbar.php(66): Illuminate\\Pipeline\\Pipeline->Illuminate\\Pipeline\\{closure}(Object(Illuminate\\Http\\Request))
#42 D:\\AWM\\Tabkhtnaa\\BackEnd\\Tabkhtnaa\\vendor\\laravel\\framework\\src\\Illuminate\\Pipeline\\Pipeline.php(180): Barryvdh\\Debugbar\\Middleware\\InjectDebugbar->handle(Object(Illuminate\\Http\\Request), Object(Closure))
#43 D:\\AWM\\Tabkhtnaa\\BackEnd\\Tabkhtnaa\\vendor\\laravel\\framework\\src\\Illuminate\\Foundation\\Http\\Middleware\\TransformsRequest.php(21): Illuminate\\Pipeline\\Pipeline->Illuminate\\Pipeline\\{closure}(Object(Illuminate\\Http\\Request))
#44 D:\\AWM\\Tabkhtnaa\\BackEnd\\Tabkhtnaa\\vendor\\laravel\\framework\\src\\Illuminate\\Foundation\\Http\\Middleware\\ConvertEmptyStringsToNull.php(31): Illuminate\\Foundation\\Http\\Middleware\\TransformsRequest->handle(Object(Illuminate\\Http\\Request), Object(Closure))
#45 D:\\AWM\\Tabkhtnaa\\BackEnd\\Tabkhtnaa\\vendor\\laravel\\framework\\src\\Illuminate\\Pipeline\\Pipeline.php(180): Illuminate\\Foundation\\Http\\Middleware\\ConvertEmptyStringsToNull->handle(Object(Illuminate\\Http\\Request), Object(Closure))
#46 D:\\AWM\\Tabkhtnaa\\BackEnd\\Tabkhtnaa\\vendor\\laravel\\framework\\src\\Illuminate\\Foundation\\Http\\Middleware\\TransformsRequest.php(21): Illuminate\\Pipeline\\Pipeline->Illuminate\\Pipeline\\{closure}(Object(Illuminate\\Http\\Request))
#47 D:\\AWM\\Tabkhtnaa\\BackEnd\\Tabkhtnaa\\vendor\\laravel\\framework\\src\\Illuminate\\Foundation\\Http\\Middleware\\TrimStrings.php(40): Illuminate\\Foundation\\Http\\Middleware\\TransformsRequest->handle(Object(Illuminate\\Http\\Request), Object(Closure))
#48 D:\\AWM\\Tabkhtnaa\\BackEnd\\Tabkhtnaa\\vendor\\laravel\\framework\\src\\Illuminate\\Pipeline\\Pipeline.php(180): Illuminate\\Foundation\\Http\\Middleware\\TrimStrings->handle(Object(Illuminate\\Http\\Request), Object(Closure))
#49 D:\\AWM\\Tabkhtnaa\\BackEnd\\Tabkhtnaa\\vendor\\laravel\\framework\\src\\Illuminate\\Foundation\\Http\\Middleware\\ValidatePostSize.php(27): Illuminate\\Pipeline\\Pipeline->Illuminate\\Pipeline\\{closure}(Object(Illuminate\\Http\\Request))
#50 D:\\AWM\\Tabkhtnaa\\BackEnd\\Tabkhtnaa\\vendor\\laravel\\framework\\src\\Illuminate\\Pipeline\\Pipeline.php(180): Illuminate\\Foundation\\Http\\Middleware\\ValidatePostSize->handle(Object(Illuminate\\Http\\Request), Object(Closure))
#51 D:\\AWM\\Tabkhtnaa\\BackEnd\\Tabkhtnaa\\vendor\\laravel\\framework\\src\\Illuminate\\Foundation\\Http\\Middleware\\PreventRequestsDuringMaintenance.php(86): Illuminate\\Pipeline\\Pipeline->Illuminate\\Pipeline\\{closure}(Object(Illuminate\\Http\\Request))
#52 D:\\AWM\\Tabkhtnaa\\BackEnd\\Tabkhtnaa\\vendor\\laravel\\framework\\src\\Illuminate\\Pipeline\\Pipeline.php(180): Illuminate\\Foundation\\Http\\Middleware\\PreventRequestsDuringMaintenance->handle(Object(Illuminate\\Http\\Request), Object(Closure))
#53 D:\\AWM\\Tabkhtnaa\\BackEnd\\Tabkhtnaa\\vendor\\laravel\\framework\\src\\Illuminate\\Http\\Middleware\\HandleCors.php(62): Illuminate\\Pipeline\\Pipeline->Illuminate\\Pipeline\\{closure}(Object(Illuminate\\Http\\Request))
#54 D:\\AWM\\Tabkhtnaa\\BackEnd\\Tabkhtnaa\\vendor\\laravel\\framework\\src\\Illuminate\\Pipeline\\Pipeline.php(180): Illuminate\\Http\\Middleware\\HandleCors->handle(Object(Illuminate\\Http\\Request), Object(Closure))
#55 D:\\AWM\\Tabkhtnaa\\BackEnd\\Tabkhtnaa\\vendor\\laravel\\framework\\src\\Illuminate\\Http\\Middleware\\TrustProxies.php(39): Illuminate\\Pipeline\\Pipeline->Illuminate\\Pipeline\\{closure}(Object(Illuminate\\Http\\Request))
#56 D:\\AWM\\Tabkhtnaa\\BackEnd\\Tabkhtnaa\\vendor\\laravel\\framework\\src\\Illuminate\\Pipeline\\Pipeline.php(180): Illuminate\\Http\\Middleware\\TrustProxies->handle(Object(Illuminate\\Http\\Request), Object(Closure))
#57 D:\\AWM\\Tabkhtnaa\\BackEnd\\Tabkhtnaa\\vendor\\laravel\\framework\\src\\Illuminate\\Pipeline\\Pipeline.php(116): Illuminate\\Pipeline\\Pipeline->Illuminate\\Pipeline\\{closure}(Object(Illuminate\\Http\\Request))
#58 D:\\AWM\\Tabkhtnaa\\BackEnd\\Tabkhtnaa\\vendor\\laravel\\framework\\src\\Illuminate\\Foundation\\Http\\Kernel.php(165): Illuminate\\Pipeline\\Pipeline->then(Object(Closure))
#59 D:\\AWM\\Tabkhtnaa\\BackEnd\\Tabkhtnaa\\vendor\\laravel\\framework\\src\\Illuminate\\Foundation\\Http\\Kernel.php(134): Illuminate\\Foundation\\Http\\Kernel->sendRequestThroughRouter(Object(Illuminate\\Http\\Request))
#60 D:\\AWM\\Tabkhtnaa\\BackEnd\\Tabkhtnaa\\public\\index.php(51): Illuminate\\Foundation\\Http\\Kernel->handle(Object(Illuminate\\Http\\Request))
#61 D:\\AWM\\Tabkhtnaa\\BackEnd\\Tabkhtnaa\\vendor\\laravel\\framework\\src\\Illuminate\\Foundation\\resources\\server.php(16): require_once('D:\\\\AWM\\\\Tabkhtna...')
#62 {main}
"} 
[2026-07-11 12:36:07] local.ERROR: ErrorException: Attempt to read property "id" on null in D:\AWM\Tabkhtnaa\BackEnd\Tabkhtnaa\app\DataTables\OrdersDataTable.php:114
Stack trace:
#0 D:\AWM\Tabkhtnaa\BackEnd\Tabkhtnaa\vendor\laravel\framework\src\Illuminate\Foundation\Bootstrap\HandleExceptions.php(270): Illuminate\Foundation\Bootstrap\HandleExceptions->handleError(2, 'Attempt to read...', 'D:\\AWM\\Tabkhtna...', 114)
#1 D:\AWM\Tabkhtnaa\BackEnd\Tabkhtnaa\app\DataTables\OrdersDataTable.php(114): Illuminate\Foundation\Bootstrap\HandleExceptions->Illuminate\Foundation\Bootstrap\{closure}(2, 'Attempt to read...', 'D:\\AWM\\Tabkhtna...', 114)
#2 D:\AWM\Tabkhtnaa\BackEnd\Tabkhtnaa\vendor\laravel\framework\src\Illuminate\Container\BoundMethod.php(36): App\DataTables\OrdersDataTable->App\DataTables\{closure}(Object(App\Models\Order))
#3 D:\AWM\Tabkhtnaa\BackEnd\Tabkhtnaa\vendor\laravel\framework\src\Illuminate\Container\Util.php(41): Illuminate\Container\BoundMethod::Illuminate\Container\{closure}()
#4 D:\AWM\Tabkhtnaa\BackEnd\Tabkhtnaa\vendor\laravel\framework\src\Illuminate\Container\BoundMethod.php(81): Illuminate\Container\Util::unwrapIfClosure(Object(Closure))
#5 D:\AWM\Tabkhtnaa\BackEnd\Tabkhtnaa\vendor\laravel\framework\src\Illuminate\Container\BoundMethod.php(35): Illuminate\Container\BoundMethod::callBoundMethod(Object(Illuminate\Foundation\Application), Object(Closure), Object(Closure))
#6 D:\AWM\Tabkhtnaa\BackEnd\Tabkhtnaa\vendor\laravel\framework\src\Illuminate\Container\Container.php(661): Illuminate\Container\BoundMethod::call(Object(Illuminate\Foundation\Application), Object(Closure), Array, NULL)
#7 D:\AWM\Tabkhtnaa\BackEnd\Tabkhtnaa\vendor\yajra\laravel-datatables-oracle\src\Utilities\Helper.php(107): Illuminate\Container\Container->call(Object(Closure), Array)
#8 D:\AWM\Tabkhtnaa\BackEnd\Tabkhtnaa\vendor\yajra\laravel-datatables-oracle\src\Processors\DataProcessor.php(176): Yajra\DataTables\Utilities\Helper::compileContent(Object(Closure), Array, Object(App\Models\Order))
#9 D:\AWM\Tabkhtnaa\BackEnd\Tabkhtnaa\vendor\yajra\laravel-datatables-oracle\src\Processors\DataProcessor.php(123): Yajra\DataTables\Processors\DataProcessor->editColumns(Array, Object(App\Models\Order))
#10 D:\AWM\Tabkhtnaa\BackEnd\Tabkhtnaa\vendor\yajra\laravel-datatables-oracle\src\DataTableAbstract.php(892): Yajra\DataTables\Processors\DataProcessor->process(true)
#11 D:\AWM\Tabkhtnaa\BackEnd\Tabkhtnaa\vendor\yajra\laravel-datatables-oracle\src\QueryDataTable.php(108): Yajra\DataTables\DataTableAbstract->processResults(Object(Illuminate\Database\Eloquent\Collection), true)
#12 D:\AWM\Tabkhtnaa\BackEnd\Tabkhtnaa\vendor\yajra\laravel-datatables-oracle\src\DataTableAbstract.php(713): Yajra\DataTables\QueryDataTable->make()
#13 D:\AWM\Tabkhtnaa\BackEnd\Tabkhtnaa\vendor\yajra\laravel-datatables-buttons\src\Services\DataTable.php(267): Yajra\DataTables\DataTableAbstract->toJson()
#14 D:\AWM\Tabkhtnaa\BackEnd\Tabkhtnaa\vendor\laravel\framework\src\Illuminate\Container\BoundMethod.php(36): Yajra\DataTables\Services\DataTable->ajax()
#15 D:\AWM\Tabkhtnaa\BackEnd\Tabkhtnaa\vendor\laravel\framework\src\Illuminate\Container\Util.php(41): Illuminate\Container\BoundMethod::Illuminate\Container\{closure}()
#16 D:\AWM\Tabkhtnaa\BackEnd\Tabkhtnaa\vendor\laravel\framework\src\Illuminate\Container\BoundMethod.php(93): Illuminate\Container\Util::unwrapIfClosure(Object(Closure))
#17 D:\AWM\Tabkhtnaa\BackEnd\Tabkhtnaa\vendor\laravel\framework\src\Illuminate\Container\BoundMethod.php(35): Illuminate\Container\BoundMethod::callBoundMethod(Object(Illuminate\Foundation\Application), Array, Object(Closure))
#18 D:\AWM\Tabkhtnaa\BackEnd\Tabkhtnaa\vendor\laravel\framework\src\Illuminate\Container\Container.php(661): Illuminate\Container\BoundMethod::call(Object(Illuminate\Foundation\Application), Array, Array, NULL)
#19 D:\AWM\Tabkhtnaa\BackEnd\Tabkhtnaa\vendor\yajra\laravel-datatables-buttons\src\Services\DataTable.php(206): Illuminate\Container\Container->call(Array)
#20 D:\AWM\Tabkhtnaa\BackEnd\Tabkhtnaa\app\Http\Controllers\Admin\OrdersController.php(110): Yajra\DataTables\Services\DataTable->render('admin.orders.in...', Array)
#21 D:\AWM\Tabkhtnaa\BackEnd\Tabkhtnaa\vendor\laravel\framework\src\Illuminate\Routing\Controller.php(54): App\Http\Controllers\Admin\OrdersController->index('pending', NULL, NULL)
#22 D:\AWM\Tabkhtnaa\BackEnd\Tabkhtnaa\vendor\laravel\framework\src\Illuminate\Routing\ControllerDispatcher.php(43): Illuminate\Routing\Controller->callAction('index', Array)
#23 D:\AWM\Tabkhtnaa\BackEnd\Tabkhtnaa\vendor\laravel\framework\src\Illuminate\Routing\Route.php(259): Illuminate\Routing\ControllerDispatcher->dispatch(Object(Illuminate\Routing\Route), Object(App\Http\Controllers\Admin\OrdersController), 'index')
#24 D:\AWM\Tabkhtnaa\BackEnd\Tabkhtnaa\vendor\laravel\framework\src\Illuminate\Routing\Route.php(205): Illuminate\Routing\Route->runController()
#25 D:\AWM\Tabkhtnaa\BackEnd\Tabkhtnaa\vendor\laravel\framework\src\Illuminate\Routing\Router.php(798): Illuminate\Routing\Route->run()
#26 D:\AWM\Tabkhtnaa\BackEnd\Tabkhtnaa\vendor\laravel\framework\src\Illuminate\Pipeline\Pipeline.php(141): Illuminate\Routing\Router->Illuminate\Routing\{closure}(Object(Illuminate\Http\Request))
#27 D:\AWM\Tabkhtnaa\BackEnd\Tabkhtnaa\vendor\laravel\framework\src\Illuminate\Routing\Middleware\SubstituteBindings.php(50): Illuminate\Pipeline\Pipeline->Illuminate\Pipeline\{closure}(Object(Illuminate\Http\Request))
#28 D:\AWM\Tabkhtnaa\BackEnd\Tabkhtnaa\vendor\laravel\framework\src\Illuminate\Pipeline\Pipeline.php(180): Illuminate\Routing\Middleware\SubstituteBindings->handle(Object(Illuminate\Http\Request), Object(Closure))
#29 D:\AWM\Tabkhtnaa\BackEnd\Tabkhtnaa\vendor\laravel\framework\src\Illuminate\Auth\Middleware\Authenticate.php(44): Illuminate\Pipeline\Pipeline->Illuminate\Pipeline\{closure}(Object(Illuminate\Http\Request))
#30 D:\AWM\Tabkhtnaa\BackEnd\Tabkhtnaa\vendor\laravel\framework\src\Illuminate\Pipeline\Pipeline.php(180): Illuminate\Auth\Middleware\Authenticate->handle(Object(Illuminate\Http\Request), Object(Closure), 'admin')
#31 D:\AWM\Tabkhtnaa\BackEnd\Tabkhtnaa\vendor\laravel\framework\src\Illuminate\Foundation\Http\Middleware\VerifyCsrfToken.php(78): Illuminate\Pipeline\Pipeline->Illuminate\Pipeline\{closure}(Object(Illuminate\Http\Request))
#32 D:\AWM\Tabkhtnaa\BackEnd\Tabkhtnaa\vendor\laravel\framework\src\Illuminate\Pipeline\Pipeline.php(180): Illuminate\Foundation\Http\Middleware\VerifyCsrfToken->handle(Object(Illuminate\Http\Request), Object(Closure))
#33 D:\AWM\Tabkhtnaa\BackEnd\Tabkhtnaa\vendor\laravel\framework\src\Illuminate\View\Middleware\ShareErrorsFromSession.php(49): Illuminate\Pipeline\Pipeline->Illuminate\Pipeline\{closure}(Object(Illuminate\Http\Request))
#34 D:\AWM\Tabkhtnaa\BackEnd\Tabkhtnaa\vendor\laravel\framework\src\Illuminate\Pipeline\Pipeline.php(180): Illuminate\View\Middleware\ShareErrorsFromSession->handle(Object(Illuminate\Http\Request), Object(Closure))
#35 D:\AWM\Tabkhtnaa\BackEnd\Tabkhtnaa\vendor\laravel\framework\src\Illuminate\Session\Middleware\StartSession.php(121): Illuminate\Pipeline\Pipeline->Illuminate\Pipeline\{closure}(Object(Illuminate\Http\Request))
#36 D:\AWM\Tabkhtnaa\BackEnd\Tabkhtnaa\vendor\laravel\framework\src\Illuminate\Session\Middleware\StartSession.php(64): Illuminate\Session\Middleware\StartSession->handleStatefulRequest(Object(Illuminate\Http\Request), Object(Illuminate\Session\Store), Object(Closure))
#37 D:\AWM\Tabkhtnaa\BackEnd\Tabkhtnaa\vendor\laravel\framework\src\Illuminate\Pipeline\Pipeline.php(180): Illuminate\Session\Middleware\StartSession->handle(Object(Illuminate\Http\Request), Object(Closure))
#38 D:\AWM\Tabkhtnaa\BackEnd\Tabkhtnaa\vendor\laravel\framework\src\Illuminate\Cookie\Middleware\AddQueuedCookiesToResponse.php(37): Illuminate\Pipeline\Pipeline->Illuminate\Pipeline\{closure}(Object(Illuminate\Http\Request))
#39 D:\AWM\Tabkhtnaa\BackEnd\Tabkhtnaa\vendor\laravel\framework\src\Illuminate\Pipeline\Pipeline.php(180): Illuminate\Cookie\Middleware\AddQueuedCookiesToResponse->handle(Object(Illuminate\Http\Request), Object(Closure))
#40 D:\AWM\Tabkhtnaa\BackEnd\Tabkhtnaa\vendor\laravel\framework\src\Illuminate\Cookie\Middleware\EncryptCookies.php(67): Illuminate\Pipeline\Pipeline->Illuminate\Pipeline\{closure}(Object(Illuminate\Http\Request))
#41 D:\AWM\Tabkhtnaa\BackEnd\Tabkhtnaa\vendor\laravel\framework\src\Illuminate\Pipeline\Pipeline.php(180): Illuminate\Cookie\Middleware\EncryptCookies->handle(Object(Illuminate\Http\Request), Object(Closure))
#42 D:\AWM\Tabkhtnaa\BackEnd\Tabkhtnaa\vendor\laravel\framework\src\Illuminate\Pipeline\Pipeline.php(116): Illuminate\Pipeline\Pipeline->Illuminate\Pipeline\{closure}(Object(Illuminate\Http\Request))
#43 D:\AWM\Tabkhtnaa\BackEnd\Tabkhtnaa\vendor\laravel\framework\src\Illuminate\Routing\Router.php(797): Illuminate\Pipeline\Pipeline->then(Object(Closure))
#44 D:\AWM\Tabkhtnaa\BackEnd\Tabkhtnaa\vendor\laravel\framework\src\Illuminate\Routing\Router.php(776): Illuminate\Routing\Router->runRouteWithinStack(Object(Illuminate\Routing\Route), Object(Illuminate\Http\Request))
#45 D:\AWM\Tabkhtnaa\BackEnd\Tabkhtnaa\vendor\laravel\framework\src\Illuminate\Routing\Router.php(740): Illuminate\Routing\Router->runRoute(Object(Illuminate\Http\Request), Object(Illuminate\Routing\Route))
#46 D:\AWM\Tabkhtnaa\BackEnd\Tabkhtnaa\vendor\laravel\framework\src\Illuminate\Routing\Router.php(729): Illuminate\Routing\Router->dispatchToRoute(Object(Illuminate\Http\Request))
#47 D:\AWM\Tabkhtnaa\BackEnd\Tabkhtnaa\vendor\laravel\framework\src\Illuminate\Foundation\Http\Kernel.php(190): Illuminate\Routing\Router->dispatch(Object(Illuminate\Http\Request))
#48 D:\AWM\Tabkhtnaa\BackEnd\Tabkhtnaa\vendor\laravel\framework\src\Illuminate\Pipeline\Pipeline.php(141): Illuminate\Foundation\Http\Kernel->Illuminate\Foundation\Http\{closure}(Object(Illuminate\Http\Request))
#49 D:\AWM\Tabkhtnaa\BackEnd\Tabkhtnaa\vendor\barryvdh\laravel-debugbar\src\Middleware\InjectDebugbar.php(66): Illuminate\Pipeline\Pipeline->Illuminate\Pipeline\{closure}(Object(Illuminate\Http\Request))
#50 D:\AWM\Tabkhtnaa\BackEnd\Tabkhtnaa\vendor\laravel\framework\src\Illuminate\Pipeline\Pipeline.php(180): Barryvdh\Debugbar\Middleware\InjectDebugbar->handle(Object(Illuminate\Http\Request), Object(Closure))
#51 D:\AWM\Tabkhtnaa\BackEnd\Tabkhtnaa\vendor\laravel\framework\src\Illuminate\Foundation\Http\Middleware\TransformsRequest.php(21): Illuminate\Pipeline\Pipeline->Illuminate\Pipeline\{closure}(Object(Illuminate\Http\Request))
#52 D:\AWM\Tabkhtnaa\BackEnd\Tabkhtnaa\vendor\laravel\framework\src\Illuminate\Foundation\Http\Middleware\ConvertEmptyStringsToNull.php(31): Illuminate\Foundation\Http\Middleware\TransformsRequest->handle(Object(Illuminate\Http\Request), Object(Closure))
#53 D:\AWM\Tabkhtnaa\BackEnd\Tabkhtnaa\vendor\laravel\framework\src\Illuminate\Pipeline\Pipeline.php(180): Illuminate\Foundation\Http\Middleware\ConvertEmptyStringsToNull->handle(Object(Illuminate\Http\Request), Object(Closure))
#54 D:\AWM\Tabkhtnaa\BackEnd\Tabkhtnaa\vendor\laravel\framework\src\Illuminate\Foundation\Http\Middleware\TransformsRequest.php(21): Illuminate\Pipeline\Pipeline->Illuminate\Pipeline\{closure}(Object(Illuminate\Http\Request))
#55 D:\AWM\Tabkhtnaa\BackEnd\Tabkhtnaa\vendor\laravel\framework\src\Illuminate\Foundation\Http\Middleware\TrimStrings.php(40): Illuminate\Foundation\Http\Middleware\TransformsRequest->handle(Object(Illuminate\Http\Request), Object(Closure))
#56 D:\AWM\Tabkhtnaa\BackEnd\Tabkhtnaa\vendor\laravel\framework\src\Illuminate\Pipeline\Pipeline.php(180): Illuminate\Foundation\Http\Middleware\TrimStrings->handle(Object(Illuminate\Http\Request), Object(Closure))
#57 D:\AWM\Tabkhtnaa\BackEnd\Tabkhtnaa\vendor\laravel\framework\src\Illuminate\Foundation\Http\Middleware\ValidatePostSize.php(27): Illuminate\Pipeline\Pipeline->Illuminate\Pipeline\{closure}(Object(Illuminate\Http\Request))
#58 D:\AWM\Tabkhtnaa\BackEnd\Tabkhtnaa\vendor\laravel\framework\src\Illuminate\Pipeline\Pipeline.php(180): Illuminate\Foundation\Http\Middleware\ValidatePostSize->handle(Object(Illuminate\Http\Request), Object(Closure))
#59 D:\AWM\Tabkhtnaa\BackEnd\Tabkhtnaa\vendor\laravel\framework\src\Illuminate\Foundation\Http\Middleware\PreventRequestsDuringMaintenance.php(86): Illuminate\Pipeline\Pipeline->Illuminate\Pipeline\{closure}(Object(Illuminate\Http\Request))
#60 D:\AWM\Tabkhtnaa\BackEnd\Tabkhtnaa\vendor\laravel\framework\src\Illuminate\Pipeline\Pipeline.php(180): Illuminate\Foundation\Http\Middleware\PreventRequestsDuringMaintenance->handle(Object(Illuminate\Http\Request), Object(Closure))
#61 D:\AWM\Tabkhtnaa\BackEnd\Tabkhtnaa\vendor\laravel\framework\src\Illuminate\Http\Middleware\HandleCors.php(49): Illuminate\Pipeline\Pipeline->Illuminate\Pipeline\{closure}(Object(Illuminate\Http\Request))
#62 D:\AWM\Tabkhtnaa\BackEnd\Tabkhtnaa\vendor\laravel\framework\src\Illuminate\Pipeline\Pipeline.php(180): Illuminate\Http\Middleware\HandleCors->handle(Object(Illuminate\Http\Request), Object(Closure))
#63 D:\AWM\Tabkhtnaa\BackEnd\Tabkhtnaa\vendor\laravel\framework\src\Illuminate\Http\Middleware\TrustProxies.php(39): Illuminate\Pipeline\Pipeline->Illuminate\Pipeline\{closure}(Object(Illuminate\Http\Request))
#64 D:\AWM\Tabkhtnaa\BackEnd\Tabkhtnaa\vendor\laravel\framework\src\Illuminate\Pipeline\Pipeline.php(180): Illuminate\Http\Middleware\TrustProxies->handle(Object(Illuminate\Http\Request), Object(Closure))
#65 D:\AWM\Tabkhtnaa\BackEnd\Tabkhtnaa\vendor\laravel\framework\src\Illuminate\Pipeline\Pipeline.php(116): Illuminate\Pipeline\Pipeline->Illuminate\Pipeline\{closure}(Object(Illuminate\Http\Request))
#66 D:\AWM\Tabkhtnaa\BackEnd\Tabkhtnaa\vendor\laravel\framework\src\Illuminate\Foundation\Http\Kernel.php(165): Illuminate\Pipeline\Pipeline->then(Object(Closure))
#67 D:\AWM\Tabkhtnaa\BackEnd\Tabkhtnaa\vendor\laravel\framework\src\Illuminate\Foundation\Http\Kernel.php(134): Illuminate\Foundation\Http\Kernel->sendRequestThroughRouter(Object(Illuminate\Http\Request))
#68 D:\AWM\Tabkhtnaa\BackEnd\Tabkhtnaa\public\index.php(51): Illuminate\Foundation\Http\Kernel->handle(Object(Illuminate\Http\Request))
#69 D:\AWM\Tabkhtnaa\BackEnd\Tabkhtnaa\vendor\laravel\framework\src\Illuminate\Foundation\resources\server.php(16): require_once('D:\\AWM\\Tabkhtna...')
#70 {main}  
[2026-07-11 12:36:46] local.ERROR: Declaration of App\DataTables\LoyaltyTransactionsDataTable::with(array $params): static must be compatible with Yajra\DataTables\Services\DataTable::with(array|string $key, mixed $value = null): static {"userId":1,"exception":"[object] (Symfony\\Component\\ErrorHandler\\Error\\FatalError(code: 0): Declaration of App\\DataTables\\LoyaltyTransactionsDataTable::with(array $params): static must be compatible with Yajra\\DataTables\\Services\\DataTable::with(array|string $key, mixed $value = null): static at D:\\AWM\\Tabkhtnaa\\BackEnd\\Tabkhtnaa\\app\\DataTables\\LoyaltyTransactionsDataTable.php:17)
[stacktrace]
#0 {main}
"} 
[2026-07-11 12:38:57] local.ERROR: ErrorException: Attempt to read property "id" on null in D:\AWM\Tabkhtnaa\BackEnd\Tabkhtnaa\app\DataTables\OrdersDataTable.php:114
Stack trace:
#0 D:\AWM\Tabkhtnaa\BackEnd\Tabkhtnaa\vendor\laravel\framework\src\Illuminate\Foundation\Bootstrap\HandleExceptions.php(270): Illuminate\Foundation\Bootstrap\HandleExceptions->handleError(2, 'Attempt to read...', 'D:\\AWM\\Tabkhtna...', 114)
#1 D:\AWM\Tabkhtnaa\BackEnd\Tabkhtnaa\app\DataTables\OrdersDataTable.php(114): Illuminate\Foundation\Bootstrap\HandleExceptions->Illuminate\Foundation\Bootstrap\{closure}(2, 'Attempt to read...', 'D:\\AWM\\Tabkhtna...', 114)
#2 D:\AWM\Tabkhtnaa\BackEnd\Tabkhtnaa\vendor\laravel\framework\src\Illuminate\Container\BoundMethod.php(36): App\DataTables\OrdersDataTable->App\DataTables\{closure}(Object(App\Models\Order))
#3 D:\AWM\Tabkhtnaa\BackEnd\Tabkhtnaa\vendor\laravel\framework\src\Illuminate\Container\Util.php(41): Illuminate\Container\BoundMethod::Illuminate\Container\{closure}()
#4 D:\AWM\Tabkhtnaa\BackEnd\Tabkhtnaa\vendor\laravel\framework\src\Illuminate\Container\BoundMethod.php(81): Illuminate\Container\Util::unwrapIfClosure(Object(Closure))
#5 D:\AWM\Tabkhtnaa\BackEnd\Tabkhtnaa\vendor\laravel\framework\src\Illuminate\Container\BoundMethod.php(35): Illuminate\Container\BoundMethod::callBoundMethod(Object(Illuminate\Foundation\Application), Object(Closure), Object(Closure))
#6 D:\AWM\Tabkhtnaa\BackEnd\Tabkhtnaa\vendor\laravel\framework\src\Illuminate\Container\Container.php(661): Illuminate\Container\BoundMethod::call(Object(Illuminate\Foundation\Application), Object(Closure), Array, NULL)
#7 D:\AWM\Tabkhtnaa\BackEnd\Tabkhtnaa\vendor\yajra\laravel-datatables-oracle\src\Utilities\Helper.php(107): Illuminate\Container\Container->call(Object(Closure), Array)
#8 D:\AWM\Tabkhtnaa\BackEnd\Tabkhtnaa\vendor\yajra\laravel-datatables-oracle\src\Processors\DataProcessor.php(176): Yajra\DataTables\Utilities\Helper::compileContent(Object(Closure), Array, Object(App\Models\Order))
#9 D:\AWM\Tabkhtnaa\BackEnd\Tabkhtnaa\vendor\yajra\laravel-datatables-oracle\src\Processors\DataProcessor.php(123): Yajra\DataTables\Processors\DataProcessor->editColumns(Array, Object(App\Models\Order))
#10 D:\AWM\Tabkhtnaa\BackEnd\Tabkhtnaa\vendor\yajra\laravel-datatables-oracle\src\DataTableAbstract.php(892): Yajra\DataTables\Processors\DataProcessor->process(true)
#11 D:\AWM\Tabkhtnaa\BackEnd\Tabkhtnaa\vendor\yajra\laravel-datatables-oracle\src\QueryDataTable.php(108): Yajra\DataTables\DataTableAbstract->processResults(Object(Illuminate\Database\Eloquent\Collection), true)
#12 D:\AWM\Tabkhtnaa\BackEnd\Tabkhtnaa\vendor\yajra\laravel-datatables-oracle\src\DataTableAbstract.php(713): Yajra\DataTables\QueryDataTable->make()
#13 D:\AWM\Tabkhtnaa\BackEnd\Tabkhtnaa\vendor\yajra\laravel-datatables-buttons\src\Services\DataTable.php(267): Yajra\DataTables\DataTableAbstract->toJson()
#14 D:\AWM\Tabkhtnaa\BackEnd\Tabkhtnaa\vendor\laravel\framework\src\Illuminate\Container\BoundMethod.php(36): Yajra\DataTables\Services\DataTable->ajax()
#15 D:\AWM\Tabkhtnaa\BackEnd\Tabkhtnaa\vendor\laravel\framework\src\Illuminate\Container\Util.php(41): Illuminate\Container\BoundMethod::Illuminate\Container\{closure}()
#16 D:\AWM\Tabkhtnaa\BackEnd\Tabkhtnaa\vendor\laravel\framework\src\Illuminate\Container\BoundMethod.php(93): Illuminate\Container\Util::unwrapIfClosure(Object(Closure))
#17 D:\AWM\Tabkhtnaa\BackEnd\Tabkhtnaa\vendor\laravel\framework\src\Illuminate\Container\BoundMethod.php(35): Illuminate\Container\BoundMethod::callBoundMethod(Object(Illuminate\Foundation\Application), Array, Object(Closure))
#18 D:\AWM\Tabkhtnaa\BackEnd\Tabkhtnaa\vendor\laravel\framework\src\Illuminate\Container\Container.php(661): Illuminate\Container\BoundMethod::call(Object(Illuminate\Foundation\Application), Array, Array, NULL)
#19 D:\AWM\Tabkhtnaa\BackEnd\Tabkhtnaa\vendor\yajra\laravel-datatables-buttons\src\Services\DataTable.php(206): Illuminate\Container\Container->call(Array)
#20 D:\AWM\Tabkhtnaa\BackEnd\Tabkhtnaa\app\Http\Controllers\Admin\OrdersController.php(110): Yajra\DataTables\Services\DataTable->render('admin.orders.in...', Array)
#21 D:\AWM\Tabkhtnaa\BackEnd\Tabkhtnaa\vendor\laravel\framework\src\Illuminate\Routing\Controller.php(54): App\Http\Controllers\Admin\OrdersController->index(NULL, NULL, NULL)
#22 D:\AWM\Tabkhtnaa\BackEnd\Tabkhtnaa\vendor\laravel\framework\src\Illuminate\Routing\ControllerDispatcher.php(43): Illuminate\Routing\Controller->callAction('index', Array)
#23 D:\AWM\Tabkhtnaa\BackEnd\Tabkhtnaa\vendor\laravel\framework\src\Illuminate\Routing\Route.php(259): Illuminate\Routing\ControllerDispatcher->dispatch(Object(Illuminate\Routing\Route), Object(App\Http\Controllers\Admin\OrdersController), 'index')
#24 D:\AWM\Tabkhtnaa\BackEnd\Tabkhtnaa\vendor\laravel\framework\src\Illuminate\Routing\Route.php(205): Illuminate\Routing\Route->runController()
#25 D:\AWM\Tabkhtnaa\BackEnd\Tabkhtnaa\vendor\laravel\framework\src\Illuminate\Routing\Router.php(798): Illuminate\Routing\Route->run()
#26 D:\AWM\Tabkhtnaa\BackEnd\Tabkhtnaa\vendor\laravel\framework\src\Illuminate\Pipeline\Pipeline.php(141): Illuminate\Routing\Router->Illuminate\Routing\{closure}(Object(Illuminate\Http\Request))
#27 D:\AWM\Tabkhtnaa\BackEnd\Tabkhtnaa\vendor\laravel\framework\src\Illuminate\Routing\Middleware\SubstituteBindings.php(50): Illuminate\Pipeline\Pipeline->Illuminate\Pipeline\{closure}(Object(Illuminate\Http\Request))
#28 D:\AWM\Tabkhtnaa\BackEnd\Tabkhtnaa\vendor\laravel\framework\src\Illuminate\Pipeline\Pipeline.php(180): Illuminate\Routing\Middleware\SubstituteBindings->handle(Object(Illuminate\Http\Request), Object(Closure))
#29 D:\AWM\Tabkhtnaa\BackEnd\Tabkhtnaa\vendor\laravel\framework\src\Illuminate\Auth\Middleware\Authenticate.php(44): Illuminate\Pipeline\Pipeline->Illuminate\Pipeline\{closure}(Object(Illuminate\Http\Request))
#30 D:\AWM\Tabkhtnaa\BackEnd\Tabkhtnaa\vendor\laravel\framework\src\Illuminate\Pipeline\Pipeline.php(180): Illuminate\Auth\Middleware\Authenticate->handle(Object(Illuminate\Http\Request), Object(Closure), 'admin')
#31 D:\AWM\Tabkhtnaa\BackEnd\Tabkhtnaa\vendor\laravel\framework\src\Illuminate\Foundation\Http\Middleware\VerifyCsrfToken.php(78): Illuminate\Pipeline\Pipeline->Illuminate\Pipeline\{closure}(Object(Illuminate\Http\Request))
#32 D:\AWM\Tabkhtnaa\BackEnd\Tabkhtnaa\vendor\laravel\framework\src\Illuminate\Pipeline\Pipeline.php(180): Illuminate\Foundation\Http\Middleware\VerifyCsrfToken->handle(Object(Illuminate\Http\Request), Object(Closure))
#33 D:\AWM\Tabkhtnaa\BackEnd\Tabkhtnaa\vendor\laravel\framework\src\Illuminate\View\Middleware\ShareErrorsFromSession.php(49): Illuminate\Pipeline\Pipeline->Illuminate\Pipeline\{closure}(Object(Illuminate\Http\Request))
#34 D:\AWM\Tabkhtnaa\BackEnd\Tabkhtnaa\vendor\laravel\framework\src\Illuminate\Pipeline\Pipeline.php(180): Illuminate\View\Middleware\ShareErrorsFromSession->handle(Object(Illuminate\Http\Request), Object(Closure))
#35 D:\AWM\Tabkhtnaa\BackEnd\Tabkhtnaa\vendor\laravel\framework\src\Illuminate\Session\Middleware\StartSession.php(121): Illuminate\Pipeline\Pipeline->Illuminate\Pipeline\{closure}(Object(Illuminate\Http\Request))
#36 D:\AWM\Tabkhtnaa\BackEnd\Tabkhtnaa\vendor\laravel\framework\src\Illuminate\Session\Middleware\StartSession.php(64): Illuminate\Session\Middleware\StartSession->handleStatefulRequest(Object(Illuminate\Http\Request), Object(Illuminate\Session\Store), Object(Closure))
#37 D:\AWM\Tabkhtnaa\BackEnd\Tabkhtnaa\vendor\laravel\framework\src\Illuminate\Pipeline\Pipeline.php(180): Illuminate\Session\Middleware\StartSession->handle(Object(Illuminate\Http\Request), Object(Closure))
#38 D:\AWM\Tabkhtnaa\BackEnd\Tabkhtnaa\vendor\laravel\framework\src\Illuminate\Cookie\Middleware\AddQueuedCookiesToResponse.php(37): Illuminate\Pipeline\Pipeline->Illuminate\Pipeline\{closure}(Object(Illuminate\Http\Request))
#39 D:\AWM\Tabkhtnaa\BackEnd\Tabkhtnaa\vendor\laravel\framework\src\Illuminate\Pipeline\Pipeline.php(180): Illuminate\Cookie\Middleware\AddQueuedCookiesToResponse->handle(Object(Illuminate\Http\Request), Object(Closure))
#40 D:\AWM\Tabkhtnaa\BackEnd\Tabkhtnaa\vendor\laravel\framework\src\Illuminate\Cookie\Middleware\EncryptCookies.php(67): Illuminate\Pipeline\Pipeline->Illuminate\Pipeline\{closure}(Object(Illuminate\Http\Request))
#41 D:\AWM\Tabkhtnaa\BackEnd\Tabkhtnaa\vendor\laravel\framework\src\Illuminate\Pipeline\Pipeline.php(180): Illuminate\Cookie\Middleware\EncryptCookies->handle(Object(Illuminate\Http\Request), Object(Closure))
#42 D:\AWM\Tabkhtnaa\BackEnd\Tabkhtnaa\vendor\laravel\framework\src\Illuminate\Pipeline\Pipeline.php(116): Illuminate\Pipeline\Pipeline->Illuminate\Pipeline\{closure}(Object(Illuminate\Http\Request))
#43 D:\AWM\Tabkhtnaa\BackEnd\Tabkhtnaa\vendor\laravel\framework\src\Illuminate\Routing\Router.php(797): Illuminate\Pipeline\Pipeline->then(Object(Closure))
#44 D:\AWM\Tabkhtnaa\BackEnd\Tabkhtnaa\vendor\laravel\framework\src\Illuminate\Routing\Router.php(776): Illuminate\Routing\Router->runRouteWithinStack(Object(Illuminate\Routing\Route), Object(Illuminate\Http\Request))
#45 D:\AWM\Tabkhtnaa\BackEnd\Tabkhtnaa\vendor\laravel\framework\src\Illuminate\Routing\Router.php(740): Illuminate\Routing\Router->runRoute(Object(Illuminate\Http\Request), Object(Illuminate\Routing\Route))
#46 D:\AWM\Tabkhtnaa\BackEnd\Tabkhtnaa\vendor\laravel\framework\src\Illuminate\Routing\Router.php(729): Illuminate\Routing\Router->dispatchToRoute(Object(Illuminate\Http\Request))
#47 D:\AWM\Tabkhtnaa\BackEnd\Tabkhtnaa\vendor\laravel\framework\src\Illuminate\Foundation\Http\Kernel.php(190): Illuminate\Routing\Router->dispatch(Object(Illuminate\Http\Request))
#48 D:\AWM\Tabkhtnaa\BackEnd\Tabkhtnaa\vendor\laravel\framework\src\Illuminate\Pipeline\Pipeline.php(141): Illuminate\Foundation\Http\Kernel->Illuminate\Foundation\Http\{closure}(Object(Illuminate\Http\Request))
#49 D:\AWM\Tabkhtnaa\BackEnd\Tabkhtnaa\vendor\barryvdh\laravel-debugbar\src\Middleware\InjectDebugbar.php(66): Illuminate\Pipeline\Pipeline->Illuminate\Pipeline\{closure}(Object(Illuminate\Http\Request))
#50 D:\AWM\Tabkhtnaa\BackEnd\Tabkhtnaa\vendor\laravel\framework\src\Illuminate\Pipeline\Pipeline.php(180): Barryvdh\Debugbar\Middleware\InjectDebugbar->handle(Object(Illuminate\Http\Request), Object(Closure))
#51 D:\AWM\Tabkhtnaa\BackEnd\Tabkhtnaa\vendor\laravel\framework\src\Illuminate\Foundation\Http\Middleware\TransformsRequest.php(21): Illuminate\Pipeline\Pipeline->Illuminate\Pipeline\{closure}(Object(Illuminate\Http\Request))
#52 D:\AWM\Tabkhtnaa\BackEnd\Tabkhtnaa\vendor\laravel\framework\src\Illuminate\Foundation\Http\Middleware\ConvertEmptyStringsToNull.php(31): Illuminate\Foundation\Http\Middleware\TransformsRequest->handle(Object(Illuminate\Http\Request), Object(Closure))
#53 D:\AWM\Tabkhtnaa\BackEnd\Tabkhtnaa\vendor\laravel\framework\src\Illuminate\Pipeline\Pipeline.php(180): Illuminate\Foundation\Http\Middleware\ConvertEmptyStringsToNull->handle(Object(Illuminate\Http\Request), Object(Closure))
#54 D:\AWM\Tabkhtnaa\BackEnd\Tabkhtnaa\vendor\laravel\framework\src\Illuminate\Foundation\Http\Middleware\TransformsRequest.php(21): Illuminate\Pipeline\Pipeline->Illuminate\Pipeline\{closure}(Object(Illuminate\Http\Request))
#55 D:\AWM\Tabkhtnaa\BackEnd\Tabkhtnaa\vendor\laravel\framework\src\Illuminate\Foundation\Http\Middleware\TrimStrings.php(40): Illuminate\Foundation\Http\Middleware\TransformsRequest->handle(Object(Illuminate\Http\Request), Object(Closure))
#56 D:\AWM\Tabkhtnaa\BackEnd\Tabkhtnaa\vendor\laravel\framework\src\Illuminate\Pipeline\Pipeline.php(180): Illuminate\Foundation\Http\Middleware\TrimStrings->handle(Object(Illuminate\Http\Request), Object(Closure))
#57 D:\AWM\Tabkhtnaa\BackEnd\Tabkhtnaa\vendor\laravel\framework\src\Illuminate\Foundation\Http\Middleware\ValidatePostSize.php(27): Illuminate\Pipeline\Pipeline->Illuminate\Pipeline\{closure}(Object(Illuminate\Http\Request))
#58 D:\AWM\Tabkhtnaa\BackEnd\Tabkhtnaa\vendor\laravel\framework\src\Illuminate\Pipeline\Pipeline.php(180): Illuminate\Foundation\Http\Middleware\ValidatePostSize->handle(Object(Illuminate\Http\Request), Object(Closure))
#59 D:\AWM\Tabkhtnaa\BackEnd\Tabkhtnaa\vendor\laravel\framework\src\Illuminate\Foundation\Http\Middleware\PreventRequestsDuringMaintenance.php(86): Illuminate\Pipeline\Pipeline->Illuminate\Pipeline\{closure}(Object(Illuminate\Http\Request))
#60 D:\AWM\Tabkhtnaa\BackEnd\Tabkhtnaa\vendor\laravel\framework\src\Illuminate\Pipeline\Pipeline.php(180): Illuminate\Foundation\Http\Middleware\PreventRequestsDuringMaintenance->handle(Object(Illuminate\Http\Request), Object(Closure))
#61 D:\AWM\Tabkhtnaa\BackEnd\Tabkhtnaa\vendor\laravel\framework\src\Illuminate\Http\Middleware\HandleCors.php(49): Illuminate\Pipeline\Pipeline->Illuminate\Pipeline\{closure}(Object(Illuminate\Http\Request))
#62 D:\AWM\Tabkhtnaa\BackEnd\Tabkhtnaa\vendor\laravel\framework\src\Illuminate\Pipeline\Pipeline.php(180): Illuminate\Http\Middleware\HandleCors->handle(Object(Illuminate\Http\Request), Object(Closure))
#63 D:\AWM\Tabkhtnaa\BackEnd\Tabkhtnaa\vendor\laravel\framework\src\Illuminate\Http\Middleware\TrustProxies.php(39): Illuminate\Pipeline\Pipeline->Illuminate\Pipeline\{closure}(Object(Illuminate\Http\Request))
#64 D:\AWM\Tabkhtnaa\BackEnd\Tabkhtnaa\vendor\laravel\framework\src\Illuminate\Pipeline\Pipeline.php(180): Illuminate\Http\Middleware\TrustProxies->handle(Object(Illuminate\Http\Request), Object(Closure))
#65 D:\AWM\Tabkhtnaa\BackEnd\Tabkhtnaa\vendor\laravel\framework\src\Illuminate\Pipeline\Pipeline.php(116): Illuminate\Pipeline\Pipeline->Illuminate\Pipeline\{closure}(Object(Illuminate\Http\Request))
#66 D:\AWM\Tabkhtnaa\BackEnd\Tabkhtnaa\vendor\laravel\framework\src\Illuminate\Foundation\Http\Kernel.php(165): Illuminate\Pipeline\Pipeline->then(Object(Closure))
#67 D:\AWM\Tabkhtnaa\BackEnd\Tabkhtnaa\vendor\laravel\framework\src\Illuminate\Foundation\Http\Kernel.php(134): Illuminate\Foundation\Http\Kernel->sendRequestThroughRouter(Object(Illuminate\Http\Request))
#68 D:\AWM\Tabkhtnaa\BackEnd\Tabkhtnaa\public\index.php(51): Illuminate\Foundation\Http\Kernel->handle(Object(Illuminate\Http\Request))
#69 D:\AWM\Tabkhtnaa\BackEnd\Tabkhtnaa\vendor\laravel\framework\src\Illuminate\Foundation\resources\server.php(16): require_once('D:\\AWM\\Tabkhtna...')
#70 {main}  
[2026-07-11 13:31:02] local.ERROR: PHP Parse error: Syntax error, unexpected '=' on line 1 {"exception":"[object] (Psy\\Exception\\ParseErrorException(code: 0): PHP Parse error: Syntax error, unexpected '=' on line 1 at D:\\AWM\\Tabkhtnaa\\BackEnd\\Tabkhtnaa\\vendor\\psy\\psysh\\src\\Exception\\ParseErrorException.php:38)
[stacktrace]
#0 D:\\AWM\\Tabkhtnaa\\BackEnd\\Tabkhtnaa\\vendor\\psy\\psysh\\src\\CodeCleaner.php(339): Psy\\Exception\\ParseErrorException::fromParseError(Object(PhpParser\\Error))
#1 D:\\AWM\\Tabkhtnaa\\BackEnd\\Tabkhtnaa\\vendor\\psy\\psysh\\src\\CodeCleaner.php(268): Psy\\CodeCleaner->parse('<?php =App\\\\Mode...', false)
#2 D:\\AWM\\Tabkhtnaa\\BackEnd\\Tabkhtnaa\\vendor\\psy\\psysh\\src\\Shell.php(861): Psy\\CodeCleaner->clean(Array, false)
#3 D:\\AWM\\Tabkhtnaa\\BackEnd\\Tabkhtnaa\\vendor\\psy\\psysh\\src\\Shell.php(890): Psy\\Shell->addCode('=App\\\\Models\\\\Car...', true)
#4 D:\\AWM\\Tabkhtnaa\\BackEnd\\Tabkhtnaa\\vendor\\psy\\psysh\\src\\Shell.php(1355): Psy\\Shell->setCode('=App\\\\Models\\\\Car...', true)
#5 D:\\AWM\\Tabkhtnaa\\BackEnd\\Tabkhtnaa\\vendor\\laravel\\tinker\\src\\Console\\TinkerCommand.php(76): Psy\\Shell->execute('=App\\\\Models\\\\Car...')
#6 D:\\AWM\\Tabkhtnaa\\BackEnd\\Tabkhtnaa\\vendor\\laravel\\framework\\src\\Illuminate\\Container\\BoundMethod.php(36): Laravel\\Tinker\\Console\\TinkerCommand->handle()
#7 D:\\AWM\\Tabkhtnaa\\BackEnd\\Tabkhtnaa\\vendor\\laravel\\framework\\src\\Illuminate\\Container\\Util.php(41): Illuminate\\Container\\BoundMethod::Illuminate\\Container\\{closure}()
#8 D:\\AWM\\Tabkhtnaa\\BackEnd\\Tabkhtnaa\\vendor\\laravel\\framework\\src\\Illuminate\\Container\\BoundMethod.php(93): Illuminate\\Container\\Util::unwrapIfClosure(Object(Closure))
#9 D:\\AWM\\Tabkhtnaa\\BackEnd\\Tabkhtnaa\\vendor\\laravel\\framework\\src\\Illuminate\\Container\\BoundMethod.php(35): Illuminate\\Container\\BoundMethod::callBoundMethod(Object(Illuminate\\Foundation\\Application), Array, Object(Closure))
#10 D:\\AWM\\Tabkhtnaa\\BackEnd\\Tabkhtnaa\\vendor\\laravel\\framework\\src\\Illuminate\\Container\\Container.php(661): Illuminate\\Container\\BoundMethod::call(Object(Illuminate\\Foundation\\Application), Array, Array, NULL)
#11 D:\\AWM\\Tabkhtnaa\\BackEnd\\Tabkhtnaa\\vendor\\laravel\\framework\\src\\Illuminate\\Console\\Command.php(183): Illuminate\\Container\\Container->call(Array)
#12 D:\\AWM\\Tabkhtnaa\\BackEnd\\Tabkhtnaa\\vendor\\symfony\\console\\Command\\Command.php(326): Illuminate\\Console\\Command->execute(Object(Symfony\\Component\\Console\\Input\\ArgvInput), Object(Illuminate\\Console\\OutputStyle))
#13 D:\\AWM\\Tabkhtnaa\\BackEnd\\Tabkhtnaa\\vendor\\laravel\\framework\\src\\Illuminate\\Console\\Command.php(152): Symfony\\Component\\Console\\Command\\Command->run(Object(Symfony\\Component\\Console\\Input\\ArgvInput), Object(Illuminate\\Console\\OutputStyle))
#14 D:\\AWM\\Tabkhtnaa\\BackEnd\\Tabkhtnaa\\vendor\\symfony\\console\\Application.php(1063): Illuminate\\Console\\Command->run(Object(Symfony\\Component\\Console\\Input\\ArgvInput), Object(Symfony\\Component\\Console\\Output\\ConsoleOutput))
#15 D:\\AWM\\Tabkhtnaa\\BackEnd\\Tabkhtnaa\\vendor\\symfony\\console\\Application.php(320): Symfony\\Component\\Console\\Application->doRunCommand(Object(Laravel\\Tinker\\Console\\TinkerCommand), Object(Symfony\\Component\\Console\\Input\\ArgvInput), Object(Symfony\\Component\\Console\\Output\\ConsoleOutput))
#16 D:\\AWM\\Tabkhtnaa\\BackEnd\\Tabkhtnaa\\vendor\\symfony\\console\\Application.php(174): Symfony\\Component\\Console\\Application->doRun(Object(Symfony\\Component\\Console\\Input\\ArgvInput), Object(Symfony\\Component\\Console\\Output\\ConsoleOutput))
#17 D:\\AWM\\Tabkhtnaa\\BackEnd\\Tabkhtnaa\\vendor\\laravel\\framework\\src\\Illuminate\\Console\\Application.php(102): Symfony\\Component\\Console\\Application->run(Object(Symfony\\Component\\Console\\Input\\ArgvInput), Object(Symfony\\Component\\Console\\Output\\ConsoleOutput))
#18 D:\\AWM\\Tabkhtnaa\\BackEnd\\Tabkhtnaa\\vendor\\laravel\\framework\\src\\Illuminate\\Foundation\\Console\\Kernel.php(155): Illuminate\\Console\\Application->run(Object(Symfony\\Component\\Console\\Input\\ArgvInput), Object(Symfony\\Component\\Console\\Output\\ConsoleOutput))
#19 D:\\AWM\\Tabkhtnaa\\BackEnd\\Tabkhtnaa\\artisan(35): Illuminate\\Foundation\\Console\\Kernel->handle(Object(Symfony\\Component\\Console\\Input\\ArgvInput), Object(Symfony\\Component\\Console\\Output\\ConsoleOutput))
#20 {main}
"} 
[2026-07-11 13:31:36] local.ERROR: Target class [App\DataTables\Sanction] does not exist. {"userId":1,"exception":"[object] (Illuminate\\Contracts\\Container\\BindingResolutionException(code: 0): Target class [App\\DataTables\\Sanction] does not exist. at D:\\AWM\\Tabkhtnaa\\BackEnd\\Tabkhtnaa\\vendor\\laravel\\framework\\src\\Illuminate\\Container\\Container.php:891)
[stacktrace]
#0 D:\\AWM\\Tabkhtnaa\\BackEnd\\Tabkhtnaa\\vendor\\laravel\\framework\\src\\Illuminate\\Container\\Container.php(770): Illuminate\\Container\\Container->build('App\\\\DataTables\\\\...')
#1 D:\\AWM\\Tabkhtnaa\\BackEnd\\Tabkhtnaa\\vendor\\laravel\\framework\\src\\Illuminate\\Foundation\\Application.php(856): Illuminate\\Container\\Container->resolve('App\\\\DataTables\\\\...', Array, true)
#2 D:\\AWM\\Tabkhtnaa\\BackEnd\\Tabkhtnaa\\vendor\\laravel\\framework\\src\\Illuminate\\Container\\Container.php(706): Illuminate\\Foundation\\Application->resolve('App\\\\DataTables\\\\...', Array)
#3 D:\\AWM\\Tabkhtnaa\\BackEnd\\Tabkhtnaa\\vendor\\laravel\\framework\\src\\Illuminate\\Foundation\\Application.php(841): Illuminate\\Container\\Container->make('App\\\\DataTables\\\\...', Array)
#4 D:\\AWM\\Tabkhtnaa\\BackEnd\\Tabkhtnaa\\vendor\\laravel\\framework\\src\\Illuminate\\Container\\BoundMethod.php(181): Illuminate\\Foundation\\Application->make('App\\\\DataTables\\\\...')
#5 D:\\AWM\\Tabkhtnaa\\BackEnd\\Tabkhtnaa\\vendor\\laravel\\framework\\src\\Illuminate\\Container\\BoundMethod.php(124): Illuminate\\Container\\BoundMethod::addDependencyForCallParameter(Object(Illuminate\\Foundation\\Application), Object(ReflectionParameter), Array, Array)
#6 D:\\AWM\\Tabkhtnaa\\BackEnd\\Tabkhtnaa\\vendor\\laravel\\framework\\src\\Illuminate\\Container\\BoundMethod.php(36): Illuminate\\Container\\BoundMethod::getMethodDependencies(Object(Illuminate\\Foundation\\Application), Array, Array)
#7 D:\\AWM\\Tabkhtnaa\\BackEnd\\Tabkhtnaa\\vendor\\laravel\\framework\\src\\Illuminate\\Container\\Util.php(41): Illuminate\\Container\\BoundMethod::Illuminate\\Container\\{closure}()
#8 D:\\AWM\\Tabkhtnaa\\BackEnd\\Tabkhtnaa\\vendor\\laravel\\framework\\src\\Illuminate\\Container\\BoundMethod.php(93): Illuminate\\Container\\Util::unwrapIfClosure(Object(Closure))
#9 D:\\AWM\\Tabkhtnaa\\BackEnd\\Tabkhtnaa\\vendor\\laravel\\framework\\src\\Illuminate\\Container\\BoundMethod.php(35): Illuminate\\Container\\BoundMethod::callBoundMethod(Object(Illuminate\\Foundation\\Application), Array, Object(Closure))
#10 D:\\AWM\\Tabkhtnaa\\BackEnd\\Tabkhtnaa\\vendor\\laravel\\framework\\src\\Illuminate\\Container\\Container.php(661): Illuminate\\Container\\BoundMethod::call(Object(Illuminate\\Foundation\\Application), Array, Array, NULL)
#11 D:\\AWM\\Tabkhtnaa\\BackEnd\\Tabkhtnaa\\vendor\\yajra\\laravel-datatables-buttons\\src\\Services\\DataTable.php(247): Illuminate\\Container\\Container->call(Array)
#12 D:\\AWM\\Tabkhtnaa\\BackEnd\\Tabkhtnaa\\vendor\\laravel\\framework\\src\\Illuminate\\Container\\BoundMethod.php(36): Yajra\\DataTables\\Services\\DataTable->ajax()
#13 D:\\AWM\\Tabkhtnaa\\BackEnd\\Tabkhtnaa\\vendor\\laravel\\framework\\src\\Illuminate\\Container\\Util.php(41): Illuminate\\Container\\BoundMethod::Illuminate\\Container\\{closure}()
#14 D:\\AWM\\Tabkhtnaa\\BackEnd\\Tabkhtnaa\\vendor\\laravel\\framework\\src\\Illuminate\\Container\\BoundMethod.php(93): Illuminate\\Container\\Util::unwrapIfClosure(Object(Closure))
#15 D:\\AWM\\Tabkhtnaa\\BackEnd\\Tabkhtnaa\\vendor\\laravel\\framework\\src\\Illuminate\\Container\\BoundMethod.php(35): Illuminate\\Container\\BoundMethod::callBoundMethod(Object(Illuminate\\Foundation\\Application), Array, Object(Closure))
#16 D:\\AWM\\Tabkhtnaa\\BackEnd\\Tabkhtnaa\\vendor\\laravel\\framework\\src\\Illuminate\\Container\\Container.php(661): Illuminate\\Container\\BoundMethod::call(Object(Illuminate\\Foundation\\Application), Array, Array, NULL)
#17 D:\\AWM\\Tabkhtnaa\\BackEnd\\Tabkhtnaa\\vendor\\yajra\\laravel-datatables-buttons\\src\\Services\\DataTable.php(206): Illuminate\\Container\\Container->call(Array)
#18 D:\\AWM\\Tabkhtnaa\\BackEnd\\Tabkhtnaa\\app\\Http\\Controllers\\Admin\\SanctionController.php(27): Yajra\\DataTables\\Services\\DataTable->render('admin.sanctions...', Array)
#19 D:\\AWM\\Tabkhtnaa\\BackEnd\\Tabkhtnaa\\vendor\\laravel\\framework\\src\\Illuminate\\Routing\\Controller.php(54): App\\Http\\Controllers\\Admin\\SanctionController->index(Object(Illuminate\\Http\\Request))
#20 D:\\AWM\\Tabkhtnaa\\BackEnd\\Tabkhtnaa\\vendor\\laravel\\framework\\src\\Illuminate\\Routing\\ControllerDispatcher.php(43): Illuminate\\Routing\\Controller->callAction('index', Array)
#21 D:\\AWM\\Tabkhtnaa\\BackEnd\\Tabkhtnaa\\vendor\\laravel\\framework\\src\\Illuminate\\Routing\\Route.php(259): Illuminate\\Routing\\ControllerDispatcher->dispatch(Object(Illuminate\\Routing\\Route), Object(App\\Http\\Controllers\\Admin\\SanctionController), 'index')
#22 D:\\AWM\\Tabkhtnaa\\BackEnd\\Tabkhtnaa\\vendor\\laravel\\framework\\src\\Illuminate\\Routing\\Route.php(205): Illuminate\\Routing\\Route->runController()
#23 D:\\AWM\\Tabkhtnaa\\BackEnd\\Tabkhtnaa\\vendor\\laravel\\framework\\src\\Illuminate\\Routing\\Router.php(798): Illuminate\\Routing\\Route->run()
#24 D:\\AWM\\Tabkhtnaa\\BackEnd\\Tabkhtnaa\\vendor\\laravel\\framework\\src\\Illuminate\\Pipeline\\Pipeline.php(141): Illuminate\\Routing\\Router->Illuminate\\Routing\\{closure}(Object(Illuminate\\Http\\Request))
#25 D:\\AWM\\Tabkhtnaa\\BackEnd\\Tabkhtnaa\\vendor\\laravel\\framework\\src\\Illuminate\\Routing\\Middleware\\SubstituteBindings.php(50): Illuminate\\Pipeline\\Pipeline->Illuminate\\Pipeline\\{closure}(Object(Illuminate\\Http\\Request))
#26 D:\\AWM\\Tabkhtnaa\\BackEnd\\Tabkhtnaa\\vendor\\laravel\\framework\\src\\Illuminate\\Pipeline\\Pipeline.php(180): Illuminate\\Routing\\Middleware\\SubstituteBindings->handle(Object(Illuminate\\Http\\Request), Object(Closure))
#27 D:\\AWM\\Tabkhtnaa\\BackEnd\\Tabkhtnaa\\vendor\\laravel\\framework\\src\\Illuminate\\Auth\\Middleware\\Authenticate.php(44): Illuminate\\Pipeline\\Pipeline->Illuminate\\Pipeline\\{closure}(Object(Illuminate\\Http\\Request))
#28 D:\\AWM\\Tabkhtnaa\\BackEnd\\Tabkhtnaa\\vendor\\laravel\\framework\\src\\Illuminate\\Pipeline\\Pipeline.php(180): Illuminate\\Auth\\Middleware\\Authenticate->handle(Object(Illuminate\\Http\\Request), Object(Closure), 'admin')
#29 D:\\AWM\\Tabkhtnaa\\BackEnd\\Tabkhtnaa\\vendor\\laravel\\framework\\src\\Illuminate\\Foundation\\Http\\Middleware\\VerifyCsrfToken.php(78): Illuminate\\Pipeline\\Pipeline->Illuminate\\Pipeline\\{closure}(Object(Illuminate\\Http\\Request))
#30 D:\\AWM\\Tabkhtnaa\\BackEnd\\Tabkhtnaa\\vendor\\laravel\\framework\\src\\Illuminate\\Pipeline\\Pipeline.php(180): Illuminate\\Foundation\\Http\\Middleware\\VerifyCsrfToken->handle(Object(Illuminate\\Http\\Request), Object(Closure))
#31 D:\\AWM\\Tabkhtnaa\\BackEnd\\Tabkhtnaa\\vendor\\laravel\\framework\\src\\Illuminate\\View\\Middleware\\ShareErrorsFromSession.php(49): Illuminate\\Pipeline\\Pipeline->Illuminate\\Pipeline\\{closure}(Object(Illuminate\\Http\\Request))
#32 D:\\AWM\\Tabkhtnaa\\BackEnd\\Tabkhtnaa\\vendor\\laravel\\framework\\src\\Illuminate\\Pipeline\\Pipeline.php(180): Illuminate\\View\\Middleware\\ShareErrorsFromSession->handle(Object(Illuminate\\Http\\Request), Object(Closure))
#33 D:\\AWM\\Tabkhtnaa\\BackEnd\\Tabkhtnaa\\vendor\\laravel\\framework\\src\\Illuminate\\Session\\Middleware\\StartSession.php(121): Illuminate\\Pipeline\\Pipeline->Illuminate\\Pipeline\\{closure}(Object(Illuminate\\Http\\Request))
#34 D:\\AWM\\Tabkhtnaa\\BackEnd\\Tabkhtnaa\\vendor\\laravel\\framework\\src\\Illuminate\\Session\\Middleware\\StartSession.php(64): Illuminate\\Session\\Middleware\\StartSession->handleStatefulRequest(Object(Illuminate\\Http\\Request), Object(Illuminate\\Session\\Store), Object(Closure))
#35 D:\\AWM\\Tabkhtnaa\\BackEnd\\Tabkhtnaa\\vendor\\laravel\\framework\\src\\Illuminate\\Pipeline\\Pipeline.php(180): Illuminate\\Session\\Middleware\\StartSession->handle(Object(Illuminate\\Http\\Request), Object(Closure))
#36 D:\\AWM\\Tabkhtnaa\\BackEnd\\Tabkhtnaa\\vendor\\laravel\\framework\\src\\Illuminate\\Cookie\\Middleware\\AddQueuedCookiesToResponse.php(37): Illuminate\\Pipeline\\Pipeline->Illuminate\\Pipeline\\{closure}(Object(Illuminate\\Http\\Request))
#37 D:\\AWM\\Tabkhtnaa\\BackEnd\\Tabkhtnaa\\vendor\\laravel\\framework\\src\\Illuminate\\Pipeline\\Pipeline.php(180): Illuminate\\Cookie\\Middleware\\AddQueuedCookiesToResponse->handle(Object(Illuminate\\Http\\Request), Object(Closure))
#38 D:\\AWM\\Tabkhtnaa\\BackEnd\\Tabkhtnaa\\vendor\\laravel\\framework\\src\\Illuminate\\Cookie\\Middleware\\EncryptCookies.php(67): Illuminate\\Pipeline\\Pipeline->Illuminate\\Pipeline\\{closure}(Object(Illuminate\\Http\\Request))
#39 D:\\AWM\\Tabkhtnaa\\BackEnd\\Tabkhtnaa\\vendor\\laravel\\framework\\src\\Illuminate\\Pipeline\\Pipeline.php(180): Illuminate\\Cookie\\Middleware\\EncryptCookies->handle(Object(Illuminate\\Http\\Request), Object(Closure))
#40 D:\\AWM\\Tabkhtnaa\\BackEnd\\Tabkhtnaa\\vendor\\laravel\\framework\\src\\Illuminate\\Pipeline\\Pipeline.php(116): Illuminate\\Pipeline\\Pipeline->Illuminate\\Pipeline\\{closure}(Object(Illuminate\\Http\\Request))
#41 D:\\AWM\\Tabkhtnaa\\BackEnd\\Tabkhtnaa\\vendor\\laravel\\framework\\src\\Illuminate\\Routing\\Router.php(797): Illuminate\\Pipeline\\Pipeline->then(Object(Closure))
#42 D:\\AWM\\Tabkhtnaa\\BackEnd\\Tabkhtnaa\\vendor\\laravel\\framework\\src\\Illuminate\\Routing\\Router.php(776): Illuminate\\Routing\\Router->runRouteWithinStack(Object(Illuminate\\Routing\\Route), Object(Illuminate\\Http\\Request))
#43 D:\\AWM\\Tabkhtnaa\\BackEnd\\Tabkhtnaa\\vendor\\laravel\\framework\\src\\Illuminate\\Routing\\Router.php(740): Illuminate\\Routing\\Router->runRoute(Object(Illuminate\\Http\\Request), Object(Illuminate\\Routing\\Route))
#44 D:\\AWM\\Tabkhtnaa\\BackEnd\\Tabkhtnaa\\vendor\\laravel\\framework\\src\\Illuminate\\Routing\\Router.php(729): Illuminate\\Routing\\Router->dispatchToRoute(Object(Illuminate\\Http\\Request))
#45 D:\\AWM\\Tabkhtnaa\\BackEnd\\Tabkhtnaa\\vendor\\laravel\\framework\\src\\Illuminate\\Foundation\\Http\\Kernel.php(190): Illuminate\\Routing\\Router->dispatch(Object(Illuminate\\Http\\Request))
#46 D:\\AWM\\Tabkhtnaa\\BackEnd\\Tabkhtnaa\\vendor\\laravel\\framework\\src\\Illuminate\\Pipeline\\Pipeline.php(141): Illuminate\\Foundation\\Http\\Kernel->Illuminate\\Foundation\\Http\\{closure}(Object(Illuminate\\Http\\Request))
#47 D:\\AWM\\Tabkhtnaa\\BackEnd\\Tabkhtnaa\\vendor\\barryvdh\\laravel-debugbar\\src\\Middleware\\InjectDebugbar.php(66): Illuminate\\Pipeline\\Pipeline->Illuminate\\Pipeline\\{closure}(Object(Illuminate\\Http\\Request))
#48 D:\\AWM\\Tabkhtnaa\\BackEnd\\Tabkhtnaa\\vendor\\laravel\\framework\\src\\Illuminate\\Pipeline\\Pipeline.php(180): Barryvdh\\Debugbar\\Middleware\\InjectDebugbar->handle(Object(Illuminate\\Http\\Request), Object(Closure))
#49 D:\\AWM\\Tabkhtnaa\\BackEnd\\Tabkhtnaa\\vendor\\laravel\\framework\\src\\Illuminate\\Foundation\\Http\\Middleware\\TransformsRequest.php(21): Illuminate\\Pipeline\\Pipeline->Illuminate\\Pipeline\\{closure}(Object(Illuminate\\Http\\Request))
#50 D:\\AWM\\Tabkhtnaa\\BackEnd\\Tabkhtnaa\\vendor\\laravel\\framework\\src\\Illuminate\\Foundation\\Http\\Middleware\\ConvertEmptyStringsToNull.php(31): Illuminate\\Foundation\\Http\\Middleware\\TransformsRequest->handle(Object(Illuminate\\Http\\Request), Object(Closure))
#51 D:\\AWM\\Tabkhtnaa\\BackEnd\\Tabkhtnaa\\vendor\\laravel\\framework\\src\\Illuminate\\Pipeline\\Pipeline.php(180): Illuminate\\Foundation\\Http\\Middleware\\ConvertEmptyStringsToNull->handle(Object(Illuminate\\Http\\Request), Object(Closure))
#52 D:\\AWM\\Tabkhtnaa\\BackEnd\\Tabkhtnaa\\vendor\\laravel\\framework\\src\\Illuminate\\Foundation\\Http\\Middleware\\TransformsRequest.php(21): Illuminate\\Pipeline\\Pipeline->Illuminate\\Pipeline\\{closure}(Object(Illuminate\\Http\\Request))
#53 D:\\AWM\\Tabkhtnaa\\BackEnd\\Tabkhtnaa\\vendor\\laravel\\framework\\src\\Illuminate\\Foundation\\Http\\Middleware\\TrimStrings.php(40): Illuminate\\Foundation\\Http\\Middleware\\TransformsRequest->handle(Object(Illuminate\\Http\\Request), Object(Closure))
#54 D:\\AWM\\Tabkhtnaa\\BackEnd\\Tabkhtnaa\\vendor\\laravel\\framework\\src\\Illuminate\\Pipeline\\Pipeline.php(180): Illuminate\\Foundation\\Http\\Middleware\\TrimStrings->handle(Object(Illuminate\\Http\\Request), Object(Closure))
#55 D:\\AWM\\Tabkhtnaa\\BackEnd\\Tabkhtnaa\\vendor\\laravel\\framework\\src\\Illuminate\\Foundation\\Http\\Middleware\\ValidatePostSize.php(27): Illuminate\\Pipeline\\Pipeline->Illuminate\\Pipeline\\{closure}(Object(Illuminate\\Http\\Request))
#56 D:\\AWM\\Tabkhtnaa\\BackEnd\\Tabkhtnaa\\vendor\\laravel\\framework\\src\\Illuminate\\Pipeline\\Pipeline.php(180): Illuminate\\Foundation\\Http\\Middleware\\ValidatePostSize->handle(Object(Illuminate\\Http\\Request), Object(Closure))
#57 D:\\AWM\\Tabkhtnaa\\BackEnd\\Tabkhtnaa\\vendor\\laravel\\framework\\src\\Illuminate\\Foundation\\Http\\Middleware\\PreventRequestsDuringMaintenance.php(86): Illuminate\\Pipeline\\Pipeline->Illuminate\\Pipeline\\{closure}(Object(Illuminate\\Http\\Request))
#58 D:\\AWM\\Tabkhtnaa\\BackEnd\\Tabkhtnaa\\vendor\\laravel\\framework\\src\\Illuminate\\Pipeline\\Pipeline.php(180): Illuminate\\Foundation\\Http\\Middleware\\PreventRequestsDuringMaintenance->handle(Object(Illuminate\\Http\\Request), Object(Closure))
#59 D:\\AWM\\Tabkhtnaa\\BackEnd\\Tabkhtnaa\\vendor\\laravel\\framework\\src\\Illuminate\\Http\\Middleware\\HandleCors.php(49): Illuminate\\Pipeline\\Pipeline->Illuminate\\Pipeline\\{closure}(Object(Illuminate\\Http\\Request))
#60 D:\\AWM\\Tabkhtnaa\\BackEnd\\Tabkhtnaa\\vendor\\laravel\\framework\\src\\Illuminate\\Pipeline\\Pipeline.php(180): Illuminate\\Http\\Middleware\\HandleCors->handle(Object(Illuminate\\Http\\Request), Object(Closure))
#61 D:\\AWM\\Tabkhtnaa\\BackEnd\\Tabkhtnaa\\vendor\\laravel\\framework\\src\\Illuminate\\Http\\Middleware\\TrustProxies.php(39): Illuminate\\Pipeline\\Pipeline->Illuminate\\Pipeline\\{closure}(Object(Illuminate\\Http\\Request))
#62 D:\\AWM\\Tabkhtnaa\\BackEnd\\Tabkhtnaa\\vendor\\laravel\\framework\\src\\Illuminate\\Pipeline\\Pipeline.php(180): Illuminate\\Http\\Middleware\\TrustProxies->handle(Object(Illuminate\\Http\\Request), Object(Closure))
#63 D:\\AWM\\Tabkhtnaa\\BackEnd\\Tabkhtnaa\\vendor\\laravel\\framework\\src\\Illuminate\\Pipeline\\Pipeline.php(116): Illuminate\\Pipeline\\Pipeline->Illuminate\\Pipeline\\{closure}(Object(Illuminate\\Http\\Request))
#64 D:\\AWM\\Tabkhtnaa\\BackEnd\\Tabkhtnaa\\vendor\\laravel\\framework\\src\\Illuminate\\Foundation\\Http\\Kernel.php(165): Illuminate\\Pipeline\\Pipeline->then(Object(Closure))
#65 D:\\AWM\\Tabkhtnaa\\BackEnd\\Tabkhtnaa\\vendor\\laravel\\framework\\src\\Illuminate\\Foundation\\Http\\Kernel.php(134): Illuminate\\Foundation\\Http\\Kernel->sendRequestThroughRouter(Object(Illuminate\\Http\\Request))
#66 D:\\AWM\\Tabkhtnaa\\BackEnd\\Tabkhtnaa\\public\\index.php(51): Illuminate\\Foundation\\Http\\Kernel->handle(Object(Illuminate\\Http\\Request))
#67 D:\\AWM\\Tabkhtnaa\\BackEnd\\Tabkhtnaa\\vendor\\laravel\\framework\\src\\Illuminate\\Foundation\\resources\\server.php(16): require_once('D:\\\\AWM\\\\Tabkhtna...')
#68 {main}

[previous exception] [object] (ReflectionException(code: -1): Class \"App\\DataTables\\Sanction\" does not exist at D:\\AWM\\Tabkhtnaa\\BackEnd\\Tabkhtnaa\\vendor\\laravel\\framework\\src\\Illuminate\\Container\\Container.php:889)
[stacktrace]
#0 D:\\AWM\\Tabkhtnaa\\BackEnd\\Tabkhtnaa\\vendor\\laravel\\framework\\src\\Illuminate\\Container\\Container.php(889): ReflectionClass->__construct('App\\\\DataTables\\\\...')
#1 D:\\AWM\\Tabkhtnaa\\BackEnd\\Tabkhtnaa\\vendor\\laravel\\framework\\src\\Illuminate\\Container\\Container.php(770): Illuminate\\Container\\Container->build('App\\\\DataTables\\\\...')
#2 D:\\AWM\\Tabkhtnaa\\BackEnd\\Tabkhtnaa\\vendor\\laravel\\framework\\src\\Illuminate\\Foundation\\Application.php(856): Illuminate\\Container\\Container->resolve('App\\\\DataTables\\\\...', Array, true)
#3 D:\\AWM\\Tabkhtnaa\\BackEnd\\Tabkhtnaa\\vendor\\laravel\\framework\\src\\Illuminate\\Container\\Container.php(706): Illuminate\\Foundation\\Application->resolve('App\\\\DataTables\\\\...', Array)
#4 D:\\AWM\\Tabkhtnaa\\BackEnd\\Tabkhtnaa\\vendor\\laravel\\framework\\src\\Illuminate\\Foundation\\Application.php(841): Illuminate\\Container\\Container->make('App\\\\DataTables\\\\...', Array)
#5 D:\\AWM\\Tabkhtnaa\\BackEnd\\Tabkhtnaa\\vendor\\laravel\\framework\\src\\Illuminate\\Container\\BoundMethod.php(181): Illuminate\\Foundation\\Application->make('App\\\\DataTables\\\\...')
#6 D:\\AWM\\Tabkhtnaa\\BackEnd\\Tabkhtnaa\\vendor\\laravel\\framework\\src\\Illuminate\\Container\\BoundMethod.php(124): Illuminate\\Container\\BoundMethod::addDependencyForCallParameter(Object(Illuminate\\Foundation\\Application), Object(ReflectionParameter), Array, Array)
#7 D:\\AWM\\Tabkhtnaa\\BackEnd\\Tabkhtnaa\\vendor\\laravel\\framework\\src\\Illuminate\\Container\\BoundMethod.php(36): Illuminate\\Container\\BoundMethod::getMethodDependencies(Object(Illuminate\\Foundation\\Application), Array, Array)
#8 D:\\AWM\\Tabkhtnaa\\BackEnd\\Tabkhtnaa\\vendor\\laravel\\framework\\src\\Illuminate\\Container\\Util.php(41): Illuminate\\Container\\BoundMethod::Illuminate\\Container\\{closure}()
#9 D:\\AWM\\Tabkhtnaa\\BackEnd\\Tabkhtnaa\\vendor\\laravel\\framework\\src\\Illuminate\\Container\\BoundMethod.php(93): Illuminate\\Container\\Util::unwrapIfClosure(Object(Closure))
#10 D:\\AWM\\Tabkhtnaa\\BackEnd\\Tabkhtnaa\\vendor\\laravel\\framework\\src\\Illuminate\\Container\\BoundMethod.php(35): Illuminate\\Container\\BoundMethod::callBoundMethod(Object(Illuminate\\Foundation\\Application), Array, Object(Closure))
#11 D:\\AWM\\Tabkhtnaa\\BackEnd\\Tabkhtnaa\\vendor\\laravel\\framework\\src\\Illuminate\\Container\\Container.php(661): Illuminate\\Container\\BoundMethod::call(Object(Illuminate\\Foundation\\Application), Array, Array, NULL)
#12 D:\\AWM\\Tabkhtnaa\\BackEnd\\Tabkhtnaa\\vendor\\yajra\\laravel-datatables-buttons\\src\\Services\\DataTable.php(247): Illuminate\\Container\\Container->call(Array)
#13 D:\\AWM\\Tabkhtnaa\\BackEnd\\Tabkhtnaa\\vendor\\laravel\\framework\\src\\Illuminate\\Container\\BoundMethod.php(36): Yajra\\DataTables\\Services\\DataTable->ajax()
#14 D:\\AWM\\Tabkhtnaa\\BackEnd\\Tabkhtnaa\\vendor\\laravel\\framework\\src\\Illuminate\\Container\\Util.php(41): Illuminate\\Container\\BoundMethod::Illuminate\\Container\\{closure}()
#15 D:\\AWM\\Tabkhtnaa\\BackEnd\\Tabkhtnaa\\vendor\\laravel\\framework\\src\\Illuminate\\Container\\BoundMethod.php(93): Illuminate\\Container\\Util::unwrapIfClosure(Object(Closure))
#16 D:\\AWM\\Tabkhtnaa\\BackEnd\\Tabkhtnaa\\vendor\\laravel\\framework\\src\\Illuminate\\Container\\BoundMethod.php(35): Illuminate\\Container\\BoundMethod::callBoundMethod(Object(Illuminate\\Foundation\\Application), Array, Object(Closure))
#17 D:\\AWM\\Tabkhtnaa\\BackEnd\\Tabkhtnaa\\vendor\\laravel\\framework\\src\\Illuminate\\Container\\Container.php(661): Illuminate\\Container\\BoundMethod::call(Object(Illuminate\\Foundation\\Application), Array, Array, NULL)
#18 D:\\AWM\\Tabkhtnaa\\BackEnd\\Tabkhtnaa\\vendor\\yajra\\laravel-datatables-buttons\\src\\Services\\DataTable.php(206): Illuminate\\Container\\Container->call(Array)
#19 D:\\AWM\\Tabkhtnaa\\BackEnd\\Tabkhtnaa\\app\\Http\\Controllers\\Admin\\SanctionController.php(27): Yajra\\DataTables\\Services\\DataTable->render('admin.sanctions...', Array)
#20 D:\\AWM\\Tabkhtnaa\\BackEnd\\Tabkhtnaa\\vendor\\laravel\\framework\\src\\Illuminate\\Routing\\Controller.php(54): App\\Http\\Controllers\\Admin\\SanctionController->index(Object(Illuminate\\Http\\Request))
#21 D:\\AWM\\Tabkhtnaa\\BackEnd\\Tabkhtnaa\\vendor\\laravel\\framework\\src\\Illuminate\\Routing\\ControllerDispatcher.php(43): Illuminate\\Routing\\Controller->callAction('index', Array)
#22 D:\\AWM\\Tabkhtnaa\\BackEnd\\Tabkhtnaa\\vendor\\laravel\\framework\\src\\Illuminate\\Routing\\Route.php(259): Illuminate\\Routing\\ControllerDispatcher->dispatch(Object(Illuminate\\Routing\\Route), Object(App\\Http\\Controllers\\Admin\\SanctionController), 'index')
#23 D:\\AWM\\Tabkhtnaa\\BackEnd\\Tabkhtnaa\\vendor\\laravel\\framework\\src\\Illuminate\\Routing\\Route.php(205): Illuminate\\Routing\\Route->runController()
#24 D:\\AWM\\Tabkhtnaa\\BackEnd\\Tabkhtnaa\\vendor\\laravel\\framework\\src\\Illuminate\\Routing\\Router.php(798): Illuminate\\Routing\\Route->run()
#25 D:\\AWM\\Tabkhtnaa\\BackEnd\\Tabkhtnaa\\vendor\\laravel\\framework\\src\\Illuminate\\Pipeline\\Pipeline.php(141): Illuminate\\Routing\\Router->Illuminate\\Routing\\{closure}(Object(Illuminate\\Http\\Request))
#26 D:\\AWM\\Tabkhtnaa\\BackEnd\\Tabkhtnaa\\vendor\\laravel\\framework\\src\\Illuminate\\Routing\\Middleware\\SubstituteBindings.php(50): Illuminate\\Pipeline\\Pipeline->Illuminate\\Pipeline\\{closure}(Object(Illuminate\\Http\\Request))
#27 D:\\AWM\\Tabkhtnaa\\BackEnd\\Tabkhtnaa\\vendor\\laravel\\framework\\src\\Illuminate\\Pipeline\\Pipeline.php(180): Illuminate\\Routing\\Middleware\\SubstituteBindings->handle(Object(Illuminate\\Http\\Request), Object(Closure))
#28 D:\\AWM\\Tabkhtnaa\\BackEnd\\Tabkhtnaa\\vendor\\laravel\\framework\\src\\Illuminate\\Auth\\Middleware\\Authenticate.php(44): Illuminate\\Pipeline\\Pipeline->Illuminate\\Pipeline\\{closure}(Object(Illuminate\\Http\\Request))
#29 D:\\AWM\\Tabkhtnaa\\BackEnd\\Tabkhtnaa\\vendor\\laravel\\framework\\src\\Illuminate\\Pipeline\\Pipeline.php(180): Illuminate\\Auth\\Middleware\\Authenticate->handle(Object(Illuminate\\Http\\Request), Object(Closure), 'admin')
#30 D:\\AWM\\Tabkhtnaa\\BackEnd\\Tabkhtnaa\\vendor\\laravel\\framework\\src\\Illuminate\\Foundation\\Http\\Middleware\\VerifyCsrfToken.php(78): Illuminate\\Pipeline\\Pipeline->Illuminate\\Pipeline\\{closure}(Object(Illuminate\\Http\\Request))
#31 D:\\AWM\\Tabkhtnaa\\BackEnd\\Tabkhtnaa\\vendor\\laravel\\framework\\src\\Illuminate\\Pipeline\\Pipeline.php(180): Illuminate\\Foundation\\Http\\Middleware\\VerifyCsrfToken->handle(Object(Illuminate\\Http\\Request), Object(Closure))
#32 D:\\AWM\\Tabkhtnaa\\BackEnd\\Tabkhtnaa\\vendor\\laravel\\framework\\src\\Illuminate\\View\\Middleware\\ShareErrorsFromSession.php(49): Illuminate\\Pipeline\\Pipeline->Illuminate\\Pipeline\\{closure}(Object(Illuminate\\Http\\Request))
#33 D:\\AWM\\Tabkhtnaa\\BackEnd\\Tabkhtnaa\\vendor\\laravel\\framework\\src\\Illuminate\\Pipeline\\Pipeline.php(180): Illuminate\\View\\Middleware\\ShareErrorsFromSession->handle(Object(Illuminate\\Http\\Request), Object(Closure))
#34 D:\\AWM\\Tabkhtnaa\\BackEnd\\Tabkhtnaa\\vendor\\laravel\\framework\\src\\Illuminate\\Session\\Middleware\\StartSession.php(121): Illuminate\\Pipeline\\Pipeline->Illuminate\\Pipeline\\{closure}(Object(Illuminate\\Http\\Request))
#35 D:\\AWM\\Tabkhtnaa\\BackEnd\\Tabkhtnaa\\vendor\\laravel\\framework\\src\\Illuminate\\Session\\Middleware\\StartSession.php(64): Illuminate\\Session\\Middleware\\StartSession->handleStatefulRequest(Object(Illuminate\\Http\\Request), Object(Illuminate\\Session\\Store), Object(Closure))
#36 D:\\AWM\\Tabkhtnaa\\BackEnd\\Tabkhtnaa\\vendor\\laravel\\framework\\src\\Illuminate\\Pipeline\\Pipeline.php(180): Illuminate\\Session\\Middleware\\StartSession->handle(Object(Illuminate\\Http\\Request), Object(Closure))
#37 D:\\AWM\\Tabkhtnaa\\BackEnd\\Tabkhtnaa\\vendor\\laravel\\framework\\src\\Illuminate\\Cookie\\Middleware\\AddQueuedCookiesToResponse.php(37): Illuminate\\Pipeline\\Pipeline->Illuminate\\Pipeline\\{closure}(Object(Illuminate\\Http\\Request))
#38 D:\\AWM\\Tabkhtnaa\\BackEnd\\Tabkhtnaa\\vendor\\laravel\\framework\\src\\Illuminate\\Pipeline\\Pipeline.php(180): Illuminate\\Cookie\\Middleware\\AddQueuedCookiesToResponse->handle(Object(Illuminate\\Http\\Request), Object(Closure))
#39 D:\\AWM\\Tabkhtnaa\\BackEnd\\Tabkhtnaa\\vendor\\laravel\\framework\\src\\Illuminate\\Cookie\\Middleware\\EncryptCookies.php(67): Illuminate\\Pipeline\\Pipeline->Illuminate\\Pipeline\\{closure}(Object(Illuminate\\Http\\Request))
#40 D:\\AWM\\Tabkhtnaa\\BackEnd\\Tabkhtnaa\\vendor\\laravel\\framework\\src\\Illuminate\\Pipeline\\Pipeline.php(180): Illuminate\\Cookie\\Middleware\\EncryptCookies->handle(Object(Illuminate\\Http\\Request), Object(Closure))
#41 D:\\AWM\\Tabkhtnaa\\BackEnd\\Tabkhtnaa\\vendor\\laravel\\framework\\src\\Illuminate\\Pipeline\\Pipeline.php(116): Illuminate\\Pipeline\\Pipeline->Illuminate\\Pipeline\\{closure}(Object(Illuminate\\Http\\Request))
#42 D:\\AWM\\Tabkhtnaa\\BackEnd\\Tabkhtnaa\\vendor\\laravel\\framework\\src\\Illuminate\\Routing\\Router.php(797): Illuminate\\Pipeline\\Pipeline->then(Object(Closure))
#43 D:\\AWM\\Tabkhtnaa\\BackEnd\\Tabkhtnaa\\vendor\\laravel\\framework\\src\\Illuminate\\Routing\\Router.php(776): Illuminate\\Routing\\Router->runRouteWithinStack(Object(Illuminate\\Routing\\Route), Object(Illuminate\\Http\\Request))
#44 D:\\AWM\\Tabkhtnaa\\BackEnd\\Tabkhtnaa\\vendor\\laravel\\framework\\src\\Illuminate\\Routing\\Router.php(740): Illuminate\\Routing\\Router->runRoute(Object(Illuminate\\Http\\Request), Object(Illuminate\\Routing\\Route))
#45 D:\\AWM\\Tabkhtnaa\\BackEnd\\Tabkhtnaa\\vendor\\laravel\\framework\\src\\Illuminate\\Routing\\Router.php(729): Illuminate\\Routing\\Router->dispatchToRoute(Object(Illuminate\\Http\\Request))
#46 D:\\AWM\\Tabkhtnaa\\BackEnd\\Tabkhtnaa\\vendor\\laravel\\framework\\src\\Illuminate\\Foundation\\Http\\Kernel.php(190): Illuminate\\Routing\\Router->dispatch(Object(Illuminate\\Http\\Request))
#47 D:\\AWM\\Tabkhtnaa\\BackEnd\\Tabkhtnaa\\vendor\\laravel\\framework\\src\\Illuminate\\Pipeline\\Pipeline.php(141): Illuminate\\Foundation\\Http\\Kernel->Illuminate\\Foundation\\Http\\{closure}(Object(Illuminate\\Http\\Request))
#48 D:\\AWM\\Tabkhtnaa\\BackEnd\\Tabkhtnaa\\vendor\\barryvdh\\laravel-debugbar\\src\\Middleware\\InjectDebugbar.php(66): Illuminate\\Pipeline\\Pipeline->Illuminate\\Pipeline\\{closure}(Object(Illuminate\\Http\\Request))
#49 D:\\AWM\\Tabkhtnaa\\BackEnd\\Tabkhtnaa\\vendor\\laravel\\framework\\src\\Illuminate\\Pipeline\\Pipeline.php(180): Barryvdh\\Debugbar\\Middleware\\InjectDebugbar->handle(Object(Illuminate\\Http\\Request), Object(Closure))
#50 D:\\AWM\\Tabkhtnaa\\BackEnd\\Tabkhtnaa\\vendor\\laravel\\framework\\src\\Illuminate\\Foundation\\Http\\Middleware\\TransformsRequest.php(21): Illuminate\\Pipeline\\Pipeline->Illuminate\\Pipeline\\{closure}(Object(Illuminate\\Http\\Request))
#51 D:\\AWM\\Tabkhtnaa\\BackEnd\\Tabkhtnaa\\vendor\\laravel\\framework\\src\\Illuminate\\Foundation\\Http\\Middleware\\ConvertEmptyStringsToNull.php(31): Illuminate\\Foundation\\Http\\Middleware\\TransformsRequest->handle(Object(Illuminate\\Http\\Request), Object(Closure))
#52 D:\\AWM\\Tabkhtnaa\\BackEnd\\Tabkhtnaa\\vendor\\laravel\\framework\\src\\Illuminate\\Pipeline\\Pipeline.php(180): Illuminate\\Foundation\\Http\\Middleware\\ConvertEmptyStringsToNull->handle(Object(Illuminate\\Http\\Request), Object(Closure))
#53 D:\\AWM\\Tabkhtnaa\\BackEnd\\Tabkhtnaa\\vendor\\laravel\\framework\\src\\Illuminate\\Foundation\\Http\\Middleware\\TransformsRequest.php(21): Illuminate\\Pipeline\\Pipeline->Illuminate\\Pipeline\\{closure}(Object(Illuminate\\Http\\Request))
#54 D:\\AWM\\Tabkhtnaa\\BackEnd\\Tabkhtnaa\\vendor\\laravel\\framework\\src\\Illuminate\\Foundation\\Http\\Middleware\\TrimStrings.php(40): Illuminate\\Foundation\\Http\\Middleware\\TransformsRequest->handle(Object(Illuminate\\Http\\Request), Object(Closure))
#55 D:\\AWM\\Tabkhtnaa\\BackEnd\\Tabkhtnaa\\vendor\\laravel\\framework\\src\\Illuminate\\Pipeline\\Pipeline.php(180): Illuminate\\Foundation\\Http\\Middleware\\TrimStrings->handle(Object(Illuminate\\Http\\Request), Object(Closure))
#56 D:\\AWM\\Tabkhtnaa\\BackEnd\\Tabkhtnaa\\vendor\\laravel\\framework\\src\\Illuminate\\Foundation\\Http\\Middleware\\ValidatePostSize.php(27): Illuminate\\Pipeline\\Pipeline->Illuminate\\Pipeline\\{closure}(Object(Illuminate\\Http\\Request))
#57 D:\\AWM\\Tabkhtnaa\\BackEnd\\Tabkhtnaa\\vendor\\laravel\\framework\\src\\Illuminate\\Pipeline\\Pipeline.php(180): Illuminate\\Foundation\\Http\\Middleware\\ValidatePostSize->handle(Object(Illuminate\\Http\\Request), Object(Closure))
#58 D:\\AWM\\Tabkhtnaa\\BackEnd\\Tabkhtnaa\\vendor\\laravel\\framework\\src\\Illuminate\\Foundation\\Http\\Middleware\\PreventRequestsDuringMaintenance.php(86): Illuminate\\Pipeline\\Pipeline->Illuminate\\Pipeline\\{closure}(Object(Illuminate\\Http\\Request))
#59 D:\\AWM\\Tabkhtnaa\\BackEnd\\Tabkhtnaa\\vendor\\laravel\\framework\\src\\Illuminate\\Pipeline\\Pipeline.php(180): Illuminate\\Foundation\\Http\\Middleware\\PreventRequestsDuringMaintenance->handle(Object(Illuminate\\Http\\Request), Object(Closure))
#60 D:\\AWM\\Tabkhtnaa\\BackEnd\\Tabkhtnaa\\vendor\\laravel\\framework\\src\\Illuminate\\Http\\Middleware\\HandleCors.php(49): Illuminate\\Pipeline\\Pipeline->Illuminate\\Pipeline\\{closure}(Object(Illuminate\\Http\\Request))
#61 D:\\AWM\\Tabkhtnaa\\BackEnd\\Tabkhtnaa\\vendor\\laravel\\framework\\src\\Illuminate\\Pipeline\\Pipeline.php(180): Illuminate\\Http\\Middleware\\HandleCors->handle(Object(Illuminate\\Http\\Request), Object(Closure))
#62 D:\\AWM\\Tabkhtnaa\\BackEnd\\Tabkhtnaa\\vendor\\laravel\\framework\\src\\Illuminate\\Http\\Middleware\\TrustProxies.php(39): Illuminate\\Pipeline\\Pipeline->Illuminate\\Pipeline\\{closure}(Object(Illuminate\\Http\\Request))
#63 D:\\AWM\\Tabkhtnaa\\BackEnd\\Tabkhtnaa\\vendor\\laravel\\framework\\src\\Illuminate\\Pipeline\\Pipeline.php(180): Illuminate\\Http\\Middleware\\TrustProxies->handle(Object(Illuminate\\Http\\Request), Object(Closure))
#64 D:\\AWM\\Tabkhtnaa\\BackEnd\\Tabkhtnaa\\vendor\\laravel\\framework\\src\\Illuminate\\Pipeline\\Pipeline.php(116): Illuminate\\Pipeline\\Pipeline->Illuminate\\Pipeline\\{closure}(Object(Illuminate\\Http\\Request))
#65 D:\\AWM\\Tabkhtnaa\\BackEnd\\Tabkhtnaa\\vendor\\laravel\\framework\\src\\Illuminate\\Foundation\\Http\\Kernel.php(165): Illuminate\\Pipeline\\Pipeline->then(Object(Closure))
#66 D:\\AWM\\Tabkhtnaa\\BackEnd\\Tabkhtnaa\\vendor\\laravel\\framework\\src\\Illuminate\\Foundation\\Http\\Kernel.php(134): Illuminate\\Foundation\\Http\\Kernel->sendRequestThroughRouter(Object(Illuminate\\Http\\Request))
#67 D:\\AWM\\Tabkhtnaa\\BackEnd\\Tabkhtnaa\\public\\index.php(51): Illuminate\\Foundation\\Http\\Kernel->handle(Object(Illuminate\\Http\\Request))
#68 D:\\AWM\\Tabkhtnaa\\BackEnd\\Tabkhtnaa\\vendor\\laravel\\framework\\src\\Illuminate\\Foundation\\resources\\server.php(16): require_once('D:\\\\AWM\\\\Tabkhtna...')
#69 {main}
"} 
