[2026-06-27 13:46:48] local.ERROR: SQLSTATE[23000]: Integrity constraint violation: 1062 Duplicate entry '1' for key 'PRIMARY' (SQL: insert into `countries` (`id`, `name`, `iso3`, `numeric_code`, `iso2`, `phonecode`, `capital`, `currency`, `currency_name`, `currency_symbol`, `tld`, `native`, `region`, `subregion`, `timezones`, `translations`, `latitude`, `longitude`, `emoji`, `emojiU`, `created_at`, `updated_at`, `flag`, `wikiDataId`) values (1, Afghanistan, AFG, 004, AF, 93, Kabul, AFN, Afghan afghani, ؋, .af, افغانستان, Asia, Southern Asia, [{"zoneName":"Asia/Kabul","gmtOffset":16200,"gmtOffsetName":"UTC+04:30","abbreviation":"AFT","tzName":"Afghanistan Time"}], {"kr":"아프가니스탄","pt-BR":"Afeganistão","pt":"Afeganistão","nl":"Afghanistan","hr":"Afganistan","fa":"افغانستان","de":"Afghanistan","es":"Afganistán","fr":"Afghanistan","ja":"アフガニスタン","it":"Afghanistan","cn":"阿富汗","tr":"Afganistan"}, 33.00000000, 65.00000000, 🇦🇫, U+1F1E6 U+1F1EB, 2018-07-21 07:11:03, 2022-05-21 21:06:00, 1, Q889)) {"exception":"[object] (Illuminate\\Database\\QueryException(code: 23000): SQLSTATE[23000]: Integrity constraint violation: 1062 Duplicate entry '1' for key 'PRIMARY' (SQL: insert into `countries` (`id`, `name`, `iso3`, `numeric_code`, `iso2`, `phonecode`, `capital`, `currency`, `currency_name`, `currency_symbol`, `tld`, `native`, `region`, `subregion`, `timezones`, `translations`, `latitude`, `longitude`, `emoji`, `emojiU`, `created_at`, `updated_at`, `flag`, `wikiDataId`) values (1, Afghanistan, AFG, 004, AF, 93, Kabul, AFN, Afghan afghani, ؋, .af, افغانستان, Asia, Southern Asia, [{\"zoneName\":\"Asia/Kabul\",\"gmtOffset\":16200,\"gmtOffsetName\":\"UTC+04:30\",\"abbreviation\":\"AFT\",\"tzName\":\"Afghanistan Time\"}], {\"kr\":\"아프가니스탄\",\"pt-BR\":\"Afeganistão\",\"pt\":\"Afeganistão\",\"nl\":\"Afghanistan\",\"hr\":\"Afganistan\",\"fa\":\"افغانستان\",\"de\":\"Afghanistan\",\"es\":\"Afganistán\",\"fr\":\"Afghanistan\",\"ja\":\"アフガニスタン\",\"it\":\"Afghanistan\",\"cn\":\"阿富汗\",\"tr\":\"Afganistan\"}, 33.00000000, 65.00000000, 🇦🇫, U+1F1E6 U+1F1EB, 2018-07-21 07:11:03, 2022-05-21 21:06:00, 1, Q889)) at D:\\AWM\\Tabkhtnaa\\BackEnd\\Tabkhtnaa\\vendor\\laravel\\framework\\src\\Illuminate\\Database\\Connection.php:760)
[stacktrace]
#0 D:\\AWM\\Tabkhtnaa\\BackEnd\\Tabkhtnaa\\vendor\\laravel\\framework\\src\\Illuminate\\Database\\Connection.php(720): Illuminate\\Database\\Connection->runQueryCallback('insert into `co...', Array, Object(Closure))
#1 D:\\AWM\\Tabkhtnaa\\BackEnd\\Tabkhtnaa\\vendor\\laravel\\framework\\src\\Illuminate\\Database\\Connection.php(534): Illuminate\\Database\\Connection->run('insert into `co...', Array, Object(Closure))
#2 D:\\AWM\\Tabkhtnaa\\BackEnd\\Tabkhtnaa\\vendor\\laravel\\framework\\src\\Illuminate\\Database\\Connection.php(498): Illuminate\\Database\\Connection->statement('insert into `co...', Array)
#3 D:\\AWM\\Tabkhtnaa\\BackEnd\\Tabkhtnaa\\vendor\\laravel\\framework\\src\\Illuminate\\Database\\Query\\Builder.php(3272): Illuminate\\Database\\Connection->insert('insert into `co...', Array)
#4 D:\\AWM\\Tabkhtnaa\\BackEnd\\Tabkhtnaa\\database\\seeders\\CountrySeeder.php(265): Illuminate\\Database\\Query\\Builder->insert(Array)
#5 D:\\AWM\\Tabkhtnaa\\BackEnd\\Tabkhtnaa\\vendor\\laravel\\framework\\src\\Illuminate\\Container\\BoundMethod.php(36): Database\\Seeders\\CountrySeeder->run()
#6 D:\\AWM\\Tabkhtnaa\\BackEnd\\Tabkhtnaa\\vendor\\laravel\\framework\\src\\Illuminate\\Container\\Util.php(41): Illuminate\\Container\\BoundMethod::Illuminate\\Container\\{closure}()
#7 D:\\AWM\\Tabkhtnaa\\BackEnd\\Tabkhtnaa\\vendor\\laravel\\framework\\src\\Illuminate\\Container\\BoundMethod.php(93): Illuminate\\Container\\Util::unwrapIfClosure(Object(Closure))
#8 D:\\AWM\\Tabkhtnaa\\BackEnd\\Tabkhtnaa\\vendor\\laravel\\framework\\src\\Illuminate\\Container\\BoundMethod.php(35): Illuminate\\Container\\BoundMethod::callBoundMethod(Object(Illuminate\\Foundation\\Application), Array, Object(Closure))
#9 D:\\AWM\\Tabkhtnaa\\BackEnd\\Tabkhtnaa\\vendor\\laravel\\framework\\src\\Illuminate\\Container\\Container.php(661): Illuminate\\Container\\BoundMethod::call(Object(Illuminate\\Foundation\\Application), Array, Array, NULL)
#10 D:\\AWM\\Tabkhtnaa\\BackEnd\\Tabkhtnaa\\vendor\\laravel\\framework\\src\\Illuminate\\Database\\Seeder.php(184): Illuminate\\Container\\Container->call(Array, Array)
#11 D:\\AWM\\Tabkhtnaa\\BackEnd\\Tabkhtnaa\\vendor\\laravel\\framework\\src\\Illuminate\\Database\\Seeder.php(193): Illuminate\\Database\\Seeder->Illuminate\\Database\\{closure}()
#12 D:\\AWM\\Tabkhtnaa\\BackEnd\\Tabkhtnaa\\vendor\\laravel\\framework\\src\\Illuminate\\Database\\Seeder.php(61): Illuminate\\Database\\Seeder->__invoke(Array)
#13 D:\\AWM\\Tabkhtnaa\\BackEnd\\Tabkhtnaa\\database\\seeders\\DatabaseSeeder.php(17): Illuminate\\Database\\Seeder->call('Database\\\\Seeder...')
#14 D:\\AWM\\Tabkhtnaa\\BackEnd\\Tabkhtnaa\\vendor\\laravel\\framework\\src\\Illuminate\\Container\\BoundMethod.php(36): Database\\Seeders\\DatabaseSeeder->run()
#15 D:\\AWM\\Tabkhtnaa\\BackEnd\\Tabkhtnaa\\vendor\\laravel\\framework\\src\\Illuminate\\Container\\Util.php(41): Illuminate\\Container\\BoundMethod::Illuminate\\Container\\{closure}()
#16 D:\\AWM\\Tabkhtnaa\\BackEnd\\Tabkhtnaa\\vendor\\laravel\\framework\\src\\Illuminate\\Container\\BoundMethod.php(93): Illuminate\\Container\\Util::unwrapIfClosure(Object(Closure))
#17 D:\\AWM\\Tabkhtnaa\\BackEnd\\Tabkhtnaa\\vendor\\laravel\\framework\\src\\Illuminate\\Container\\BoundMethod.php(35): Illuminate\\Container\\BoundMethod::callBoundMethod(Object(Illuminate\\Foundation\\Application), Array, Object(Closure))
#18 D:\\AWM\\Tabkhtnaa\\BackEnd\\Tabkhtnaa\\vendor\\laravel\\framework\\src\\Illuminate\\Container\\Container.php(661): Illuminate\\Container\\BoundMethod::call(Object(Illuminate\\Foundation\\Application), Array, Array, NULL)
#19 D:\\AWM\\Tabkhtnaa\\BackEnd\\Tabkhtnaa\\vendor\\laravel\\framework\\src\\Illuminate\\Database\\Seeder.php(184): Illuminate\\Container\\Container->call(Array, Array)
#20 D:\\AWM\\Tabkhtnaa\\BackEnd\\Tabkhtnaa\\vendor\\laravel\\framework\\src\\Illuminate\\Database\\Seeder.php(193): Illuminate\\Database\\Seeder->Illuminate\\Database\\{closure}()
#21 D:\\AWM\\Tabkhtnaa\\BackEnd\\Tabkhtnaa\\vendor\\laravel\\framework\\src\\Illuminate\\Database\\Console\\Seeds\\SeedCommand.php(81): Illuminate\\Database\\Seeder->__invoke()
#22 D:\\AWM\\Tabkhtnaa\\BackEnd\\Tabkhtnaa\\vendor\\laravel\\framework\\src\\Illuminate\\Database\\Eloquent\\Concerns\\GuardsAttributes.php(155): Illuminate\\Database\\Console\\Seeds\\SeedCommand->Illuminate\\Database\\Console\\Seeds\\{closure}()
#23 D:\\AWM\\Tabkhtnaa\\BackEnd\\Tabkhtnaa\\vendor\\laravel\\framework\\src\\Illuminate\\Database\\Console\\Seeds\\SeedCommand.php(80): Illuminate\\Database\\Eloquent\\Model::unguarded(Object(Closure))
#24 D:\\AWM\\Tabkhtnaa\\BackEnd\\Tabkhtnaa\\vendor\\laravel\\framework\\src\\Illuminate\\Container\\BoundMethod.php(36): Illuminate\\Database\\Console\\Seeds\\SeedCommand->handle()
#25 D:\\AWM\\Tabkhtnaa\\BackEnd\\Tabkhtnaa\\vendor\\laravel\\framework\\src\\Illuminate\\Container\\Util.php(41): Illuminate\\Container\\BoundMethod::Illuminate\\Container\\{closure}()
#26 D:\\AWM\\Tabkhtnaa\\BackEnd\\Tabkhtnaa\\vendor\\laravel\\framework\\src\\Illuminate\\Container\\BoundMethod.php(93): Illuminate\\Container\\Util::unwrapIfClosure(Object(Closure))
#27 D:\\AWM\\Tabkhtnaa\\BackEnd\\Tabkhtnaa\\vendor\\laravel\\framework\\src\\Illuminate\\Container\\BoundMethod.php(35): Illuminate\\Container\\BoundMethod::callBoundMethod(Object(Illuminate\\Foundation\\Application), Array, Object(Closure))
#28 D:\\AWM\\Tabkhtnaa\\BackEnd\\Tabkhtnaa\\vendor\\laravel\\framework\\src\\Illuminate\\Container\\Container.php(661): Illuminate\\Container\\BoundMethod::call(Object(Illuminate\\Foundation\\Application), Array, Array, NULL)
#29 D:\\AWM\\Tabkhtnaa\\BackEnd\\Tabkhtnaa\\vendor\\laravel\\framework\\src\\Illuminate\\Console\\Command.php(183): Illuminate\\Container\\Container->call(Array)
#30 D:\\AWM\\Tabkhtnaa\\BackEnd\\Tabkhtnaa\\vendor\\symfony\\console\\Command\\Command.php(326): Illuminate\\Console\\Command->execute(Object(Symfony\\Component\\Console\\Input\\ArrayInput), Object(Illuminate\\Console\\OutputStyle))
#31 D:\\AWM\\Tabkhtnaa\\BackEnd\\Tabkhtnaa\\vendor\\laravel\\framework\\src\\Illuminate\\Console\\Command.php(152): Symfony\\Component\\Console\\Command\\Command->run(Object(Symfony\\Component\\Console\\Input\\ArrayInput), Object(Illuminate\\Console\\OutputStyle))
#32 D:\\AWM\\Tabkhtnaa\\BackEnd\\Tabkhtnaa\\vendor\\laravel\\framework\\src\\Illuminate\\Console\\Concerns\\CallsCommands.php(67): Illuminate\\Console\\Command->run(Object(Symfony\\Component\\Console\\Input\\ArrayInput), Object(Illuminate\\Console\\OutputStyle))
#33 D:\\AWM\\Tabkhtnaa\\BackEnd\\Tabkhtnaa\\vendor\\laravel\\framework\\src\\Illuminate\\Console\\Concerns\\CallsCommands.php(28): Illuminate\\Console\\Command->runCommand('db:seed', Array, Object(Illuminate\\Console\\OutputStyle))
#34 D:\\AWM\\Tabkhtnaa\\BackEnd\\Tabkhtnaa\\vendor\\laravel\\framework\\src\\Illuminate\\Database\\Console\\Migrations\\MigrateCommand.php(97): Illuminate\\Console\\Command->call('db:seed', Array)
#35 D:\\AWM\\Tabkhtnaa\\BackEnd\\Tabkhtnaa\\vendor\\laravel\\framework\\src\\Illuminate\\Database\\Migrations\\Migrator.php(628): Illuminate\\Database\\Console\\Migrations\\MigrateCommand->Illuminate\\Database\\Console\\Migrations\\{closure}()
#36 D:\\AWM\\Tabkhtnaa\\BackEnd\\Tabkhtnaa\\vendor\\laravel\\framework\\src\\Illuminate\\Database\\Console\\Migrations\\MigrateCommand.php(81): Illuminate\\Database\\Migrations\\Migrator->usingConnection(NULL, Object(Closure))
#37 D:\\AWM\\Tabkhtnaa\\BackEnd\\Tabkhtnaa\\vendor\\laravel\\framework\\src\\Illuminate\\Container\\BoundMethod.php(36): Illuminate\\Database\\Console\\Migrations\\MigrateCommand->handle()
#38 D:\\AWM\\Tabkhtnaa\\BackEnd\\Tabkhtnaa\\vendor\\laravel\\framework\\src\\Illuminate\\Container\\Util.php(41): Illuminate\\Container\\BoundMethod::Illuminate\\Container\\{closure}()
#39 D:\\AWM\\Tabkhtnaa\\BackEnd\\Tabkhtnaa\\vendor\\laravel\\framework\\src\\Illuminate\\Container\\BoundMethod.php(93): Illuminate\\Container\\Util::unwrapIfClosure(Object(Closure))
#40 D:\\AWM\\Tabkhtnaa\\BackEnd\\Tabkhtnaa\\vendor\\laravel\\framework\\src\\Illuminate\\Container\\BoundMethod.php(35): Illuminate\\Container\\BoundMethod::callBoundMethod(Object(Illuminate\\Foundation\\Application), Array, Object(Closure))
#41 D:\\AWM\\Tabkhtnaa\\BackEnd\\Tabkhtnaa\\vendor\\laravel\\framework\\src\\Illuminate\\Container\\Container.php(661): Illuminate\\Container\\BoundMethod::call(Object(Illuminate\\Foundation\\Application), Array, Array, NULL)
#42 D:\\AWM\\Tabkhtnaa\\BackEnd\\Tabkhtnaa\\vendor\\laravel\\framework\\src\\Illuminate\\Console\\Command.php(183): Illuminate\\Container\\Container->call(Array)
#43 D:\\AWM\\Tabkhtnaa\\BackEnd\\Tabkhtnaa\\vendor\\symfony\\console\\Command\\Command.php(326): Illuminate\\Console\\Command->execute(Object(Symfony\\Component\\Console\\Input\\ArgvInput), Object(Illuminate\\Console\\OutputStyle))
#44 D:\\AWM\\Tabkhtnaa\\BackEnd\\Tabkhtnaa\\vendor\\laravel\\framework\\src\\Illuminate\\Console\\Command.php(152): Symfony\\Component\\Console\\Command\\Command->run(Object(Symfony\\Component\\Console\\Input\\ArgvInput), Object(Illuminate\\Console\\OutputStyle))
#45 D:\\AWM\\Tabkhtnaa\\BackEnd\\Tabkhtnaa\\vendor\\symfony\\console\\Application.php(1063): Illuminate\\Console\\Command->run(Object(Symfony\\Component\\Console\\Input\\ArgvInput), Object(Symfony\\Component\\Console\\Output\\ConsoleOutput))
#46 D:\\AWM\\Tabkhtnaa\\BackEnd\\Tabkhtnaa\\vendor\\symfony\\console\\Application.php(320): Symfony\\Component\\Console\\Application->doRunCommand(Object(Illuminate\\Database\\Console\\Migrations\\MigrateCommand), Object(Symfony\\Component\\Console\\Input\\ArgvInput), Object(Symfony\\Component\\Console\\Output\\ConsoleOutput))
#47 D:\\AWM\\Tabkhtnaa\\BackEnd\\Tabkhtnaa\\vendor\\symfony\\console\\Application.php(174): Symfony\\Component\\Console\\Application->doRun(Object(Symfony\\Component\\Console\\Input\\ArgvInput), Object(Symfony\\Component\\Console\\Output\\ConsoleOutput))
#48 D:\\AWM\\Tabkhtnaa\\BackEnd\\Tabkhtnaa\\vendor\\laravel\\framework\\src\\Illuminate\\Console\\Application.php(102): Symfony\\Component\\Console\\Application->run(Object(Symfony\\Component\\Console\\Input\\ArgvInput), Object(Symfony\\Component\\Console\\Output\\ConsoleOutput))
#49 D:\\AWM\\Tabkhtnaa\\BackEnd\\Tabkhtnaa\\vendor\\laravel\\framework\\src\\Illuminate\\Foundation\\Console\\Kernel.php(155): Illuminate\\Console\\Application->run(Object(Symfony\\Component\\Console\\Input\\ArgvInput), Object(Symfony\\Component\\Console\\Output\\ConsoleOutput))
#50 D:\\AWM\\Tabkhtnaa\\BackEnd\\Tabkhtnaa\\artisan(35): Illuminate\\Foundation\\Console\\Kernel->handle(Object(Symfony\\Component\\Console\\Input\\ArgvInput), Object(Symfony\\Component\\Console\\Output\\ConsoleOutput))
#51 {main}

[previous exception] [object] (PDOException(code: 23000): SQLSTATE[23000]: Integrity constraint violation: 1062 Duplicate entry '1' for key 'PRIMARY' at D:\\AWM\\Tabkhtnaa\\BackEnd\\Tabkhtnaa\\vendor\\laravel\\framework\\src\\Illuminate\\Database\\Connection.php:545)
[stacktrace]
#0 D:\\AWM\\Tabkhtnaa\\BackEnd\\Tabkhtnaa\\vendor\\laravel\\framework\\src\\Illuminate\\Database\\Connection.php(545): PDOStatement->execute()
#1 D:\\AWM\\Tabkhtnaa\\BackEnd\\Tabkhtnaa\\vendor\\laravel\\framework\\src\\Illuminate\\Database\\Connection.php(753): Illuminate\\Database\\Connection->Illuminate\\Database\\{closure}('insert into `co...', Array)
#2 D:\\AWM\\Tabkhtnaa\\BackEnd\\Tabkhtnaa\\vendor\\laravel\\framework\\src\\Illuminate\\Database\\Connection.php(720): Illuminate\\Database\\Connection->runQueryCallback('insert into `co...', Array, Object(Closure))
#3 D:\\AWM\\Tabkhtnaa\\BackEnd\\Tabkhtnaa\\vendor\\laravel\\framework\\src\\Illuminate\\Database\\Connection.php(534): Illuminate\\Database\\Connection->run('insert into `co...', Array, Object(Closure))
#4 D:\\AWM\\Tabkhtnaa\\BackEnd\\Tabkhtnaa\\vendor\\laravel\\framework\\src\\Illuminate\\Database\\Connection.php(498): Illuminate\\Database\\Connection->statement('insert into `co...', Array)
#5 D:\\AWM\\Tabkhtnaa\\BackEnd\\Tabkhtnaa\\vendor\\laravel\\framework\\src\\Illuminate\\Database\\Query\\Builder.php(3272): Illuminate\\Database\\Connection->insert('insert into `co...', Array)
#6 D:\\AWM\\Tabkhtnaa\\BackEnd\\Tabkhtnaa\\database\\seeders\\CountrySeeder.php(265): Illuminate\\Database\\Query\\Builder->insert(Array)
#7 D:\\AWM\\Tabkhtnaa\\BackEnd\\Tabkhtnaa\\vendor\\laravel\\framework\\src\\Illuminate\\Container\\BoundMethod.php(36): Database\\Seeders\\CountrySeeder->run()
#8 D:\\AWM\\Tabkhtnaa\\BackEnd\\Tabkhtnaa\\vendor\\laravel\\framework\\src\\Illuminate\\Container\\Util.php(41): Illuminate\\Container\\BoundMethod::Illuminate\\Container\\{closure}()
#9 D:\\AWM\\Tabkhtnaa\\BackEnd\\Tabkhtnaa\\vendor\\laravel\\framework\\src\\Illuminate\\Container\\BoundMethod.php(93): Illuminate\\Container\\Util::unwrapIfClosure(Object(Closure))
#10 D:\\AWM\\Tabkhtnaa\\BackEnd\\Tabkhtnaa\\vendor\\laravel\\framework\\src\\Illuminate\\Container\\BoundMethod.php(35): Illuminate\\Container\\BoundMethod::callBoundMethod(Object(Illuminate\\Foundation\\Application), Array, Object(Closure))
#11 D:\\AWM\\Tabkhtnaa\\BackEnd\\Tabkhtnaa\\vendor\\laravel\\framework\\src\\Illuminate\\Container\\Container.php(661): Illuminate\\Container\\BoundMethod::call(Object(Illuminate\\Foundation\\Application), Array, Array, NULL)
#12 D:\\AWM\\Tabkhtnaa\\BackEnd\\Tabkhtnaa\\vendor\\laravel\\framework\\src\\Illuminate\\Database\\Seeder.php(184): Illuminate\\Container\\Container->call(Array, Array)
#13 D:\\AWM\\Tabkhtnaa\\BackEnd\\Tabkhtnaa\\vendor\\laravel\\framework\\src\\Illuminate\\Database\\Seeder.php(193): Illuminate\\Database\\Seeder->Illuminate\\Database\\{closure}()
#14 D:\\AWM\\Tabkhtnaa\\BackEnd\\Tabkhtnaa\\vendor\\laravel\\framework\\src\\Illuminate\\Database\\Seeder.php(61): Illuminate\\Database\\Seeder->__invoke(Array)
#15 D:\\AWM\\Tabkhtnaa\\BackEnd\\Tabkhtnaa\\database\\seeders\\DatabaseSeeder.php(17): Illuminate\\Database\\Seeder->call('Database\\\\Seeder...')
#16 D:\\AWM\\Tabkhtnaa\\BackEnd\\Tabkhtnaa\\vendor\\laravel\\framework\\src\\Illuminate\\Container\\BoundMethod.php(36): Database\\Seeders\\DatabaseSeeder->run()
#17 D:\\AWM\\Tabkhtnaa\\BackEnd\\Tabkhtnaa\\vendor\\laravel\\framework\\src\\Illuminate\\Container\\Util.php(41): Illuminate\\Container\\BoundMethod::Illuminate\\Container\\{closure}()
#18 D:\\AWM\\Tabkhtnaa\\BackEnd\\Tabkhtnaa\\vendor\\laravel\\framework\\src\\Illuminate\\Container\\BoundMethod.php(93): Illuminate\\Container\\Util::unwrapIfClosure(Object(Closure))
#19 D:\\AWM\\Tabkhtnaa\\BackEnd\\Tabkhtnaa\\vendor\\laravel\\framework\\src\\Illuminate\\Container\\BoundMethod.php(35): Illuminate\\Container\\BoundMethod::callBoundMethod(Object(Illuminate\\Foundation\\Application), Array, Object(Closure))
#20 D:\\AWM\\Tabkhtnaa\\BackEnd\\Tabkhtnaa\\vendor\\laravel\\framework\\src\\Illuminate\\Container\\Container.php(661): Illuminate\\Container\\BoundMethod::call(Object(Illuminate\\Foundation\\Application), Array, Array, NULL)
#21 D:\\AWM\\Tabkhtnaa\\BackEnd\\Tabkhtnaa\\vendor\\laravel\\framework\\src\\Illuminate\\Database\\Seeder.php(184): Illuminate\\Container\\Container->call(Array, Array)
#22 D:\\AWM\\Tabkhtnaa\\BackEnd\\Tabkhtnaa\\vendor\\laravel\\framework\\src\\Illuminate\\Database\\Seeder.php(193): Illuminate\\Database\\Seeder->Illuminate\\Database\\{closure}()
#23 D:\\AWM\\Tabkhtnaa\\BackEnd\\Tabkhtnaa\\vendor\\laravel\\framework\\src\\Illuminate\\Database\\Console\\Seeds\\SeedCommand.php(81): Illuminate\\Database\\Seeder->__invoke()
#24 D:\\AWM\\Tabkhtnaa\\BackEnd\\Tabkhtnaa\\vendor\\laravel\\framework\\src\\Illuminate\\Database\\Eloquent\\Concerns\\GuardsAttributes.php(155): Illuminate\\Database\\Console\\Seeds\\SeedCommand->Illuminate\\Database\\Console\\Seeds\\{closure}()
#25 D:\\AWM\\Tabkhtnaa\\BackEnd\\Tabkhtnaa\\vendor\\laravel\\framework\\src\\Illuminate\\Database\\Console\\Seeds\\SeedCommand.php(80): Illuminate\\Database\\Eloquent\\Model::unguarded(Object(Closure))
#26 D:\\AWM\\Tabkhtnaa\\BackEnd\\Tabkhtnaa\\vendor\\laravel\\framework\\src\\Illuminate\\Container\\BoundMethod.php(36): Illuminate\\Database\\Console\\Seeds\\SeedCommand->handle()
#27 D:\\AWM\\Tabkhtnaa\\BackEnd\\Tabkhtnaa\\vendor\\laravel\\framework\\src\\Illuminate\\Container\\Util.php(41): Illuminate\\Container\\BoundMethod::Illuminate\\Container\\{closure}()
#28 D:\\AWM\\Tabkhtnaa\\BackEnd\\Tabkhtnaa\\vendor\\laravel\\framework\\src\\Illuminate\\Container\\BoundMethod.php(93): Illuminate\\Container\\Util::unwrapIfClosure(Object(Closure))
#29 D:\\AWM\\Tabkhtnaa\\BackEnd\\Tabkhtnaa\\vendor\\laravel\\framework\\src\\Illuminate\\Container\\BoundMethod.php(35): Illuminate\\Container\\BoundMethod::callBoundMethod(Object(Illuminate\\Foundation\\Application), Array, Object(Closure))
#30 D:\\AWM\\Tabkhtnaa\\BackEnd\\Tabkhtnaa\\vendor\\laravel\\framework\\src\\Illuminate\\Container\\Container.php(661): Illuminate\\Container\\BoundMethod::call(Object(Illuminate\\Foundation\\Application), Array, Array, NULL)
#31 D:\\AWM\\Tabkhtnaa\\BackEnd\\Tabkhtnaa\\vendor\\laravel\\framework\\src\\Illuminate\\Console\\Command.php(183): Illuminate\\Container\\Container->call(Array)
#32 D:\\AWM\\Tabkhtnaa\\BackEnd\\Tabkhtnaa\\vendor\\symfony\\console\\Command\\Command.php(326): Illuminate\\Console\\Command->execute(Object(Symfony\\Component\\Console\\Input\\ArrayInput), Object(Illuminate\\Console\\OutputStyle))
#33 D:\\AWM\\Tabkhtnaa\\BackEnd\\Tabkhtnaa\\vendor\\laravel\\framework\\src\\Illuminate\\Console\\Command.php(152): Symfony\\Component\\Console\\Command\\Command->run(Object(Symfony\\Component\\Console\\Input\\ArrayInput), Object(Illuminate\\Console\\OutputStyle))
#34 D:\\AWM\\Tabkhtnaa\\BackEnd\\Tabkhtnaa\\vendor\\laravel\\framework\\src\\Illuminate\\Console\\Concerns\\CallsCommands.php(67): Illuminate\\Console\\Command->run(Object(Symfony\\Component\\Console\\Input\\ArrayInput), Object(Illuminate\\Console\\OutputStyle))
#35 D:\\AWM\\Tabkhtnaa\\BackEnd\\Tabkhtnaa\\vendor\\laravel\\framework\\src\\Illuminate\\Console\\Concerns\\CallsCommands.php(28): Illuminate\\Console\\Command->runCommand('db:seed', Array, Object(Illuminate\\Console\\OutputStyle))
#36 D:\\AWM\\Tabkhtnaa\\BackEnd\\Tabkhtnaa\\vendor\\laravel\\framework\\src\\Illuminate\\Database\\Console\\Migrations\\MigrateCommand.php(97): Illuminate\\Console\\Command->call('db:seed', Array)
#37 D:\\AWM\\Tabkhtnaa\\BackEnd\\Tabkhtnaa\\vendor\\laravel\\framework\\src\\Illuminate\\Database\\Migrations\\Migrator.php(628): Illuminate\\Database\\Console\\Migrations\\MigrateCommand->Illuminate\\Database\\Console\\Migrations\\{closure}()
#38 D:\\AWM\\Tabkhtnaa\\BackEnd\\Tabkhtnaa\\vendor\\laravel\\framework\\src\\Illuminate\\Database\\Console\\Migrations\\MigrateCommand.php(81): Illuminate\\Database\\Migrations\\Migrator->usingConnection(NULL, Object(Closure))
#39 D:\\AWM\\Tabkhtnaa\\BackEnd\\Tabkhtnaa\\vendor\\laravel\\framework\\src\\Illuminate\\Container\\BoundMethod.php(36): Illuminate\\Database\\Console\\Migrations\\MigrateCommand->handle()
#40 D:\\AWM\\Tabkhtnaa\\BackEnd\\Tabkhtnaa\\vendor\\laravel\\framework\\src\\Illuminate\\Container\\Util.php(41): Illuminate\\Container\\BoundMethod::Illuminate\\Container\\{closure}()
#41 D:\\AWM\\Tabkhtnaa\\BackEnd\\Tabkhtnaa\\vendor\\laravel\\framework\\src\\Illuminate\\Container\\BoundMethod.php(93): Illuminate\\Container\\Util::unwrapIfClosure(Object(Closure))
#42 D:\\AWM\\Tabkhtnaa\\BackEnd\\Tabkhtnaa\\vendor\\laravel\\framework\\src\\Illuminate\\Container\\BoundMethod.php(35): Illuminate\\Container\\BoundMethod::callBoundMethod(Object(Illuminate\\Foundation\\Application), Array, Object(Closure))
#43 D:\\AWM\\Tabkhtnaa\\BackEnd\\Tabkhtnaa\\vendor\\laravel\\framework\\src\\Illuminate\\Container\\Container.php(661): Illuminate\\Container\\BoundMethod::call(Object(Illuminate\\Foundation\\Application), Array, Array, NULL)
#44 D:\\AWM\\Tabkhtnaa\\BackEnd\\Tabkhtnaa\\vendor\\laravel\\framework\\src\\Illuminate\\Console\\Command.php(183): Illuminate\\Container\\Container->call(Array)
#45 D:\\AWM\\Tabkhtnaa\\BackEnd\\Tabkhtnaa\\vendor\\symfony\\console\\Command\\Command.php(326): Illuminate\\Console\\Command->execute(Object(Symfony\\Component\\Console\\Input\\ArgvInput), Object(Illuminate\\Console\\OutputStyle))
#46 D:\\AWM\\Tabkhtnaa\\BackEnd\\Tabkhtnaa\\vendor\\laravel\\framework\\src\\Illuminate\\Console\\Command.php(152): Symfony\\Component\\Console\\Command\\Command->run(Object(Symfony\\Component\\Console\\Input\\ArgvInput), Object(Illuminate\\Console\\OutputStyle))
#47 D:\\AWM\\Tabkhtnaa\\BackEnd\\Tabkhtnaa\\vendor\\symfony\\console\\Application.php(1063): Illuminate\\Console\\Command->run(Object(Symfony\\Component\\Console\\Input\\ArgvInput), Object(Symfony\\Component\\Console\\Output\\ConsoleOutput))
#48 D:\\AWM\\Tabkhtnaa\\BackEnd\\Tabkhtnaa\\vendor\\symfony\\console\\Application.php(320): Symfony\\Component\\Console\\Application->doRunCommand(Object(Illuminate\\Database\\Console\\Migrations\\MigrateCommand), Object(Symfony\\Component\\Console\\Input\\ArgvInput), Object(Symfony\\Component\\Console\\Output\\ConsoleOutput))
#49 D:\\AWM\\Tabkhtnaa\\BackEnd\\Tabkhtnaa\\vendor\\symfony\\console\\Application.php(174): Symfony\\Component\\Console\\Application->doRun(Object(Symfony\\Component\\Console\\Input\\ArgvInput), Object(Symfony\\Component\\Console\\Output\\ConsoleOutput))
#50 D:\\AWM\\Tabkhtnaa\\BackEnd\\Tabkhtnaa\\vendor\\laravel\\framework\\src\\Illuminate\\Console\\Application.php(102): Symfony\\Component\\Console\\Application->run(Object(Symfony\\Component\\Console\\Input\\ArgvInput), Object(Symfony\\Component\\Console\\Output\\ConsoleOutput))
#51 D:\\AWM\\Tabkhtnaa\\BackEnd\\Tabkhtnaa\\vendor\\laravel\\framework\\src\\Illuminate\\Foundation\\Console\\Kernel.php(155): Illuminate\\Console\\Application->run(Object(Symfony\\Component\\Console\\Input\\ArgvInput), Object(Symfony\\Component\\Console\\Output\\ConsoleOutput))
#52 D:\\AWM\\Tabkhtnaa\\BackEnd\\Tabkhtnaa\\artisan(35): Illuminate\\Foundation\\Console\\Kernel->handle(Object(Symfony\\Component\\Console\\Input\\ArgvInput), Object(Symfony\\Component\\Console\\Output\\ConsoleOutput))
#53 {main}
"} 
