[2026-05-30 00:34:46] local.ERROR: SQLSTATE[01000]: Warning: 1265 Data truncated for column 'status' at row 1 (SQL: insert into `order_history_statuses` (`order_id`, `status`, `action_by_type`, `action_by_id`, `updated_at`, `created_at`) values (3, prepare, client, 9, 2026-05-30 00:34:46, 2026-05-30 00:34:46)) {"exception":"[object] (Illuminate\\Database\\QueryException(code: 01000): SQLSTATE[01000]: Warning: 1265 Data truncated for column 'status' at row 1 (SQL: insert into `order_history_statuses` (`order_id`, `status`, `action_by_type`, `action_by_id`, `updated_at`, `created_at`) values (3, prepare, client, 9, 2026-05-30 00:34:46, 2026-05-30 00:34:46)) at D:\\AWM\\Tabkhtnaa\\BackEnd\\Tabkhtnaa\\vendor\\laravel\\framework\\src\\Illuminate\\Database\\Connection.php:760)
[stacktrace]
#0 D:\\AWM\\Tabkhtnaa\\BackEnd\\Tabkhtnaa\\vendor\\laravel\\framework\\src\\Illuminate\\Database\\Connection.php(720): Illuminate\\Database\\Connection->runQueryCallback('insert into `or...', Array, Object(Closure))
#1 D:\\AWM\\Tabkhtnaa\\BackEnd\\Tabkhtnaa\\vendor\\laravel\\framework\\src\\Illuminate\\Database\\Connection.php(534): Illuminate\\Database\\Connection->run('insert into `or...', Array, Object(Closure))
#2 D:\\AWM\\Tabkhtnaa\\BackEnd\\Tabkhtnaa\\vendor\\laravel\\framework\\src\\Illuminate\\Database\\Connection.php(498): Illuminate\\Database\\Connection->statement('insert into `or...', Array)
#3 D:\\AWM\\Tabkhtnaa\\BackEnd\\Tabkhtnaa\\vendor\\laravel\\framework\\src\\Illuminate\\Database\\Query\\Processors\\Processor.php(32): Illuminate\\Database\\Connection->insert('insert into `or...', Array)
#4 D:\\AWM\\Tabkhtnaa\\BackEnd\\Tabkhtnaa\\vendor\\laravel\\framework\\src\\Illuminate\\Database\\Query\\Builder.php(3322): Illuminate\\Database\\Query\\Processors\\Processor->processInsertGetId(Object(Illuminate\\Database\\Query\\Builder), 'insert into `or...', Array, 'id')
#5 D:\\AWM\\Tabkhtnaa\\BackEnd\\Tabkhtnaa\\vendor\\laravel\\framework\\src\\Illuminate\\Database\\Eloquent\\Builder.php(1869): Illuminate\\Database\\Query\\Builder->insertGetId(Array, 'id')
#6 D:\\AWM\\Tabkhtnaa\\BackEnd\\Tabkhtnaa\\vendor\\laravel\\framework\\src\\Illuminate\\Database\\Eloquent\\Model.php(1330): Illuminate\\Database\\Eloquent\\Builder->__call('insertGetId', Array)
#7 D:\\AWM\\Tabkhtnaa\\BackEnd\\Tabkhtnaa\\vendor\\laravel\\framework\\src\\Illuminate\\Database\\Eloquent\\Model.php(1295): Illuminate\\Database\\Eloquent\\Model->insertAndSetId(Object(Illuminate\\Database\\Eloquent\\Builder), Array)
#8 D:\\AWM\\Tabkhtnaa\\BackEnd\\Tabkhtnaa\\vendor\\laravel\\framework\\src\\Illuminate\\Database\\Eloquent\\Model.php(1138): Illuminate\\Database\\Eloquent\\Model->performInsert(Object(Illuminate\\Database\\Eloquent\\Builder))
#9 D:\\AWM\\Tabkhtnaa\\BackEnd\\Tabkhtnaa\\vendor\\laravel\\framework\\src\\Illuminate\\Database\\Eloquent\\Builder.php(566): Illuminate\\Database\\Eloquent\\Model->save()
#10 D:\\AWM\\Tabkhtnaa\\BackEnd\\Tabkhtnaa\\vendor\\laravel\\framework\\src\\Illuminate\\Support\\helpers.php(306): Illuminate\\Database\\Eloquent\\Builder->Illuminate\\Database\\Eloquent\\{closure}(Object(App\\Models\\OrderHistoryStatus))
#11 D:\\AWM\\Tabkhtnaa\\BackEnd\\Tabkhtnaa\\vendor\\laravel\\framework\\src\\Illuminate\\Database\\Eloquent\\Builder.php(565): tap(Object(App\\Models\\OrderHistoryStatus), Object(Closure))
#12 D:\\AWM\\Tabkhtnaa\\BackEnd\\Tabkhtnaa\\vendor\\laravel\\framework\\src\\Illuminate\\Support\\Traits\\ForwardsCalls.php(23): Illuminate\\Database\\Eloquent\\Builder->firstOrCreate(Array, Array)
#13 D:\\AWM\\Tabkhtnaa\\BackEnd\\Tabkhtnaa\\vendor\\laravel\\framework\\src\\Illuminate\\Database\\Eloquent\\Model.php(2330): Illuminate\\Database\\Eloquent\\Model->forwardCallTo(Object(Illuminate\\Database\\Eloquent\\Builder), 'firstOrCreate', Array)
#14 D:\\AWM\\Tabkhtnaa\\BackEnd\\Tabkhtnaa\\vendor\\laravel\\framework\\src\\Illuminate\\Database\\Eloquent\\Model.php(2342): Illuminate\\Database\\Eloquent\\Model->__call('firstOrCreate', Array)
#15 D:\\AWM\\Tabkhtnaa\\BackEnd\\Tabkhtnaa\\database\\seeders\\DemoDataSeeder.php(225): Illuminate\\Database\\Eloquent\\Model::__callStatic('firstOrCreate', Array)
#16 D:\\AWM\\Tabkhtnaa\\BackEnd\\Tabkhtnaa\\vendor\\laravel\\framework\\src\\Illuminate\\Container\\BoundMethod.php(36): Database\\Seeders\\DemoDataSeeder->run()
#17 D:\\AWM\\Tabkhtnaa\\BackEnd\\Tabkhtnaa\\vendor\\laravel\\framework\\src\\Illuminate\\Container\\Util.php(41): Illuminate\\Container\\BoundMethod::Illuminate\\Container\\{closure}()
#18 D:\\AWM\\Tabkhtnaa\\BackEnd\\Tabkhtnaa\\vendor\\laravel\\framework\\src\\Illuminate\\Container\\BoundMethod.php(93): Illuminate\\Container\\Util::unwrapIfClosure(Object(Closure))
#19 D:\\AWM\\Tabkhtnaa\\BackEnd\\Tabkhtnaa\\vendor\\laravel\\framework\\src\\Illuminate\\Container\\BoundMethod.php(35): Illuminate\\Container\\BoundMethod::callBoundMethod(Object(Illuminate\\Foundation\\Application), Array, Object(Closure))
#20 D:\\AWM\\Tabkhtnaa\\BackEnd\\Tabkhtnaa\\vendor\\laravel\\framework\\src\\Illuminate\\Container\\Container.php(661): Illuminate\\Container\\BoundMethod::call(Object(Illuminate\\Foundation\\Application), Array, Array, NULL)
#21 D:\\AWM\\Tabkhtnaa\\BackEnd\\Tabkhtnaa\\vendor\\laravel\\framework\\src\\Illuminate\\Database\\Seeder.php(184): Illuminate\\Container\\Container->call(Array, Array)
#22 D:\\AWM\\Tabkhtnaa\\BackEnd\\Tabkhtnaa\\vendor\\laravel\\framework\\src\\Illuminate\\Database\\Seeder.php(193): Illuminate\\Database\\Seeder->Illuminate\\Database\\{closure}()
#23 D:\\AWM\\Tabkhtnaa\\BackEnd\\Tabkhtnaa\\vendor\\laravel\\framework\\src\\Illuminate\\Database\\Console\\Seeds\\SeedCommand.php(81): Illuminate\\Database\\Seeder->__invoke()
#24 D:\\AWM\\Tabkhtnaa\\BackEnd\\Tabkhtnaa\\vendor\\laravel\\framework\\src\\Illuminate\\Database\\Eloquent\\Concerns\\GuardsAttributes.php(155): Illuminate\\Database\\Console\\Seeds\\SeedCommand->Illuminate\\Database\\Console\\Seeds\\{closure}()
#25 D:\\AWM\\Tabkhtnaa\\BackEnd\\Tabkhtnaa\\vendor\\laravel\\framework\\src\\Illuminate\\Database\\Console\\Seeds\\SeedCommand.php(80): Illuminate\\Database\\Eloquent\\Model::unguarded(Object(Closure))
#26 D:\\AWM\\Tabkhtnaa\\BackEnd\\Tabkhtnaa\\vendor\\laravel\\framework\\src\\Illuminate\\Container\\BoundMethod.php(36): Illuminate\\Database\\Console\\Seeds\\SeedCommand->handle()
#27 D:\\AWM\\Tabkhtnaa\\BackEnd\\Tabkhtnaa\\vendor\\laravel\\framework\\src\\Illuminate\\Container\\Util.php(41): Illuminate\\Container\\BoundMethod::Illuminate\\Container\\{closure}()
#28 D:\\AWM\\Tabkhtnaa\\BackEnd\\Tabkhtnaa\\vendor\\laravel\\framework\\src\\Illuminate\\Container\\BoundMethod.php(93): Illuminate\\Container\\Util::unwrapIfClosure(Object(Closure))
#29 D:\\AWM\\Tabkhtnaa\\BackEnd\\Tabkhtnaa\\vendor\\laravel\\framework\\src\\Illuminate\\Container\\BoundMethod.php(35): Illuminate\\Container\\BoundMethod::callBoundMethod(Object(Illuminate\\Foundation\\Application), Array, Object(Closure))
#30 D:\\AWM\\Tabkhtnaa\\BackEnd\\Tabkhtnaa\\vendor\\laravel\\framework\\src\\Illuminate\\Container\\Container.php(661): Illuminate\\Container\\BoundMethod::call(Object(Illuminate\\Foundation\\Application), Array, Array, NULL)
#31 D:\\AWM\\Tabkhtnaa\\BackEnd\\Tabkhtnaa\\vendor\\laravel\\framework\\src\\Illuminate\\Console\\Command.php(183): Illuminate\\Container\\Container->call(Array)
#32 D:\\AWM\\Tabkhtnaa\\BackEnd\\Tabkhtnaa\\vendor\\symfony\\console\\Command\\Command.php(326): Illuminate\\Console\\Command->execute(Object(Symfony\\Component\\Console\\Input\\ArgvInput), Object(Illuminate\\Console\\OutputStyle))
#33 D:\\AWM\\Tabkhtnaa\\BackEnd\\Tabkhtnaa\\vendor\\laravel\\framework\\src\\Illuminate\\Console\\Command.php(152): Symfony\\Component\\Console\\Command\\Command->run(Object(Symfony\\Component\\Console\\Input\\ArgvInput), Object(Illuminate\\Console\\OutputStyle))
#34 D:\\AWM\\Tabkhtnaa\\BackEnd\\Tabkhtnaa\\vendor\\symfony\\console\\Application.php(1063): Illuminate\\Console\\Command->run(Object(Symfony\\Component\\Console\\Input\\ArgvInput), Object(Symfony\\Component\\Console\\Output\\ConsoleOutput))
#35 D:\\AWM\\Tabkhtnaa\\BackEnd\\Tabkhtnaa\\vendor\\symfony\\console\\Application.php(320): Symfony\\Component\\Console\\Application->doRunCommand(Object(Illuminate\\Database\\Console\\Seeds\\SeedCommand), Object(Symfony\\Component\\Console\\Input\\ArgvInput), Object(Symfony\\Component\\Console\\Output\\ConsoleOutput))
#36 D:\\AWM\\Tabkhtnaa\\BackEnd\\Tabkhtnaa\\vendor\\symfony\\console\\Application.php(174): Symfony\\Component\\Console\\Application->doRun(Object(Symfony\\Component\\Console\\Input\\ArgvInput), Object(Symfony\\Component\\Console\\Output\\ConsoleOutput))
#37 D:\\AWM\\Tabkhtnaa\\BackEnd\\Tabkhtnaa\\vendor\\laravel\\framework\\src\\Illuminate\\Console\\Application.php(102): Symfony\\Component\\Console\\Application->run(Object(Symfony\\Component\\Console\\Input\\ArgvInput), Object(Symfony\\Component\\Console\\Output\\ConsoleOutput))
#38 D:\\AWM\\Tabkhtnaa\\BackEnd\\Tabkhtnaa\\vendor\\laravel\\framework\\src\\Illuminate\\Foundation\\Console\\Kernel.php(155): Illuminate\\Console\\Application->run(Object(Symfony\\Component\\Console\\Input\\ArgvInput), Object(Symfony\\Component\\Console\\Output\\ConsoleOutput))
#39 D:\\AWM\\Tabkhtnaa\\BackEnd\\Tabkhtnaa\\artisan(35): Illuminate\\Foundation\\Console\\Kernel->handle(Object(Symfony\\Component\\Console\\Input\\ArgvInput), Object(Symfony\\Component\\Console\\Output\\ConsoleOutput))
#40 {main}

[previous exception] [object] (PDOException(code: 01000): SQLSTATE[01000]: Warning: 1265 Data truncated for column 'status' at row 1 at D:\\AWM\\Tabkhtnaa\\BackEnd\\Tabkhtnaa\\vendor\\laravel\\framework\\src\\Illuminate\\Database\\Connection.php:545)
[stacktrace]
#0 D:\\AWM\\Tabkhtnaa\\BackEnd\\Tabkhtnaa\\vendor\\laravel\\framework\\src\\Illuminate\\Database\\Connection.php(545): PDOStatement->execute()
#1 D:\\AWM\\Tabkhtnaa\\BackEnd\\Tabkhtnaa\\vendor\\laravel\\framework\\src\\Illuminate\\Database\\Connection.php(753): Illuminate\\Database\\Connection->Illuminate\\Database\\{closure}('insert into `or...', Array)
#2 D:\\AWM\\Tabkhtnaa\\BackEnd\\Tabkhtnaa\\vendor\\laravel\\framework\\src\\Illuminate\\Database\\Connection.php(720): Illuminate\\Database\\Connection->runQueryCallback('insert into `or...', Array, Object(Closure))
#3 D:\\AWM\\Tabkhtnaa\\BackEnd\\Tabkhtnaa\\vendor\\laravel\\framework\\src\\Illuminate\\Database\\Connection.php(534): Illuminate\\Database\\Connection->run('insert into `or...', Array, Object(Closure))
#4 D:\\AWM\\Tabkhtnaa\\BackEnd\\Tabkhtnaa\\vendor\\laravel\\framework\\src\\Illuminate\\Database\\Connection.php(498): Illuminate\\Database\\Connection->statement('insert into `or...', Array)
#5 D:\\AWM\\Tabkhtnaa\\BackEnd\\Tabkhtnaa\\vendor\\laravel\\framework\\src\\Illuminate\\Database\\Query\\Processors\\Processor.php(32): Illuminate\\Database\\Connection->insert('insert into `or...', Array)
#6 D:\\AWM\\Tabkhtnaa\\BackEnd\\Tabkhtnaa\\vendor\\laravel\\framework\\src\\Illuminate\\Database\\Query\\Builder.php(3322): Illuminate\\Database\\Query\\Processors\\Processor->processInsertGetId(Object(Illuminate\\Database\\Query\\Builder), 'insert into `or...', Array, 'id')
#7 D:\\AWM\\Tabkhtnaa\\BackEnd\\Tabkhtnaa\\vendor\\laravel\\framework\\src\\Illuminate\\Database\\Eloquent\\Builder.php(1869): Illuminate\\Database\\Query\\Builder->insertGetId(Array, 'id')
#8 D:\\AWM\\Tabkhtnaa\\BackEnd\\Tabkhtnaa\\vendor\\laravel\\framework\\src\\Illuminate\\Database\\Eloquent\\Model.php(1330): Illuminate\\Database\\Eloquent\\Builder->__call('insertGetId', Array)
#9 D:\\AWM\\Tabkhtnaa\\BackEnd\\Tabkhtnaa\\vendor\\laravel\\framework\\src\\Illuminate\\Database\\Eloquent\\Model.php(1295): Illuminate\\Database\\Eloquent\\Model->insertAndSetId(Object(Illuminate\\Database\\Eloquent\\Builder), Array)
#10 D:\\AWM\\Tabkhtnaa\\BackEnd\\Tabkhtnaa\\vendor\\laravel\\framework\\src\\Illuminate\\Database\\Eloquent\\Model.php(1138): Illuminate\\Database\\Eloquent\\Model->performInsert(Object(Illuminate\\Database\\Eloquent\\Builder))
#11 D:\\AWM\\Tabkhtnaa\\BackEnd\\Tabkhtnaa\\vendor\\laravel\\framework\\src\\Illuminate\\Database\\Eloquent\\Builder.php(566): Illuminate\\Database\\Eloquent\\Model->save()
#12 D:\\AWM\\Tabkhtnaa\\BackEnd\\Tabkhtnaa\\vendor\\laravel\\framework\\src\\Illuminate\\Support\\helpers.php(306): Illuminate\\Database\\Eloquent\\Builder->Illuminate\\Database\\Eloquent\\{closure}(Object(App\\Models\\OrderHistoryStatus))
#13 D:\\AWM\\Tabkhtnaa\\BackEnd\\Tabkhtnaa\\vendor\\laravel\\framework\\src\\Illuminate\\Database\\Eloquent\\Builder.php(565): tap(Object(App\\Models\\OrderHistoryStatus), Object(Closure))
#14 D:\\AWM\\Tabkhtnaa\\BackEnd\\Tabkhtnaa\\vendor\\laravel\\framework\\src\\Illuminate\\Support\\Traits\\ForwardsCalls.php(23): Illuminate\\Database\\Eloquent\\Builder->firstOrCreate(Array, Array)
#15 D:\\AWM\\Tabkhtnaa\\BackEnd\\Tabkhtnaa\\vendor\\laravel\\framework\\src\\Illuminate\\Database\\Eloquent\\Model.php(2330): Illuminate\\Database\\Eloquent\\Model->forwardCallTo(Object(Illuminate\\Database\\Eloquent\\Builder), 'firstOrCreate', Array)
#16 D:\\AWM\\Tabkhtnaa\\BackEnd\\Tabkhtnaa\\vendor\\laravel\\framework\\src\\Illuminate\\Database\\Eloquent\\Model.php(2342): Illuminate\\Database\\Eloquent\\Model->__call('firstOrCreate', Array)
#17 D:\\AWM\\Tabkhtnaa\\BackEnd\\Tabkhtnaa\\database\\seeders\\DemoDataSeeder.php(225): Illuminate\\Database\\Eloquent\\Model::__callStatic('firstOrCreate', Array)
#18 D:\\AWM\\Tabkhtnaa\\BackEnd\\Tabkhtnaa\\vendor\\laravel\\framework\\src\\Illuminate\\Container\\BoundMethod.php(36): Database\\Seeders\\DemoDataSeeder->run()
#19 D:\\AWM\\Tabkhtnaa\\BackEnd\\Tabkhtnaa\\vendor\\laravel\\framework\\src\\Illuminate\\Container\\Util.php(41): Illuminate\\Container\\BoundMethod::Illuminate\\Container\\{closure}()
#20 D:\\AWM\\Tabkhtnaa\\BackEnd\\Tabkhtnaa\\vendor\\laravel\\framework\\src\\Illuminate\\Container\\BoundMethod.php(93): Illuminate\\Container\\Util::unwrapIfClosure(Object(Closure))
#21 D:\\AWM\\Tabkhtnaa\\BackEnd\\Tabkhtnaa\\vendor\\laravel\\framework\\src\\Illuminate\\Container\\BoundMethod.php(35): Illuminate\\Container\\BoundMethod::callBoundMethod(Object(Illuminate\\Foundation\\Application), Array, Object(Closure))
#22 D:\\AWM\\Tabkhtnaa\\BackEnd\\Tabkhtnaa\\vendor\\laravel\\framework\\src\\Illuminate\\Container\\Container.php(661): Illuminate\\Container\\BoundMethod::call(Object(Illuminate\\Foundation\\Application), Array, Array, NULL)
#23 D:\\AWM\\Tabkhtnaa\\BackEnd\\Tabkhtnaa\\vendor\\laravel\\framework\\src\\Illuminate\\Database\\Seeder.php(184): Illuminate\\Container\\Container->call(Array, Array)
#24 D:\\AWM\\Tabkhtnaa\\BackEnd\\Tabkhtnaa\\vendor\\laravel\\framework\\src\\Illuminate\\Database\\Seeder.php(193): Illuminate\\Database\\Seeder->Illuminate\\Database\\{closure}()
#25 D:\\AWM\\Tabkhtnaa\\BackEnd\\Tabkhtnaa\\vendor\\laravel\\framework\\src\\Illuminate\\Database\\Console\\Seeds\\SeedCommand.php(81): Illuminate\\Database\\Seeder->__invoke()
#26 D:\\AWM\\Tabkhtnaa\\BackEnd\\Tabkhtnaa\\vendor\\laravel\\framework\\src\\Illuminate\\Database\\Eloquent\\Concerns\\GuardsAttributes.php(155): Illuminate\\Database\\Console\\Seeds\\SeedCommand->Illuminate\\Database\\Console\\Seeds\\{closure}()
#27 D:\\AWM\\Tabkhtnaa\\BackEnd\\Tabkhtnaa\\vendor\\laravel\\framework\\src\\Illuminate\\Database\\Console\\Seeds\\SeedCommand.php(80): Illuminate\\Database\\Eloquent\\Model::unguarded(Object(Closure))
#28 D:\\AWM\\Tabkhtnaa\\BackEnd\\Tabkhtnaa\\vendor\\laravel\\framework\\src\\Illuminate\\Container\\BoundMethod.php(36): Illuminate\\Database\\Console\\Seeds\\SeedCommand->handle()
#29 D:\\AWM\\Tabkhtnaa\\BackEnd\\Tabkhtnaa\\vendor\\laravel\\framework\\src\\Illuminate\\Container\\Util.php(41): Illuminate\\Container\\BoundMethod::Illuminate\\Container\\{closure}()
#30 D:\\AWM\\Tabkhtnaa\\BackEnd\\Tabkhtnaa\\vendor\\laravel\\framework\\src\\Illuminate\\Container\\BoundMethod.php(93): Illuminate\\Container\\Util::unwrapIfClosure(Object(Closure))
#31 D:\\AWM\\Tabkhtnaa\\BackEnd\\Tabkhtnaa\\vendor\\laravel\\framework\\src\\Illuminate\\Container\\BoundMethod.php(35): Illuminate\\Container\\BoundMethod::callBoundMethod(Object(Illuminate\\Foundation\\Application), Array, Object(Closure))
#32 D:\\AWM\\Tabkhtnaa\\BackEnd\\Tabkhtnaa\\vendor\\laravel\\framework\\src\\Illuminate\\Container\\Container.php(661): Illuminate\\Container\\BoundMethod::call(Object(Illuminate\\Foundation\\Application), Array, Array, NULL)
#33 D:\\AWM\\Tabkhtnaa\\BackEnd\\Tabkhtnaa\\vendor\\laravel\\framework\\src\\Illuminate\\Console\\Command.php(183): Illuminate\\Container\\Container->call(Array)
#34 D:\\AWM\\Tabkhtnaa\\BackEnd\\Tabkhtnaa\\vendor\\symfony\\console\\Command\\Command.php(326): Illuminate\\Console\\Command->execute(Object(Symfony\\Component\\Console\\Input\\ArgvInput), Object(Illuminate\\Console\\OutputStyle))
#35 D:\\AWM\\Tabkhtnaa\\BackEnd\\Tabkhtnaa\\vendor\\laravel\\framework\\src\\Illuminate\\Console\\Command.php(152): Symfony\\Component\\Console\\Command\\Command->run(Object(Symfony\\Component\\Console\\Input\\ArgvInput), Object(Illuminate\\Console\\OutputStyle))
#36 D:\\AWM\\Tabkhtnaa\\BackEnd\\Tabkhtnaa\\vendor\\symfony\\console\\Application.php(1063): Illuminate\\Console\\Command->run(Object(Symfony\\Component\\Console\\Input\\ArgvInput), Object(Symfony\\Component\\Console\\Output\\ConsoleOutput))
#37 D:\\AWM\\Tabkhtnaa\\BackEnd\\Tabkhtnaa\\vendor\\symfony\\console\\Application.php(320): Symfony\\Component\\Console\\Application->doRunCommand(Object(Illuminate\\Database\\Console\\Seeds\\SeedCommand), Object(Symfony\\Component\\Console\\Input\\ArgvInput), Object(Symfony\\Component\\Console\\Output\\ConsoleOutput))
#38 D:\\AWM\\Tabkhtnaa\\BackEnd\\Tabkhtnaa\\vendor\\symfony\\console\\Application.php(174): Symfony\\Component\\Console\\Application->doRun(Object(Symfony\\Component\\Console\\Input\\ArgvInput), Object(Symfony\\Component\\Console\\Output\\ConsoleOutput))
#39 D:\\AWM\\Tabkhtnaa\\BackEnd\\Tabkhtnaa\\vendor\\laravel\\framework\\src\\Illuminate\\Console\\Application.php(102): Symfony\\Component\\Console\\Application->run(Object(Symfony\\Component\\Console\\Input\\ArgvInput), Object(Symfony\\Component\\Console\\Output\\ConsoleOutput))
#40 D:\\AWM\\Tabkhtnaa\\BackEnd\\Tabkhtnaa\\vendor\\laravel\\framework\\src\\Illuminate\\Foundation\\Console\\Kernel.php(155): Illuminate\\Console\\Application->run(Object(Symfony\\Component\\Console\\Input\\ArgvInput), Object(Symfony\\Component\\Console\\Output\\ConsoleOutput))
#41 D:\\AWM\\Tabkhtnaa\\BackEnd\\Tabkhtnaa\\artisan(35): Illuminate\\Foundation\\Console\\Kernel->handle(Object(Symfony\\Component\\Console\\Input\\ArgvInput), Object(Symfony\\Component\\Console\\Output\\ConsoleOutput))
#42 {main}
"} 
[2026-05-30 00:35:52] local.ERROR: Attempt to read property "value" on null {"userId":11,"exception":"[object] (ErrorException(code: 0): Attempt to read property \"value\" on null at D:\\AWM\\Tabkhtnaa\\BackEnd\\Tabkhtnaa\\app\\Http\\Controllers\\api\\v1\\ComplaintController.php:28)
[stacktrace]
#0 D:\\AWM\\Tabkhtnaa\\BackEnd\\Tabkhtnaa\\vendor\\laravel\\framework\\src\\Illuminate\\Foundation\\Bootstrap\\HandleExceptions.php(270): Illuminate\\Foundation\\Bootstrap\\HandleExceptions->handleError(2, 'Attempt to read...', 'D:\\\\AWM\\\\Tabkhtna...', 28)
#1 D:\\AWM\\Tabkhtnaa\\BackEnd\\Tabkhtnaa\\app\\Http\\Controllers\\api\\v1\\ComplaintController.php(28): Illuminate\\Foundation\\Bootstrap\\HandleExceptions->Illuminate\\Foundation\\Bootstrap\\{closure}(2, 'Attempt to read...', 'D:\\\\AWM\\\\Tabkhtna...', 28)
#2 D:\\AWM\\Tabkhtnaa\\BackEnd\\Tabkhtnaa\\vendor\\laravel\\framework\\src\\Illuminate\\Routing\\Controller.php(54): App\\Http\\Controllers\\api\\v1\\ComplaintController->createComplaint(Object(App\\Http\\Requests\\api\\v1\\complaint\\CreateComplaintRequest))
#3 D:\\AWM\\Tabkhtnaa\\BackEnd\\Tabkhtnaa\\vendor\\laravel\\framework\\src\\Illuminate\\Routing\\ControllerDispatcher.php(43): Illuminate\\Routing\\Controller->callAction('createComplaint', Array)
#4 D:\\AWM\\Tabkhtnaa\\BackEnd\\Tabkhtnaa\\vendor\\laravel\\framework\\src\\Illuminate\\Routing\\Route.php(259): Illuminate\\Routing\\ControllerDispatcher->dispatch(Object(Illuminate\\Routing\\Route), Object(App\\Http\\Controllers\\api\\v1\\ComplaintController), 'createComplaint')
#5 D:\\AWM\\Tabkhtnaa\\BackEnd\\Tabkhtnaa\\vendor\\laravel\\framework\\src\\Illuminate\\Routing\\Route.php(205): Illuminate\\Routing\\Route->runController()
#6 D:\\AWM\\Tabkhtnaa\\BackEnd\\Tabkhtnaa\\vendor\\laravel\\framework\\src\\Illuminate\\Routing\\Router.php(798): Illuminate\\Routing\\Route->run()
#7 D:\\AWM\\Tabkhtnaa\\BackEnd\\Tabkhtnaa\\vendor\\laravel\\framework\\src\\Illuminate\\Pipeline\\Pipeline.php(141): Illuminate\\Routing\\Router->Illuminate\\Routing\\{closure}(Object(Illuminate\\Http\\Request))
#8 D:\\AWM\\Tabkhtnaa\\BackEnd\\Tabkhtnaa\\app\\Http\\Middleware\\setLangMiddleware.php(21): Illuminate\\Pipeline\\Pipeline->Illuminate\\Pipeline\\{closure}(Object(Illuminate\\Http\\Request))
#9 D:\\AWM\\Tabkhtnaa\\BackEnd\\Tabkhtnaa\\vendor\\laravel\\framework\\src\\Illuminate\\Pipeline\\Pipeline.php(180): App\\Http\\Middleware\\setLangMiddleware->handle(Object(Illuminate\\Http\\Request), Object(Closure))
#10 D:\\AWM\\Tabkhtnaa\\BackEnd\\Tabkhtnaa\\vendor\\laravel\\framework\\src\\Illuminate\\Routing\\Middleware\\SubstituteBindings.php(50): Illuminate\\Pipeline\\Pipeline->Illuminate\\Pipeline\\{closure}(Object(Illuminate\\Http\\Request))
#11 D:\\AWM\\Tabkhtnaa\\BackEnd\\Tabkhtnaa\\vendor\\laravel\\framework\\src\\Illuminate\\Pipeline\\Pipeline.php(180): Illuminate\\Routing\\Middleware\\SubstituteBindings->handle(Object(Illuminate\\Http\\Request), Object(Closure))
#12 D:\\AWM\\Tabkhtnaa\\BackEnd\\Tabkhtnaa\\vendor\\laravel\\framework\\src\\Illuminate\\Routing\\Middleware\\ThrottleRequests.php(126): Illuminate\\Pipeline\\Pipeline->Illuminate\\Pipeline\\{closure}(Object(Illuminate\\Http\\Request))
#13 D:\\AWM\\Tabkhtnaa\\BackEnd\\Tabkhtnaa\\vendor\\laravel\\framework\\src\\Illuminate\\Routing\\Middleware\\ThrottleRequests.php(92): Illuminate\\Routing\\Middleware\\ThrottleRequests->handleRequest(Object(Illuminate\\Http\\Request), Object(Closure), Array)
#14 D:\\AWM\\Tabkhtnaa\\BackEnd\\Tabkhtnaa\\vendor\\laravel\\framework\\src\\Illuminate\\Routing\\Middleware\\ThrottleRequests.php(54): Illuminate\\Routing\\Middleware\\ThrottleRequests->handleRequestUsingNamedLimiter(Object(Illuminate\\Http\\Request), Object(Closure), 'api', Object(Closure))
#15 D:\\AWM\\Tabkhtnaa\\BackEnd\\Tabkhtnaa\\vendor\\laravel\\framework\\src\\Illuminate\\Pipeline\\Pipeline.php(180): Illuminate\\Routing\\Middleware\\ThrottleRequests->handle(Object(Illuminate\\Http\\Request), Object(Closure), 'api')
#16 D:\\AWM\\Tabkhtnaa\\BackEnd\\Tabkhtnaa\\vendor\\laravel\\framework\\src\\Illuminate\\Auth\\Middleware\\Authenticate.php(44): Illuminate\\Pipeline\\Pipeline->Illuminate\\Pipeline\\{closure}(Object(Illuminate\\Http\\Request))
#17 D:\\AWM\\Tabkhtnaa\\BackEnd\\Tabkhtnaa\\vendor\\laravel\\framework\\src\\Illuminate\\Pipeline\\Pipeline.php(180): Illuminate\\Auth\\Middleware\\Authenticate->handle(Object(Illuminate\\Http\\Request), Object(Closure), 'sanctum')
#18 D:\\AWM\\Tabkhtnaa\\BackEnd\\Tabkhtnaa\\vendor\\laravel\\framework\\src\\Illuminate\\Pipeline\\Pipeline.php(116): Illuminate\\Pipeline\\Pipeline->Illuminate\\Pipeline\\{closure}(Object(Illuminate\\Http\\Request))
#19 D:\\AWM\\Tabkhtnaa\\BackEnd\\Tabkhtnaa\\vendor\\laravel\\framework\\src\\Illuminate\\Routing\\Router.php(797): Illuminate\\Pipeline\\Pipeline->then(Object(Closure))
#20 D:\\AWM\\Tabkhtnaa\\BackEnd\\Tabkhtnaa\\vendor\\laravel\\framework\\src\\Illuminate\\Routing\\Router.php(776): Illuminate\\Routing\\Router->runRouteWithinStack(Object(Illuminate\\Routing\\Route), Object(Illuminate\\Http\\Request))
#21 D:\\AWM\\Tabkhtnaa\\BackEnd\\Tabkhtnaa\\vendor\\laravel\\framework\\src\\Illuminate\\Routing\\Router.php(740): Illuminate\\Routing\\Router->runRoute(Object(Illuminate\\Http\\Request), Object(Illuminate\\Routing\\Route))
#22 D:\\AWM\\Tabkhtnaa\\BackEnd\\Tabkhtnaa\\vendor\\laravel\\framework\\src\\Illuminate\\Routing\\Router.php(729): Illuminate\\Routing\\Router->dispatchToRoute(Object(Illuminate\\Http\\Request))
#23 D:\\AWM\\Tabkhtnaa\\BackEnd\\Tabkhtnaa\\vendor\\laravel\\framework\\src\\Illuminate\\Foundation\\Http\\Kernel.php(190): Illuminate\\Routing\\Router->dispatch(Object(Illuminate\\Http\\Request))
#24 D:\\AWM\\Tabkhtnaa\\BackEnd\\Tabkhtnaa\\vendor\\laravel\\framework\\src\\Illuminate\\Pipeline\\Pipeline.php(141): Illuminate\\Foundation\\Http\\Kernel->Illuminate\\Foundation\\Http\\{closure}(Object(Illuminate\\Http\\Request))
#25 D:\\AWM\\Tabkhtnaa\\BackEnd\\Tabkhtnaa\\vendor\\barryvdh\\laravel-debugbar\\src\\Middleware\\InjectDebugbar.php(66): Illuminate\\Pipeline\\Pipeline->Illuminate\\Pipeline\\{closure}(Object(Illuminate\\Http\\Request))
#26 D:\\AWM\\Tabkhtnaa\\BackEnd\\Tabkhtnaa\\vendor\\laravel\\framework\\src\\Illuminate\\Pipeline\\Pipeline.php(180): Barryvdh\\Debugbar\\Middleware\\InjectDebugbar->handle(Object(Illuminate\\Http\\Request), Object(Closure))
#27 D:\\AWM\\Tabkhtnaa\\BackEnd\\Tabkhtnaa\\vendor\\laravel\\framework\\src\\Illuminate\\Foundation\\Http\\Middleware\\TransformsRequest.php(21): Illuminate\\Pipeline\\Pipeline->Illuminate\\Pipeline\\{closure}(Object(Illuminate\\Http\\Request))
#28 D:\\AWM\\Tabkhtnaa\\BackEnd\\Tabkhtnaa\\vendor\\laravel\\framework\\src\\Illuminate\\Foundation\\Http\\Middleware\\ConvertEmptyStringsToNull.php(31): Illuminate\\Foundation\\Http\\Middleware\\TransformsRequest->handle(Object(Illuminate\\Http\\Request), Object(Closure))
#29 D:\\AWM\\Tabkhtnaa\\BackEnd\\Tabkhtnaa\\vendor\\laravel\\framework\\src\\Illuminate\\Pipeline\\Pipeline.php(180): Illuminate\\Foundation\\Http\\Middleware\\ConvertEmptyStringsToNull->handle(Object(Illuminate\\Http\\Request), Object(Closure))
#30 D:\\AWM\\Tabkhtnaa\\BackEnd\\Tabkhtnaa\\vendor\\laravel\\framework\\src\\Illuminate\\Foundation\\Http\\Middleware\\TransformsRequest.php(21): Illuminate\\Pipeline\\Pipeline->Illuminate\\Pipeline\\{closure}(Object(Illuminate\\Http\\Request))
#31 D:\\AWM\\Tabkhtnaa\\BackEnd\\Tabkhtnaa\\vendor\\laravel\\framework\\src\\Illuminate\\Foundation\\Http\\Middleware\\TrimStrings.php(40): Illuminate\\Foundation\\Http\\Middleware\\TransformsRequest->handle(Object(Illuminate\\Http\\Request), Object(Closure))
#32 D:\\AWM\\Tabkhtnaa\\BackEnd\\Tabkhtnaa\\vendor\\laravel\\framework\\src\\Illuminate\\Pipeline\\Pipeline.php(180): Illuminate\\Foundation\\Http\\Middleware\\TrimStrings->handle(Object(Illuminate\\Http\\Request), Object(Closure))
#33 D:\\AWM\\Tabkhtnaa\\BackEnd\\Tabkhtnaa\\vendor\\laravel\\framework\\src\\Illuminate\\Foundation\\Http\\Middleware\\ValidatePostSize.php(27): Illuminate\\Pipeline\\Pipeline->Illuminate\\Pipeline\\{closure}(Object(Illuminate\\Http\\Request))
#34 D:\\AWM\\Tabkhtnaa\\BackEnd\\Tabkhtnaa\\vendor\\laravel\\framework\\src\\Illuminate\\Pipeline\\Pipeline.php(180): Illuminate\\Foundation\\Http\\Middleware\\ValidatePostSize->handle(Object(Illuminate\\Http\\Request), Object(Closure))
#35 D:\\AWM\\Tabkhtnaa\\BackEnd\\Tabkhtnaa\\vendor\\laravel\\framework\\src\\Illuminate\\Foundation\\Http\\Middleware\\PreventRequestsDuringMaintenance.php(86): Illuminate\\Pipeline\\Pipeline->Illuminate\\Pipeline\\{closure}(Object(Illuminate\\Http\\Request))
#36 D:\\AWM\\Tabkhtnaa\\BackEnd\\Tabkhtnaa\\vendor\\laravel\\framework\\src\\Illuminate\\Pipeline\\Pipeline.php(180): Illuminate\\Foundation\\Http\\Middleware\\PreventRequestsDuringMaintenance->handle(Object(Illuminate\\Http\\Request), Object(Closure))
#37 D:\\AWM\\Tabkhtnaa\\BackEnd\\Tabkhtnaa\\vendor\\laravel\\framework\\src\\Illuminate\\Http\\Middleware\\HandleCors.php(62): Illuminate\\Pipeline\\Pipeline->Illuminate\\Pipeline\\{closure}(Object(Illuminate\\Http\\Request))
#38 D:\\AWM\\Tabkhtnaa\\BackEnd\\Tabkhtnaa\\vendor\\laravel\\framework\\src\\Illuminate\\Pipeline\\Pipeline.php(180): Illuminate\\Http\\Middleware\\HandleCors->handle(Object(Illuminate\\Http\\Request), Object(Closure))
#39 D:\\AWM\\Tabkhtnaa\\BackEnd\\Tabkhtnaa\\vendor\\laravel\\framework\\src\\Illuminate\\Http\\Middleware\\TrustProxies.php(39): Illuminate\\Pipeline\\Pipeline->Illuminate\\Pipeline\\{closure}(Object(Illuminate\\Http\\Request))
#40 D:\\AWM\\Tabkhtnaa\\BackEnd\\Tabkhtnaa\\vendor\\laravel\\framework\\src\\Illuminate\\Pipeline\\Pipeline.php(180): Illuminate\\Http\\Middleware\\TrustProxies->handle(Object(Illuminate\\Http\\Request), Object(Closure))
#41 D:\\AWM\\Tabkhtnaa\\BackEnd\\Tabkhtnaa\\vendor\\laravel\\framework\\src\\Illuminate\\Pipeline\\Pipeline.php(116): Illuminate\\Pipeline\\Pipeline->Illuminate\\Pipeline\\{closure}(Object(Illuminate\\Http\\Request))
#42 D:\\AWM\\Tabkhtnaa\\BackEnd\\Tabkhtnaa\\vendor\\laravel\\framework\\src\\Illuminate\\Foundation\\Http\\Kernel.php(165): Illuminate\\Pipeline\\Pipeline->then(Object(Closure))
#43 D:\\AWM\\Tabkhtnaa\\BackEnd\\Tabkhtnaa\\vendor\\laravel\\framework\\src\\Illuminate\\Foundation\\Http\\Kernel.php(134): Illuminate\\Foundation\\Http\\Kernel->sendRequestThroughRouter(Object(Illuminate\\Http\\Request))
#44 D:\\AWM\\Tabkhtnaa\\BackEnd\\Tabkhtnaa\\public\\index.php(51): Illuminate\\Foundation\\Http\\Kernel->handle(Object(Illuminate\\Http\\Request))
#45 D:\\AWM\\Tabkhtnaa\\BackEnd\\Tabkhtnaa\\vendor\\laravel\\framework\\src\\Illuminate\\Foundation\\resources\\server.php(16): require_once('D:\\\\AWM\\\\Tabkhtna...')
#46 {main}
"} 
[2026-05-30 00:36:33] local.INFO: Broadcasting [chat] on channels [chat-channel.1] with payload:
{
    "conversation_id": 1,
    "user1_id": 9,
    "user2_id": 10,
    "order_id": 5,
    "messages": {
        "id": 3,
        "conversation_id": 1,
        "user_id": null,
        "message": "E2E test message",
        "created_at": "2026-05-30T00:36:30.000000Z",
        "updated_at": "2026-05-30T00:36:30.000000Z",
        "files": []
    },
    "conversation": {
        "id": 1,
        "user1_id": 9,
        "user2_id": 10,
        "user1_type": "client",
        "user2_type": "chef",
        "user1_deleted_at": null,
        "user2_deleted_at": null,
        "order_id": 5,
        "last_message_id": 3,
        "created_at": "2026-05-30T00:35:17.000000Z",
        "updated_at": "2026-05-30T00:36:30.000000Z"
    }
}  
[2026-05-30 00:36:33] local.ERROR: Attempt to read property "value" on null {"userId":12,"exception":"[object] (ErrorException(code: 0): Attempt to read property \"value\" on null at D:\\AWM\\Tabkhtnaa\\BackEnd\\Tabkhtnaa\\app\\Http\\Controllers\\api\\v1\\ComplaintController.php:28)
[stacktrace]
#0 D:\\AWM\\Tabkhtnaa\\BackEnd\\Tabkhtnaa\\vendor\\laravel\\framework\\src\\Illuminate\\Foundation\\Bootstrap\\HandleExceptions.php(270): Illuminate\\Foundation\\Bootstrap\\HandleExceptions->handleError(2, 'Attempt to read...', 'D:\\\\AWM\\\\Tabkhtna...', 28)
#1 D:\\AWM\\Tabkhtnaa\\BackEnd\\Tabkhtnaa\\app\\Http\\Controllers\\api\\v1\\ComplaintController.php(28): Illuminate\\Foundation\\Bootstrap\\HandleExceptions->Illuminate\\Foundation\\Bootstrap\\{closure}(2, 'Attempt to read...', 'D:\\\\AWM\\\\Tabkhtna...', 28)
#2 D:\\AWM\\Tabkhtnaa\\BackEnd\\Tabkhtnaa\\vendor\\laravel\\framework\\src\\Illuminate\\Routing\\Controller.php(54): App\\Http\\Controllers\\api\\v1\\ComplaintController->createComplaint(Object(App\\Http\\Requests\\api\\v1\\complaint\\CreateComplaintRequest))
#3 D:\\AWM\\Tabkhtnaa\\BackEnd\\Tabkhtnaa\\vendor\\laravel\\framework\\src\\Illuminate\\Routing\\ControllerDispatcher.php(43): Illuminate\\Routing\\Controller->callAction('createComplaint', Array)
#4 D:\\AWM\\Tabkhtnaa\\BackEnd\\Tabkhtnaa\\vendor\\laravel\\framework\\src\\Illuminate\\Routing\\Route.php(259): Illuminate\\Routing\\ControllerDispatcher->dispatch(Object(Illuminate\\Routing\\Route), Object(App\\Http\\Controllers\\api\\v1\\ComplaintController), 'createComplaint')
#5 D:\\AWM\\Tabkhtnaa\\BackEnd\\Tabkhtnaa\\vendor\\laravel\\framework\\src\\Illuminate\\Routing\\Route.php(205): Illuminate\\Routing\\Route->runController()
#6 D:\\AWM\\Tabkhtnaa\\BackEnd\\Tabkhtnaa\\vendor\\laravel\\framework\\src\\Illuminate\\Routing\\Router.php(798): Illuminate\\Routing\\Route->run()
#7 D:\\AWM\\Tabkhtnaa\\BackEnd\\Tabkhtnaa\\vendor\\laravel\\framework\\src\\Illuminate\\Pipeline\\Pipeline.php(141): Illuminate\\Routing\\Router->Illuminate\\Routing\\{closure}(Object(Illuminate\\Http\\Request))
#8 D:\\AWM\\Tabkhtnaa\\BackEnd\\Tabkhtnaa\\app\\Http\\Middleware\\setLangMiddleware.php(21): Illuminate\\Pipeline\\Pipeline->Illuminate\\Pipeline\\{closure}(Object(Illuminate\\Http\\Request))
#9 D:\\AWM\\Tabkhtnaa\\BackEnd\\Tabkhtnaa\\vendor\\laravel\\framework\\src\\Illuminate\\Pipeline\\Pipeline.php(180): App\\Http\\Middleware\\setLangMiddleware->handle(Object(Illuminate\\Http\\Request), Object(Closure))
#10 D:\\AWM\\Tabkhtnaa\\BackEnd\\Tabkhtnaa\\vendor\\laravel\\framework\\src\\Illuminate\\Routing\\Middleware\\SubstituteBindings.php(50): Illuminate\\Pipeline\\Pipeline->Illuminate\\Pipeline\\{closure}(Object(Illuminate\\Http\\Request))
#11 D:\\AWM\\Tabkhtnaa\\BackEnd\\Tabkhtnaa\\vendor\\laravel\\framework\\src\\Illuminate\\Pipeline\\Pipeline.php(180): Illuminate\\Routing\\Middleware\\SubstituteBindings->handle(Object(Illuminate\\Http\\Request), Object(Closure))
#12 D:\\AWM\\Tabkhtnaa\\BackEnd\\Tabkhtnaa\\vendor\\laravel\\framework\\src\\Illuminate\\Routing\\Middleware\\ThrottleRequests.php(126): Illuminate\\Pipeline\\Pipeline->Illuminate\\Pipeline\\{closure}(Object(Illuminate\\Http\\Request))
#13 D:\\AWM\\Tabkhtnaa\\BackEnd\\Tabkhtnaa\\vendor\\laravel\\framework\\src\\Illuminate\\Routing\\Middleware\\ThrottleRequests.php(92): Illuminate\\Routing\\Middleware\\ThrottleRequests->handleRequest(Object(Illuminate\\Http\\Request), Object(Closure), Array)
#14 D:\\AWM\\Tabkhtnaa\\BackEnd\\Tabkhtnaa\\vendor\\laravel\\framework\\src\\Illuminate\\Routing\\Middleware\\ThrottleRequests.php(54): Illuminate\\Routing\\Middleware\\ThrottleRequests->handleRequestUsingNamedLimiter(Object(Illuminate\\Http\\Request), Object(Closure), 'api', Object(Closure))
#15 D:\\AWM\\Tabkhtnaa\\BackEnd\\Tabkhtnaa\\vendor\\laravel\\framework\\src\\Illuminate\\Pipeline\\Pipeline.php(180): Illuminate\\Routing\\Middleware\\ThrottleRequests->handle(Object(Illuminate\\Http\\Request), Object(Closure), 'api')
#16 D:\\AWM\\Tabkhtnaa\\BackEnd\\Tabkhtnaa\\vendor\\laravel\\framework\\src\\Illuminate\\Auth\\Middleware\\Authenticate.php(44): Illuminate\\Pipeline\\Pipeline->Illuminate\\Pipeline\\{closure}(Object(Illuminate\\Http\\Request))
#17 D:\\AWM\\Tabkhtnaa\\BackEnd\\Tabkhtnaa\\vendor\\laravel\\framework\\src\\Illuminate\\Pipeline\\Pipeline.php(180): Illuminate\\Auth\\Middleware\\Authenticate->handle(Object(Illuminate\\Http\\Request), Object(Closure), 'sanctum')
#18 D:\\AWM\\Tabkhtnaa\\BackEnd\\Tabkhtnaa\\vendor\\laravel\\framework\\src\\Illuminate\\Pipeline\\Pipeline.php(116): Illuminate\\Pipeline\\Pipeline->Illuminate\\Pipeline\\{closure}(Object(Illuminate\\Http\\Request))
#19 D:\\AWM\\Tabkhtnaa\\BackEnd\\Tabkhtnaa\\vendor\\laravel\\framework\\src\\Illuminate\\Routing\\Router.php(797): Illuminate\\Pipeline\\Pipeline->then(Object(Closure))
#20 D:\\AWM\\Tabkhtnaa\\BackEnd\\Tabkhtnaa\\vendor\\laravel\\framework\\src\\Illuminate\\Routing\\Router.php(776): Illuminate\\Routing\\Router->runRouteWithinStack(Object(Illuminate\\Routing\\Route), Object(Illuminate\\Http\\Request))
#21 D:\\AWM\\Tabkhtnaa\\BackEnd\\Tabkhtnaa\\vendor\\laravel\\framework\\src\\Illuminate\\Routing\\Router.php(740): Illuminate\\Routing\\Router->runRoute(Object(Illuminate\\Http\\Request), Object(Illuminate\\Routing\\Route))
#22 D:\\AWM\\Tabkhtnaa\\BackEnd\\Tabkhtnaa\\vendor\\laravel\\framework\\src\\Illuminate\\Routing\\Router.php(729): Illuminate\\Routing\\Router->dispatchToRoute(Object(Illuminate\\Http\\Request))
#23 D:\\AWM\\Tabkhtnaa\\BackEnd\\Tabkhtnaa\\vendor\\laravel\\framework\\src\\Illuminate\\Foundation\\Http\\Kernel.php(190): Illuminate\\Routing\\Router->dispatch(Object(Illuminate\\Http\\Request))
#24 D:\\AWM\\Tabkhtnaa\\BackEnd\\Tabkhtnaa\\vendor\\laravel\\framework\\src\\Illuminate\\Pipeline\\Pipeline.php(141): Illuminate\\Foundation\\Http\\Kernel->Illuminate\\Foundation\\Http\\{closure}(Object(Illuminate\\Http\\Request))
#25 D:\\AWM\\Tabkhtnaa\\BackEnd\\Tabkhtnaa\\vendor\\barryvdh\\laravel-debugbar\\src\\Middleware\\InjectDebugbar.php(66): Illuminate\\Pipeline\\Pipeline->Illuminate\\Pipeline\\{closure}(Object(Illuminate\\Http\\Request))
#26 D:\\AWM\\Tabkhtnaa\\BackEnd\\Tabkhtnaa\\vendor\\laravel\\framework\\src\\Illuminate\\Pipeline\\Pipeline.php(180): Barryvdh\\Debugbar\\Middleware\\InjectDebugbar->handle(Object(Illuminate\\Http\\Request), Object(Closure))
#27 D:\\AWM\\Tabkhtnaa\\BackEnd\\Tabkhtnaa\\vendor\\laravel\\framework\\src\\Illuminate\\Foundation\\Http\\Middleware\\TransformsRequest.php(21): Illuminate\\Pipeline\\Pipeline->Illuminate\\Pipeline\\{closure}(Object(Illuminate\\Http\\Request))
#28 D:\\AWM\\Tabkhtnaa\\BackEnd\\Tabkhtnaa\\vendor\\laravel\\framework\\src\\Illuminate\\Foundation\\Http\\Middleware\\ConvertEmptyStringsToNull.php(31): Illuminate\\Foundation\\Http\\Middleware\\TransformsRequest->handle(Object(Illuminate\\Http\\Request), Object(Closure))
#29 D:\\AWM\\Tabkhtnaa\\BackEnd\\Tabkhtnaa\\vendor\\laravel\\framework\\src\\Illuminate\\Pipeline\\Pipeline.php(180): Illuminate\\Foundation\\Http\\Middleware\\ConvertEmptyStringsToNull->handle(Object(Illuminate\\Http\\Request), Object(Closure))
#30 D:\\AWM\\Tabkhtnaa\\BackEnd\\Tabkhtnaa\\vendor\\laravel\\framework\\src\\Illuminate\\Foundation\\Http\\Middleware\\TransformsRequest.php(21): Illuminate\\Pipeline\\Pipeline->Illuminate\\Pipeline\\{closure}(Object(Illuminate\\Http\\Request))
#31 D:\\AWM\\Tabkhtnaa\\BackEnd\\Tabkhtnaa\\vendor\\laravel\\framework\\src\\Illuminate\\Foundation\\Http\\Middleware\\TrimStrings.php(40): Illuminate\\Foundation\\Http\\Middleware\\TransformsRequest->handle(Object(Illuminate\\Http\\Request), Object(Closure))
#32 D:\\AWM\\Tabkhtnaa\\BackEnd\\Tabkhtnaa\\vendor\\laravel\\framework\\src\\Illuminate\\Pipeline\\Pipeline.php(180): Illuminate\\Foundation\\Http\\Middleware\\TrimStrings->handle(Object(Illuminate\\Http\\Request), Object(Closure))
#33 D:\\AWM\\Tabkhtnaa\\BackEnd\\Tabkhtnaa\\vendor\\laravel\\framework\\src\\Illuminate\\Foundation\\Http\\Middleware\\ValidatePostSize.php(27): Illuminate\\Pipeline\\Pipeline->Illuminate\\Pipeline\\{closure}(Object(Illuminate\\Http\\Request))
#34 D:\\AWM\\Tabkhtnaa\\BackEnd\\Tabkhtnaa\\vendor\\laravel\\framework\\src\\Illuminate\\Pipeline\\Pipeline.php(180): Illuminate\\Foundation\\Http\\Middleware\\ValidatePostSize->handle(Object(Illuminate\\Http\\Request), Object(Closure))
#35 D:\\AWM\\Tabkhtnaa\\BackEnd\\Tabkhtnaa\\vendor\\laravel\\framework\\src\\Illuminate\\Foundation\\Http\\Middleware\\PreventRequestsDuringMaintenance.php(86): Illuminate\\Pipeline\\Pipeline->Illuminate\\Pipeline\\{closure}(Object(Illuminate\\Http\\Request))
#36 D:\\AWM\\Tabkhtnaa\\BackEnd\\Tabkhtnaa\\vendor\\laravel\\framework\\src\\Illuminate\\Pipeline\\Pipeline.php(180): Illuminate\\Foundation\\Http\\Middleware\\PreventRequestsDuringMaintenance->handle(Object(Illuminate\\Http\\Request), Object(Closure))
#37 D:\\AWM\\Tabkhtnaa\\BackEnd\\Tabkhtnaa\\vendor\\laravel\\framework\\src\\Illuminate\\Http\\Middleware\\HandleCors.php(62): Illuminate\\Pipeline\\Pipeline->Illuminate\\Pipeline\\{closure}(Object(Illuminate\\Http\\Request))
#38 D:\\AWM\\Tabkhtnaa\\BackEnd\\Tabkhtnaa\\vendor\\laravel\\framework\\src\\Illuminate\\Pipeline\\Pipeline.php(180): Illuminate\\Http\\Middleware\\HandleCors->handle(Object(Illuminate\\Http\\Request), Object(Closure))
#39 D:\\AWM\\Tabkhtnaa\\BackEnd\\Tabkhtnaa\\vendor\\laravel\\framework\\src\\Illuminate\\Http\\Middleware\\TrustProxies.php(39): Illuminate\\Pipeline\\Pipeline->Illuminate\\Pipeline\\{closure}(Object(Illuminate\\Http\\Request))
#40 D:\\AWM\\Tabkhtnaa\\BackEnd\\Tabkhtnaa\\vendor\\laravel\\framework\\src\\Illuminate\\Pipeline\\Pipeline.php(180): Illuminate\\Http\\Middleware\\TrustProxies->handle(Object(Illuminate\\Http\\Request), Object(Closure))
#41 D:\\AWM\\Tabkhtnaa\\BackEnd\\Tabkhtnaa\\vendor\\laravel\\framework\\src\\Illuminate\\Pipeline\\Pipeline.php(116): Illuminate\\Pipeline\\Pipeline->Illuminate\\Pipeline\\{closure}(Object(Illuminate\\Http\\Request))
#42 D:\\AWM\\Tabkhtnaa\\BackEnd\\Tabkhtnaa\\vendor\\laravel\\framework\\src\\Illuminate\\Foundation\\Http\\Kernel.php(165): Illuminate\\Pipeline\\Pipeline->then(Object(Closure))
#43 D:\\AWM\\Tabkhtnaa\\BackEnd\\Tabkhtnaa\\vendor\\laravel\\framework\\src\\Illuminate\\Foundation\\Http\\Kernel.php(134): Illuminate\\Foundation\\Http\\Kernel->sendRequestThroughRouter(Object(Illuminate\\Http\\Request))
#44 D:\\AWM\\Tabkhtnaa\\BackEnd\\Tabkhtnaa\\public\\index.php(51): Illuminate\\Foundation\\Http\\Kernel->handle(Object(Illuminate\\Http\\Request))
#45 D:\\AWM\\Tabkhtnaa\\BackEnd\\Tabkhtnaa\\vendor\\laravel\\framework\\src\\Illuminate\\Foundation\\resources\\server.php(16): require_once('D:\\\\AWM\\\\Tabkhtna...')
#46 {main}
"} 
[2026-05-30 00:50:14] local.ERROR: Attempt to read property "value" on null {"userId":1,"exception":"[object] (ErrorException(code: 0): Attempt to read property \"value\" on null at D:\\AWM\\Tabkhtnaa\\BackEnd\\Tabkhtnaa\\app\\Http\\Controllers\\api\\v1\\ComplaintController.php:28)
[stacktrace]
#0 D:\\AWM\\Tabkhtnaa\\BackEnd\\Tabkhtnaa\\vendor\\laravel\\framework\\src\\Illuminate\\Foundation\\Bootstrap\\HandleExceptions.php(270): Illuminate\\Foundation\\Bootstrap\\HandleExceptions->handleError(2, 'Attempt to read...', 'D:\\\\AWM\\\\Tabkhtna...', 28)
#1 D:\\AWM\\Tabkhtnaa\\BackEnd\\Tabkhtnaa\\app\\Http\\Controllers\\api\\v1\\ComplaintController.php(28): Illuminate\\Foundation\\Bootstrap\\HandleExceptions->Illuminate\\Foundation\\Bootstrap\\{closure}(2, 'Attempt to read...', 'D:\\\\AWM\\\\Tabkhtna...', 28)
#2 D:\\AWM\\Tabkhtnaa\\BackEnd\\Tabkhtnaa\\vendor\\laravel\\framework\\src\\Illuminate\\Routing\\Controller.php(54): App\\Http\\Controllers\\api\\v1\\ComplaintController->createComplaint(Object(App\\Http\\Requests\\api\\v1\\complaint\\CreateComplaintRequest))
#3 D:\\AWM\\Tabkhtnaa\\BackEnd\\Tabkhtnaa\\vendor\\laravel\\framework\\src\\Illuminate\\Routing\\ControllerDispatcher.php(43): Illuminate\\Routing\\Controller->callAction('createComplaint', Array)
#4 D:\\AWM\\Tabkhtnaa\\BackEnd\\Tabkhtnaa\\vendor\\laravel\\framework\\src\\Illuminate\\Routing\\Route.php(259): Illuminate\\Routing\\ControllerDispatcher->dispatch(Object(Illuminate\\Routing\\Route), Object(App\\Http\\Controllers\\api\\v1\\ComplaintController), 'createComplaint')
#5 D:\\AWM\\Tabkhtnaa\\BackEnd\\Tabkhtnaa\\vendor\\laravel\\framework\\src\\Illuminate\\Routing\\Route.php(205): Illuminate\\Routing\\Route->runController()
#6 D:\\AWM\\Tabkhtnaa\\BackEnd\\Tabkhtnaa\\vendor\\laravel\\framework\\src\\Illuminate\\Routing\\Router.php(798): Illuminate\\Routing\\Route->run()
#7 D:\\AWM\\Tabkhtnaa\\BackEnd\\Tabkhtnaa\\vendor\\laravel\\framework\\src\\Illuminate\\Pipeline\\Pipeline.php(141): Illuminate\\Routing\\Router->Illuminate\\Routing\\{closure}(Object(Illuminate\\Http\\Request))
#8 D:\\AWM\\Tabkhtnaa\\BackEnd\\Tabkhtnaa\\app\\Http\\Middleware\\setLangMiddleware.php(21): Illuminate\\Pipeline\\Pipeline->Illuminate\\Pipeline\\{closure}(Object(Illuminate\\Http\\Request))
#9 D:\\AWM\\Tabkhtnaa\\BackEnd\\Tabkhtnaa\\vendor\\laravel\\framework\\src\\Illuminate\\Pipeline\\Pipeline.php(180): App\\Http\\Middleware\\setLangMiddleware->handle(Object(Illuminate\\Http\\Request), Object(Closure))
#10 D:\\AWM\\Tabkhtnaa\\BackEnd\\Tabkhtnaa\\vendor\\laravel\\framework\\src\\Illuminate\\Routing\\Middleware\\SubstituteBindings.php(50): Illuminate\\Pipeline\\Pipeline->Illuminate\\Pipeline\\{closure}(Object(Illuminate\\Http\\Request))
#11 D:\\AWM\\Tabkhtnaa\\BackEnd\\Tabkhtnaa\\vendor\\laravel\\framework\\src\\Illuminate\\Pipeline\\Pipeline.php(180): Illuminate\\Routing\\Middleware\\SubstituteBindings->handle(Object(Illuminate\\Http\\Request), Object(Closure))
#12 D:\\AWM\\Tabkhtnaa\\BackEnd\\Tabkhtnaa\\vendor\\laravel\\framework\\src\\Illuminate\\Routing\\Middleware\\ThrottleRequests.php(126): Illuminate\\Pipeline\\Pipeline->Illuminate\\Pipeline\\{closure}(Object(Illuminate\\Http\\Request))
#13 D:\\AWM\\Tabkhtnaa\\BackEnd\\Tabkhtnaa\\vendor\\laravel\\framework\\src\\Illuminate\\Routing\\Middleware\\ThrottleRequests.php(92): Illuminate\\Routing\\Middleware\\ThrottleRequests->handleRequest(Object(Illuminate\\Http\\Request), Object(Closure), Array)
#14 D:\\AWM\\Tabkhtnaa\\BackEnd\\Tabkhtnaa\\vendor\\laravel\\framework\\src\\Illuminate\\Routing\\Middleware\\ThrottleRequests.php(54): Illuminate\\Routing\\Middleware\\ThrottleRequests->handleRequestUsingNamedLimiter(Object(Illuminate\\Http\\Request), Object(Closure), 'api', Object(Closure))
#15 D:\\AWM\\Tabkhtnaa\\BackEnd\\Tabkhtnaa\\vendor\\laravel\\framework\\src\\Illuminate\\Pipeline\\Pipeline.php(180): Illuminate\\Routing\\Middleware\\ThrottleRequests->handle(Object(Illuminate\\Http\\Request), Object(Closure), 'api')
#16 D:\\AWM\\Tabkhtnaa\\BackEnd\\Tabkhtnaa\\vendor\\laravel\\framework\\src\\Illuminate\\Auth\\Middleware\\Authenticate.php(44): Illuminate\\Pipeline\\Pipeline->Illuminate\\Pipeline\\{closure}(Object(Illuminate\\Http\\Request))
#17 D:\\AWM\\Tabkhtnaa\\BackEnd\\Tabkhtnaa\\vendor\\laravel\\framework\\src\\Illuminate\\Pipeline\\Pipeline.php(180): Illuminate\\Auth\\Middleware\\Authenticate->handle(Object(Illuminate\\Http\\Request), Object(Closure), 'sanctum')
#18 D:\\AWM\\Tabkhtnaa\\BackEnd\\Tabkhtnaa\\vendor\\laravel\\framework\\src\\Illuminate\\Pipeline\\Pipeline.php(116): Illuminate\\Pipeline\\Pipeline->Illuminate\\Pipeline\\{closure}(Object(Illuminate\\Http\\Request))
#19 D:\\AWM\\Tabkhtnaa\\BackEnd\\Tabkhtnaa\\vendor\\laravel\\framework\\src\\Illuminate\\Routing\\Router.php(797): Illuminate\\Pipeline\\Pipeline->then(Object(Closure))
#20 D:\\AWM\\Tabkhtnaa\\BackEnd\\Tabkhtnaa\\vendor\\laravel\\framework\\src\\Illuminate\\Routing\\Router.php(776): Illuminate\\Routing\\Router->runRouteWithinStack(Object(Illuminate\\Routing\\Route), Object(Illuminate\\Http\\Request))
#21 D:\\AWM\\Tabkhtnaa\\BackEnd\\Tabkhtnaa\\vendor\\laravel\\framework\\src\\Illuminate\\Routing\\Router.php(740): Illuminate\\Routing\\Router->runRoute(Object(Illuminate\\Http\\Request), Object(Illuminate\\Routing\\Route))
#22 D:\\AWM\\Tabkhtnaa\\BackEnd\\Tabkhtnaa\\vendor\\laravel\\framework\\src\\Illuminate\\Routing\\Router.php(729): Illuminate\\Routing\\Router->dispatchToRoute(Object(Illuminate\\Http\\Request))
#23 D:\\AWM\\Tabkhtnaa\\BackEnd\\Tabkhtnaa\\vendor\\laravel\\framework\\src\\Illuminate\\Foundation\\Http\\Kernel.php(190): Illuminate\\Routing\\Router->dispatch(Object(Illuminate\\Http\\Request))
#24 D:\\AWM\\Tabkhtnaa\\BackEnd\\Tabkhtnaa\\vendor\\laravel\\framework\\src\\Illuminate\\Pipeline\\Pipeline.php(141): Illuminate\\Foundation\\Http\\Kernel->Illuminate\\Foundation\\Http\\{closure}(Object(Illuminate\\Http\\Request))
#25 D:\\AWM\\Tabkhtnaa\\BackEnd\\Tabkhtnaa\\vendor\\barryvdh\\laravel-debugbar\\src\\Middleware\\InjectDebugbar.php(66): Illuminate\\Pipeline\\Pipeline->Illuminate\\Pipeline\\{closure}(Object(Illuminate\\Http\\Request))
#26 D:\\AWM\\Tabkhtnaa\\BackEnd\\Tabkhtnaa\\vendor\\laravel\\framework\\src\\Illuminate\\Pipeline\\Pipeline.php(180): Barryvdh\\Debugbar\\Middleware\\InjectDebugbar->handle(Object(Illuminate\\Http\\Request), Object(Closure))
#27 D:\\AWM\\Tabkhtnaa\\BackEnd\\Tabkhtnaa\\vendor\\laravel\\framework\\src\\Illuminate\\Foundation\\Http\\Middleware\\TransformsRequest.php(21): Illuminate\\Pipeline\\Pipeline->Illuminate\\Pipeline\\{closure}(Object(Illuminate\\Http\\Request))
#28 D:\\AWM\\Tabkhtnaa\\BackEnd\\Tabkhtnaa\\vendor\\laravel\\framework\\src\\Illuminate\\Foundation\\Http\\Middleware\\ConvertEmptyStringsToNull.php(31): Illuminate\\Foundation\\Http\\Middleware\\TransformsRequest->handle(Object(Illuminate\\Http\\Request), Object(Closure))
#29 D:\\AWM\\Tabkhtnaa\\BackEnd\\Tabkhtnaa\\vendor\\laravel\\framework\\src\\Illuminate\\Pipeline\\Pipeline.php(180): Illuminate\\Foundation\\Http\\Middleware\\ConvertEmptyStringsToNull->handle(Object(Illuminate\\Http\\Request), Object(Closure))
#30 D:\\AWM\\Tabkhtnaa\\BackEnd\\Tabkhtnaa\\vendor\\laravel\\framework\\src\\Illuminate\\Foundation\\Http\\Middleware\\TransformsRequest.php(21): Illuminate\\Pipeline\\Pipeline->Illuminate\\Pipeline\\{closure}(Object(Illuminate\\Http\\Request))
#31 D:\\AWM\\Tabkhtnaa\\BackEnd\\Tabkhtnaa\\vendor\\laravel\\framework\\src\\Illuminate\\Foundation\\Http\\Middleware\\TrimStrings.php(40): Illuminate\\Foundation\\Http\\Middleware\\TransformsRequest->handle(Object(Illuminate\\Http\\Request), Object(Closure))
#32 D:\\AWM\\Tabkhtnaa\\BackEnd\\Tabkhtnaa\\vendor\\laravel\\framework\\src\\Illuminate\\Pipeline\\Pipeline.php(180): Illuminate\\Foundation\\Http\\Middleware\\TrimStrings->handle(Object(Illuminate\\Http\\Request), Object(Closure))
#33 D:\\AWM\\Tabkhtnaa\\BackEnd\\Tabkhtnaa\\vendor\\laravel\\framework\\src\\Illuminate\\Foundation\\Http\\Middleware\\ValidatePostSize.php(27): Illuminate\\Pipeline\\Pipeline->Illuminate\\Pipeline\\{closure}(Object(Illuminate\\Http\\Request))
#34 D:\\AWM\\Tabkhtnaa\\BackEnd\\Tabkhtnaa\\vendor\\laravel\\framework\\src\\Illuminate\\Pipeline\\Pipeline.php(180): Illuminate\\Foundation\\Http\\Middleware\\ValidatePostSize->handle(Object(Illuminate\\Http\\Request), Object(Closure))
#35 D:\\AWM\\Tabkhtnaa\\BackEnd\\Tabkhtnaa\\vendor\\laravel\\framework\\src\\Illuminate\\Foundation\\Http\\Middleware\\PreventRequestsDuringMaintenance.php(86): Illuminate\\Pipeline\\Pipeline->Illuminate\\Pipeline\\{closure}(Object(Illuminate\\Http\\Request))
#36 D:\\AWM\\Tabkhtnaa\\BackEnd\\Tabkhtnaa\\vendor\\laravel\\framework\\src\\Illuminate\\Pipeline\\Pipeline.php(180): Illuminate\\Foundation\\Http\\Middleware\\PreventRequestsDuringMaintenance->handle(Object(Illuminate\\Http\\Request), Object(Closure))
#37 D:\\AWM\\Tabkhtnaa\\BackEnd\\Tabkhtnaa\\vendor\\laravel\\framework\\src\\Illuminate\\Http\\Middleware\\HandleCors.php(62): Illuminate\\Pipeline\\Pipeline->Illuminate\\Pipeline\\{closure}(Object(Illuminate\\Http\\Request))
#38 D:\\AWM\\Tabkhtnaa\\BackEnd\\Tabkhtnaa\\vendor\\laravel\\framework\\src\\Illuminate\\Pipeline\\Pipeline.php(180): Illuminate\\Http\\Middleware\\HandleCors->handle(Object(Illuminate\\Http\\Request), Object(Closure))
#39 D:\\AWM\\Tabkhtnaa\\BackEnd\\Tabkhtnaa\\vendor\\laravel\\framework\\src\\Illuminate\\Http\\Middleware\\TrustProxies.php(39): Illuminate\\Pipeline\\Pipeline->Illuminate\\Pipeline\\{closure}(Object(Illuminate\\Http\\Request))
#40 D:\\AWM\\Tabkhtnaa\\BackEnd\\Tabkhtnaa\\vendor\\laravel\\framework\\src\\Illuminate\\Pipeline\\Pipeline.php(180): Illuminate\\Http\\Middleware\\TrustProxies->handle(Object(Illuminate\\Http\\Request), Object(Closure))
#41 D:\\AWM\\Tabkhtnaa\\BackEnd\\Tabkhtnaa\\vendor\\laravel\\framework\\src\\Illuminate\\Pipeline\\Pipeline.php(116): Illuminate\\Pipeline\\Pipeline->Illuminate\\Pipeline\\{closure}(Object(Illuminate\\Http\\Request))
#42 D:\\AWM\\Tabkhtnaa\\BackEnd\\Tabkhtnaa\\vendor\\laravel\\framework\\src\\Illuminate\\Foundation\\Http\\Kernel.php(165): Illuminate\\Pipeline\\Pipeline->then(Object(Closure))
#43 D:\\AWM\\Tabkhtnaa\\BackEnd\\Tabkhtnaa\\vendor\\laravel\\framework\\src\\Illuminate\\Foundation\\Http\\Kernel.php(134): Illuminate\\Foundation\\Http\\Kernel->sendRequestThroughRouter(Object(Illuminate\\Http\\Request))
#44 D:\\AWM\\Tabkhtnaa\\BackEnd\\Tabkhtnaa\\public\\index.php(51): Illuminate\\Foundation\\Http\\Kernel->handle(Object(Illuminate\\Http\\Request))
#45 D:\\AWM\\Tabkhtnaa\\BackEnd\\Tabkhtnaa\\vendor\\laravel\\framework\\src\\Illuminate\\Foundation\\resources\\server.php(16): require_once('D:\\\\AWM\\\\Tabkhtna...')
#46 {main}
"} 
